<?xml version="1.0" encoding="UTF-8"?>
<testsuite xmlns:xsi="http://www.w3.org/2001/XMLSchema-instance" xsi:noNamespaceSchemaLocation="https://maven.apache.org/surefire/maven-surefire-plugin/xsd/surefire-test-report.xsd" name="comp4004.a1.CucumberRunnerTest" time="5.098" tests="1913" errors="0" skipped="0" failures="0">
  <properties>
[...]
</properties>
  <testcase name="Given &quot;C10 CJ CQ CK CA&quot; is a straight or better" classname="| C10 CJ CQ CK CA |" time="0"/>
  <testcase name="Then Improved AIP should be unchanged from the initial AIP" classname="| C10 CJ CQ CK CA |" time="0"/>
  <testcase name="| C10 CJ CQ CK CA |" classname="| C10 CJ CQ CK CA |" time="0"/>
  <testcase name="Given &quot;C4 C5 C6 C7 C8&quot; is a straight or better" classname="| C4 C5 C6 C7 C8 |" time="0"/>
  <testcase name="Then Improved AIP should be unchanged from the initial AIP" classname="| C4 C5 C6 C7 C8 |" time="0"/>
  <testcase name="| C4 C5 C6 C7 C8 |" classname="| C4 C5 C6 C7 C8 |" time="0"/>
  <testcase name="Given &quot;C2 H2 D2 S2 C5&quot; is a straight or better" classname="| C2 H2 D2 S2 C5 |" time="0"/>
  <testcase name="Then Improved AIP should be unchanged from the initial AIP" classname="| C2 H2 D2 S2 C5 |" time="0"/>
  <testcase name="| C2 H2 D2 S2 C5 |" classname="| C2 H2 D2 S2 C5 |" time="0"/>
  <testcase name="Given &quot;C2 H2 D2 S3 C3&quot; is a straight or better" classname="| C2 H2 D2 S3 C3 |" time="0"/>
  <testcase name="Then Improved AIP should be unchanged from the initial AIP" classname="| C2 H2 D2 S3 C3 |" time="0"/>
  <testcase name="| C2 H2 D2 S3 C3 |" classname="| C2 H2 D2 S3 C3 |" time="0.001"/>
  <testcase name="Given &quot;C3 C6 CA C10 CJ&quot; is a straight or better" classname="| C3 C6 CA C10 CJ |" time="0"/>
  <testcase name="Then Improved AIP should be unchanged from the initial AIP" classname="| C3 C6 CA C10 CJ |" time="0"/>
  <testcase name="| C3 C6 CA C10 CJ |" classname="| C3 C6 CA C10 CJ |" time="0"/>
  <testcase name="Given &quot;C2 S3 H4 D5 D6&quot; is a straight or better" classname="| C2 S3 H4 D5 D6 |" time="0"/>
  <testcase name="Then Improved AIP should be unchanged from the initial AIP" classname="| C2 S3 H4 D5 D6 |" time="0"/>
  <testcase name="| C2 S3 H4 D5 D6 |" classname="| C2 S3 H4 D5 D6 |" time="0"/>
  <testcase name="Given AIP has an initial hand of &quot;C10 CJ CQ CK H2&quot;" classname="| C10 CJ CQ CK H2 | C2 H3 D4 S5 C6 | CA |" time="0"/>
  <testcase name="And HTB has an initial hand of &quot;C2 H3 D4 S5 C6&quot;" classname="| C10 CJ CQ CK H2 | C2 H3 D4 S5 C6 | CA |" time="0"/>
  <testcase name="And AIP applies the improvement strategy with &quot;CA&quot;" classname="| C10 CJ CQ CK H2 | C2 H3 D4 S5 C6 | CA |" time="0"/>
  <testcase name="Then AIP should win against HTB" classname="| C10 CJ CQ CK H2 | C2 H3 D4 S5 C6 | CA |" time="0"/>
  <testcase name="| C10 CJ CQ CK H2 | C2 H3 D4 S5 C6 | CA |" classname="| C10 CJ CQ CK H2 | C2 H3 D4 S5 C6 | CA |" time="0"/>
  <testcase name="Given AIP has an initial hand of &quot;C3 C4 C5 C6 H10&quot;" classname="| C3 C4 C5 C6 H10 | C2 H3 D4 S5 C6 | C2 |" time="0"/>
  <testcase name="And HTB has an initial hand of &quot;C2 H3 D4 S5 C6&quot;" classname="| C3 C4 C5 C6 H10 | C2 H3 D4 S5 C6 | C2 |" time="0"/>
  <testcase name="And AIP applies the improvement strategy with &quot;C2&quot;" classname="| C3 C4 C5 C6 H10 | C2 H3 D4 S5 C6 | C2 |" time="0"/>
  <testcase name="Then AIP should win against HTB" classname="| C3 C4 C5 C6 H10 | C2 H3 D4 S5 C6 | C2 |" time="0"/>
  <testcase name="| C3 C4 C5 C6 H10 | C2 H3 D4 S5 C6 | C2 |" classname="| C3 C4 C5 C6 H10 | C2 H3 D4 S5 C6 | C2 |" time="0"/>
  <testcase name="Given AIP has an initial hand of &quot;C3 D3 S3 C4 C2&quot;" classname="| C3 D3 S3 C4 C2 | S2 S3 C4 S5 S6 | H2 |" time="0"/>
  <testcase name="And HTB has an initial hand of &quot;S2 S3 C4 S5 S6&quot;" classname="| C3 D3 S3 C4 C2 | S2 S3 C4 S5 S6 | H2 |" time="0"/>
  <testcase name="And AIP applies the improvement strategy with &quot;H2&quot;" classname="| C3 D3 S3 C4 C2 | S2 S3 C4 S5 S6 | H2 |" time="0"/>
  <testcase name="Then AIP should win against HTB" classname="| C3 D3 S3 C4 C2 | S2 S3 C4 S5 S6 | H2 |" time="0"/>
  <testcase name="| C3 D3 S3 C4 C2 | S2 S3 C4 S5 S6 | H2 |" classname="| C3 D3 S3 C4 C2 | S2 S3 C4 S5 S6 | H2 |" time="0"/>
  <testcase name="Given AIP has an initial hand of &quot;C3 D3 C4 D4 H8&quot;" classname="| C3 D3 C4 D4 H8 | S2 S3 C4 S5 S6 | H4 |" time="0"/>
  <testcase name="And HTB has an initial hand of &quot;S2 S3 C4 S5 S6&quot;" classname="| C3 D3 C4 D4 H8 | S2 S3 C4 S5 S6 | H4 |" time="0"/>
  <testcase name="And AIP applies the improvement strategy with &quot;H4&quot;" classname="| C3 D3 C4 D4 H8 | S2 S3 C4 S5 S6 | H4 |" time="0"/>
  <testcase name="Then AIP should win against HTB" classname="| C3 D3 C4 D4 H8 | S2 S3 C4 S5 S6 | H4 |" time="0"/>
  <testcase name="| C3 D3 C4 D4 H8 | S2 S3 C4 S5 S6 | H4 |" classname="| C3 D3 C4 D4 H8 | S2 S3 C4 S5 S6 | H4 |" time="0"/>
  <testcase name="Given AIP has an initial hand of &quot;C2 C4 C6 C8 H10&quot;" classname="| C2 C4 C6 C8 H10 | H2 D2 H3 D3 C5 | C10 |" time="0"/>
  <testcase name="And HTB has an initial hand of &quot;H2 D2 H3 D3 C5&quot;" classname="| C2 C4 C6 C8 H10 | H2 D2 H3 D3 C5 | C10 |" time="0"/>
  <testcase name="And AIP applies the improvement strategy with &quot;C10&quot;" classname="| C2 C4 C6 C8 H10 | H2 D2 H3 D3 C5 | C10 |" time="0"/>
  <testcase name="Then AIP should win against HTB" classname="| C2 C4 C6 C8 H10 | H2 D2 H3 D3 C5 | C10 |" time="0.001"/>
  <testcase name="| C2 C4 C6 C8 H10 | H2 D2 H3 D3 C5 | C10 |" classname="| C2 C4 C6 C8 H10 | H2 D2 H3 D3 C5 | C10 |" time="0.001"/>
  <testcase name="Given AIP has an initial hand of &quot;C2 D3 H4 S5 C10&quot;" classname="| C2 D3 H4 S5 C10 | H2 D2 H3 C3 DA | CA |" time="0"/>
  <testcase name="And HTB has an initial hand of &quot;H2 D2 H3 C3 DA&quot;" classname="| C2 D3 H4 S5 C10 | H2 D2 H3 C3 DA | CA |" time="0"/>
  <testcase name="And AIP applies the improvement strategy with &quot;CA&quot;" classname="| C2 D3 H4 S5 C10 | H2 D2 H3 C3 DA | CA |" time="0"/>
  <testcase name="Then AIP should win against HTB" classname="| C2 D3 H4 S5 C10 | H2 D2 H3 C3 DA | CA |" time="0.001"/>
  <testcase name="| C2 D3 H4 S5 C10 | H2 D2 H3 C3 DA | CA |" classname="| C2 D3 H4 S5 C10 | H2 D2 H3 C3 DA | CA |" time="0.001"/>
  <testcase name="Given AIP has an initial hand of &quot;C2 C5 C7 H10 D3&quot;" classname="| C2 C5 C7 H10 D3 | SA SK S2 C5 D8 | C10 CK |" time="0"/>
  <testcase name="And HTB has an initial hand of &quot;SA SK S2 C5 D8&quot;" classname="| C2 C5 C7 H10 D3 | SA SK S2 C5 D8 | C10 CK |" time="0"/>
  <testcase name="And AIP applies the improvement strategy with &quot;C10 CK&quot;" classname="| C2 C5 C7 H10 D3 | SA SK S2 C5 D8 | C10 CK |" time="0"/>
  <testcase name="Then AIP should win against HTB" classname="| C2 C5 C7 H10 D3 | SA SK S2 C5 D8 | C10 CK |" time="0"/>
  <testcase name="| C2 C5 C7 H10 D3 | SA SK S2 C5 D8 | C10 CK |" classname="| C2 C5 C7 H10 D3 | SA SK S2 C5 D8 | C10 CK |" time="0"/>
  <testcase name="Given AIP has an initial hand of &quot;C2 S3 H4 D10 SK&quot;" classname="| C2 S3 H4 D10 SK | SA HK D9 C4 S6 | DA C5 |" time="0"/>
  <testcase name="And HTB has an initial hand of &quot;SA HK D9 C4 S6&quot;" classname="| C2 S3 H4 D10 SK | SA HK D9 C4 S6 | DA C5 |" time="0"/>
  <testcase name="And AIP applies the improvement strategy with &quot;DA C5&quot;" classname="| C2 S3 H4 D10 SK | SA HK D9 C4 S6 | DA C5 |" time="0"/>
  <testcase name="Then AIP should win against HTB" classname="| C2 S3 H4 D10 SK | SA HK D9 C4 S6 | DA C5 |" time="0"/>
  <testcase name="| C2 S3 H4 D10 SK | SA HK D9 C4 S6 | DA C5 |" classname="| C2 S3 H4 D10 SK | SA HK D9 C4 S6 | DA C5 |" time="0"/>
  <testcase name="Given AIP has an initial hand of &quot;C2 S2 CK DJ HA&quot;" classname="| C2 S2 CK DJ HA | C5 S5 D2 D3 S6 | D7 C7 S3 |" time="0"/>
  <testcase name="And HTB has an initial hand of &quot;C5 S5 D2 D3 S6&quot;" classname="| C2 S2 CK DJ HA | C5 S5 D2 D3 S6 | D7 C7 S3 |" time="0"/>
  <testcase name="And AIP applies the improvement strategy with &quot;D7 C7 S3&quot;" classname="| C2 S2 CK DJ HA | C5 S5 D2 D3 S6 | D7 C7 S3 |" time="0"/>
  <testcase name="Then AIP should win against HTB" classname="| C2 S2 CK DJ HA | C5 S5 D2 D3 S6 | D7 C7 S3 |" time="0"/>
  <testcase name="| C2 S2 CK DJ HA | C5 S5 D2 D3 S6 | D7 C7 S3 |" classname="| C2 S2 CK DJ HA | C5 S5 D2 D3 S6 | D7 C7 S3 |" time="0"/>
  <testcase name="Given AIP has an initial hand of &quot;D2 CK D5 C6 S8&quot;" classname="| D2 CK D5 C6 S8 | SK D3 H5 S6 C8 | SA H7 D10 |" time="0"/>
  <testcase name="And HTB has an initial hand of &quot;SK D3 H5 S6 C8&quot;" classname="| D2 CK D5 C6 S8 | SK D3 H5 S6 C8 | SA H7 D10 |" time="0"/>
  <testcase name="And AIP applies the improvement strategy with &quot;SA H7 D10&quot;" classname="| D2 CK D5 C6 S8 | SK D3 H5 S6 C8 | SA H7 D10 |" time="0"/>
  <testcase name="Then AIP should win against HTB" classname="| D2 CK D5 C6 S8 | SK D3 H5 S6 C8 | SA H7 D10 |" time="0"/>
  <testcase name="| D2 CK D5 C6 S8 | SK D3 H5 S6 C8 | SA H7 D10 |" classname="| D2 CK D5 C6 S8 | SK D3 H5 S6 C8 | SA H7 D10 |" time="0"/>
  <testcase name="Given AIP has an initial hand of &quot;C10 CJ CQ CK H2&quot;" classname="| C10 CJ CQ CK H2 | C2 H3 D4 S5 C6 | D6 |" time="0"/>
  <testcase name="And HTB has an initial hand of &quot;C2 H3 D4 S5 C6&quot;" classname="| C10 CJ CQ CK H2 | C2 H3 D4 S5 C6 | D6 |" time="0"/>
  <testcase name="And AIP applies the improvement strategy with &quot;D6&quot;" classname="| C10 CJ CQ CK H2 | C2 H3 D4 S5 C6 | D6 |" time="0"/>
  <testcase name="Then AIP should lose against HTB" classname="| C10 CJ CQ CK H2 | C2 H3 D4 S5 C6 | D6 |" time="0"/>
  <testcase name="| C10 CJ CQ CK H2 | C2 H3 D4 S5 C6 | D6 |" classname="| C10 CJ CQ CK H2 | C2 H3 D4 S5 C6 | D6 |" time="0"/>
  <testcase name="Given AIP has an initial hand of &quot;C3 C4 C5 C6 H10&quot;" classname="| C3 C4 C5 C6 H10 | C2 H3 D4 S5 C6 | H5 |" time="0"/>
  <testcase name="And HTB has an initial hand of &quot;C2 H3 D4 S5 C6&quot;" classname="| C3 C4 C5 C6 H10 | C2 H3 D4 S5 C6 | H5 |" time="0"/>
  <testcase name="And AIP applies the improvement strategy with &quot;H5&quot;" classname="| C3 C4 C5 C6 H10 | C2 H3 D4 S5 C6 | H5 |" time="0"/>
  <testcase name="Then AIP should lose against HTB" classname="| C3 C4 C5 C6 H10 | C2 H3 D4 S5 C6 | H5 |" time="0"/>
  <testcase name="| C3 C4 C5 C6 H10 | C2 H3 D4 S5 C6 | H5 |" classname="| C3 C4 C5 C6 H10 | C2 H3 D4 S5 C6 | H5 |" time="0.001"/>
  <testcase name="Given AIP has an initial hand of &quot;C3 D3 S3 C4 C2&quot;" classname="| C3 D3 S3 C4 C2 | S2 S3 C4 S5 S6 | H8 |" time="0"/>
  <testcase name="And HTB has an initial hand of &quot;S2 S3 C4 S5 S6&quot;" classname="| C3 D3 S3 C4 C2 | S2 S3 C4 S5 S6 | H8 |" time="0"/>
  <testcase name="And AIP applies the improvement strategy with &quot;H8&quot;" classname="| C3 D3 S3 C4 C2 | S2 S3 C4 S5 S6 | H8 |" time="0"/>
  <testcase name="Then AIP should lose against HTB" classname="| C3 D3 S3 C4 C2 | S2 S3 C4 S5 S6 | H8 |" time="0"/>
  <testcase name="| C3 D3 S3 C4 C2 | S2 S3 C4 S5 S6 | H8 |" classname="| C3 D3 S3 C4 C2 | S2 S3 C4 S5 S6 | H8 |" time="0"/>
  <testcase name="Given AIP has an initial hand of &quot;C3 D3 C4 D4 H8&quot;" classname="| C3 D3 C4 D4 H8 | S2 S3 C4 S5 S6 | H8 H9 |" time="0"/>
  <testcase name="And HTB has an initial hand of &quot;S2 S3 C4 S5 S6&quot;" classname="| C3 D3 C4 D4 H8 | S2 S3 C4 S5 S6 | H8 H9 |" time="0"/>
  <testcase name="And AIP applies the improvement strategy with &quot;H8 H9&quot;" classname="| C3 D3 C4 D4 H8 | S2 S3 C4 S5 S6 | H8 H9 |" time="0"/>
  <testcase name="Then AIP should lose against HTB" classname="| C3 D3 C4 D4 H8 | S2 S3 C4 S5 S6 | H8 H9 |" time="0"/>
  <testcase name="| C3 D3 C4 D4 H8 | S2 S3 C4 S5 S6 | H8 H9 |" classname="| C3 D3 C4 D4 H8 | S2 S3 C4 S5 S6 | H8 H9 |" time="0.001"/>
  <testcase name="Given AIP has an initial hand of &quot;C2 C4 C6 C8 H10&quot;" classname="| C2 C4 C6 C8 H10 | H2 D2 H3 D3 C5 | D10 |" time="0"/>
  <testcase name="And HTB has an initial hand of &quot;H2 D2 H3 D3 C5&quot;" classname="| C2 C4 C6 C8 H10 | H2 D2 H3 D3 C5 | D10 |" time="0"/>
  <testcase name="And AIP applies the improvement strategy with &quot;D10&quot;" classname="| C2 C4 C6 C8 H10 | H2 D2 H3 D3 C5 | D10 |" time="0"/>
  <testcase name="Then AIP should lose against HTB" classname="| C2 C4 C6 C8 H10 | H2 D2 H3 D3 C5 | D10 |" time="0"/>
  <testcase name="| C2 C4 C6 C8 H10 | H2 D2 H3 D3 C5 | D10 |" classname="| C2 C4 C6 C8 H10 | H2 D2 H3 D3 C5 | D10 |" time="0"/>
  <testcase name="Given AIP has an initial hand of &quot;C2 D3 H4 S5 C10&quot;" classname="| C2 D3 H4 S5 C10 | H2 D2 H3 C3 DA | C7 |" time="0"/>
  <testcase name="And HTB has an initial hand of &quot;H2 D2 H3 C3 DA&quot;" classname="| C2 D3 H4 S5 C10 | H2 D2 H3 C3 DA | C7 |" time="0"/>
  <testcase name="And AIP applies the improvement strategy with &quot;C7&quot;" classname="| C2 D3 H4 S5 C10 | H2 D2 H3 C3 DA | C7 |" time="0"/>
  <testcase name="Then AIP should lose against HTB" classname="| C2 D3 H4 S5 C10 | H2 D2 H3 C3 DA | C7 |" time="0"/>
  <testcase name="| C2 D3 H4 S5 C10 | H2 D2 H3 C3 DA | C7 |" classname="| C2 D3 H4 S5 C10 | H2 D2 H3 C3 DA | C7 |" time="0"/>
  <testcase name="Given AIP has an initial hand of &quot;C2 C5 C7 H10 D3&quot;" classname="| C2 C5 C7 H10 D3 | SA SK S2 C5 D8 | HA SQ |" time="0"/>
  <testcase name="And HTB has an initial hand of &quot;SA SK S2 C5 D8&quot;" classname="| C2 C5 C7 H10 D3 | SA SK S2 C5 D8 | HA SQ |" time="0"/>
  <testcase name="And AIP applies the improvement strategy with &quot;HA SQ&quot;" classname="| C2 C5 C7 H10 D3 | SA SK S2 C5 D8 | HA SQ |" time="0.001"/>
  <testcase name="Then AIP should lose against HTB" classname="| C2 C5 C7 H10 D3 | SA SK S2 C5 D8 | HA SQ |" time="0"/>
  <testcase name="| C2 C5 C7 H10 D3 | SA SK S2 C5 D8 | HA SQ |" classname="| C2 C5 C7 H10 D3 | SA SK S2 C5 D8 | HA SQ |" time="0"/>
  <testcase name="Given AIP has an initial hand of &quot;C2 S3 H4 D10 SK&quot;" classname="| C2 S3 H4 D10 SK | SA HK D9 C4 S6 | D8 H6 |" time="0"/>
  <testcase name="And HTB has an initial hand of &quot;SA HK D9 C4 S6&quot;" classname="| C2 S3 H4 D10 SK | SA HK D9 C4 S6 | D8 H6 |" time="0"/>
  <testcase name="And AIP applies the improvement strategy with &quot;D8 H6&quot;" classname="| C2 S3 H4 D10 SK | SA HK D9 C4 S6 | D8 H6 |" time="0"/>
  <testcase name="Then AIP should lose against HTB" classname="| C2 S3 H4 D10 SK | SA HK D9 C4 S6 | D8 H6 |" time="0"/>
  <testcase name="| C2 S3 H4 D10 SK | SA HK D9 C4 S6 | D8 H6 |" classname="| C2 S3 H4 D10 SK | SA HK D9 C4 S6 | D8 H6 |" time="0"/>
  <testcase name="Given AIP has an initial hand of &quot;C2 S2 CK DJ HA&quot;" classname="| C2 S2 CK DJ HA | C5 S5 D2 D3 S6 | D7 C10 S3 |" time="0"/>
  <testcase name="And HTB has an initial hand of &quot;C5 S5 D2 D3 S6&quot;" classname="| C2 S2 CK DJ HA | C5 S5 D2 D3 S6 | D7 C10 S3 |" time="0"/>
  <testcase name="And AIP applies the improvement strategy with &quot;D7 C10 S3&quot;" classname="| C2 S2 CK DJ HA | C5 S5 D2 D3 S6 | D7 C10 S3 |" time="0"/>
  <testcase name="Then AIP should lose against HTB" classname="| C2 S2 CK DJ HA | C5 S5 D2 D3 S6 | D7 C10 S3 |" time="0"/>
  <testcase name="| C2 S2 CK DJ HA | C5 S5 D2 D3 S6 | D7 C10 S3 |" classname="| C2 S2 CK DJ HA | C5 S5 D2 D3 S6 | D7 C10 S3 |" time="0"/>
  <testcase name="Given AIP has an initial hand of &quot;D2 CK D5 C6 S8&quot;" classname="| D2 CK D5 C6 S8 | SK D3 H5 S6 C8 | SQ H7 D10 |" time="0"/>
  <testcase name="And HTB has an initial hand of &quot;SK D3 H5 S6 C8&quot;" classname="| D2 CK D5 C6 S8 | SK D3 H5 S6 C8 | SQ H7 D10 |" time="0"/>
  <testcase name="And AIP applies the improvement strategy with &quot;SQ H7 D10&quot;" classname="| D2 CK D5 C6 S8 | SK D3 H5 S6 C8 | SQ H7 D10 |" time="0"/>
  <testcase name="Then AIP should lose against HTB" classname="| D2 CK D5 C6 S8 | SK D3 H5 S6 C8 | SQ H7 D10 |" time="0"/>
  <testcase name="| D2 CK D5 C6 S8 | SK D3 H5 S6 C8 | SQ H7 D10 |" classname="| D2 CK D5 C6 S8 | SK D3 H5 S6 C8 | SQ H7 D10 |" time="0"/>
  <testcase name="Given A set of cards with &quot;S S S S S&quot; and &quot;10 J Q K A&quot;" classname="| S S S S S | 10 J Q K A |" time="0"/>
  <testcase name="Given A set of cards with &quot;S S S S S&quot; and &quot;10 J Q K A&quot;" classname="| S S S S S | 10 J Q K A |" time="0"/>
  <testcase name="Then the hand should be a royal flush in any order" classname="| S S S S S | 10 J Q K A |" time="0"/>
  <testcase name="| S S S S S | 10 J Q K A |" classname="| S S S S S | 10 J Q K A |" time="0"/>
  <testcase name="| S S S S S | 10 J Q K A |" classname="| S S S S S | 10 J Q K A |" time="0"/>
  <testcase name="Given A set of cards with &quot;C C C C C&quot; and &quot;10 J Q K A&quot;" classname="| C C C C C | 10 J Q K A |" time="0"/>
  <testcase name="Given A set of cards with &quot;C C C C C&quot; and &quot;10 J Q K A&quot;" classname="| C C C C C | 10 J Q K A |" time="0"/>
  <testcase name="Then the hand should be a royal flush in any order" classname="| C C C C C | 10 J Q K A |" time="0"/>
  <testcase name="| C C C C C | 10 J Q K A |" classname="| C C C C C | 10 J Q K A |" time="0"/>
  <testcase name="| C C C C C | 10 J Q K A |" classname="| C C C C C | 10 J Q K A |" time="0"/>
  <testcase name="Given A set of cards with &quot;H H H H H&quot; and &quot;10 J Q K A&quot;" classname="| H H H H H | 10 J Q K A |" time="0"/>
  <testcase name="Given A set of cards with &quot;H H H H H&quot; and &quot;10 J Q K A&quot;" classname="| H H H H H | 10 J Q K A |" time="0"/>
  <testcase name="Then the hand should be a royal flush in any order" classname="| H H H H H | 10 J Q K A |" time="0"/>
  <testcase name="| H H H H H | 10 J Q K A |" classname="| H H H H H | 10 J Q K A |" time="0"/>
  <testcase name="| H H H H H | 10 J Q K A |" classname="| H H H H H | 10 J Q K A |" time="0"/>
  <testcase name="Given A set of cards with &quot;D D D D D&quot; and &quot;10 J Q K A&quot;" classname="| D D D D D | 10 J Q K A |" time="0"/>
  <testcase name="Given A set of cards with &quot;D D D D D&quot; and &quot;10 J Q K A&quot;" classname="| D D D D D | 10 J Q K A |" time="0"/>
  <testcase name="Then the hand should be a royal flush in any order" classname="| D D D D D | 10 J Q K A |" time="0.001"/>
  <testcase name="| D D D D D | 10 J Q K A |" classname="| D D D D D | 10 J Q K A |" time="0.001"/>
  <testcase name="| D D D D D | 10 J Q K A |" classname="| D D D D D | 10 J Q K A |" time="0"/>
  <testcase name="Given A set of cards with &quot;S S S S S&quot; and &quot;J 10 Q K A&quot;" classname="| S S S S S | J 10 Q K A |" time="0"/>
  <testcase name="Then the hand should be a royal flush in any order" classname="| S S S S S | J 10 Q K A |" time="0"/>
  <testcase name="| S S S S S | J 10 Q K A |" classname="| S S S S S | J 10 Q K A |" time="0"/>
  <testcase name="Given A set of cards with &quot;S S S S S&quot; and &quot;Q 10 J K A&quot;" classname="| S S S S S | Q 10 J K A |" time="0"/>
  <testcase name="Then the hand should be a royal flush in any order" classname="| S S S S S | Q 10 J K A |" time="0"/>
  <testcase name="| S S S S S | Q 10 J K A |" classname="| S S S S S | Q 10 J K A |" time="0"/>
  <testcase name="Given A set of cards with &quot;S S S S S&quot; and &quot;10 Q J K A&quot;" classname="| S S S S S | 10 Q J K A |" time="0"/>
  <testcase name="Then the hand should be a royal flush in any order" classname="| S S S S S | 10 Q J K A |" time="0"/>
  <testcase name="| S S S S S | 10 Q J K A |" classname="| S S S S S | 10 Q J K A |" time="0"/>
  <testcase name="Given A set of cards with &quot;S S S S S&quot; and &quot;J Q 10 K A&quot;" classname="| S S S S S | J Q 10 K A |" time="0"/>
  <testcase name="Then the hand should be a royal flush in any order" classname="| S S S S S | J Q 10 K A |" time="0"/>
  <testcase name="| S S S S S | J Q 10 K A |" classname="| S S S S S | J Q 10 K A |" time="0"/>
  <testcase name="Given A set of cards with &quot;S S S S S&quot; and &quot;Q J 10 K A&quot;" classname="| S S S S S | Q J 10 K A |" time="0"/>
  <testcase name="Then the hand should be a royal flush in any order" classname="| S S S S S | Q J 10 K A |" time="0.001"/>
  <testcase name="| S S S S S | Q J 10 K A |" classname="| S S S S S | Q J 10 K A |" time="0.001"/>
  <testcase name="Given A set of cards with &quot;S S S S S&quot; and &quot;Q J K 10 A&quot;" classname="| S S S S S | Q J K 10 A |" time="0"/>
  <testcase name="Then the hand should be a royal flush in any order" classname="| S S S S S | Q J K 10 A |" time="0"/>
  <testcase name="| S S S S S | Q J K 10 A |" classname="| S S S S S | Q J K 10 A |" time="0"/>
  <testcase name="Given A set of cards with &quot;S S S S S&quot; and &quot;J Q K 10 A&quot;" classname="| S S S S S | J Q K 10 A |" time="0"/>
  <testcase name="Then the hand should be a royal flush in any order" classname="| S S S S S | J Q K 10 A |" time="0"/>
  <testcase name="| S S S S S | J Q K 10 A |" classname="| S S S S S | J Q K 10 A |" time="0"/>
  <testcase name="Given A set of cards with &quot;S S S S S&quot; and &quot;K Q J 10 A&quot;" classname="| S S S S S | K Q J 10 A |" time="0"/>
  <testcase name="Then the hand should be a royal flush in any order" classname="| S S S S S | K Q J 10 A |" time="0"/>
  <testcase name="| S S S S S | K Q J 10 A |" classname="| S S S S S | K Q J 10 A |" time="0"/>
  <testcase name="Given A set of cards with &quot;S S S S S&quot; and &quot;Q K J 10 A&quot;" classname="| S S S S S | Q K J 10 A |" time="0"/>
  <testcase name="Then the hand should be a royal flush in any order" classname="| S S S S S | Q K J 10 A |" time="0"/>
  <testcase name="| S S S S S | Q K J 10 A |" classname="| S S S S S | Q K J 10 A |" time="0.001"/>
  <testcase name="Given A set of cards with &quot;S S S S S&quot; and &quot;J K Q 10 A&quot;" classname="| S S S S S | J K Q 10 A |" time="0"/>
  <testcase name="Then the hand should be a royal flush in any order" classname="| S S S S S | J K Q 10 A |" time="0"/>
  <testcase name="| S S S S S | J K Q 10 A |" classname="| S S S S S | J K Q 10 A |" time="0"/>
  <testcase name="Given A set of cards with &quot;S S S S S&quot; and &quot;K J Q 10 A&quot;" classname="| S S S S S | K J Q 10 A |" time="0"/>
  <testcase name="Then the hand should be a royal flush in any order" classname="| S S S S S | K J Q 10 A |" time="0"/>
  <testcase name="| S S S S S | K J Q 10 A |" classname="| S S S S S | K J Q 10 A |" time="0"/>
  <testcase name="Given A set of cards with &quot;S S S S S&quot; and &quot;K 10 Q J A&quot;" classname="| S S S S S | K 10 Q J A |" time="0"/>
  <testcase name="Then the hand should be a royal flush in any order" classname="| S S S S S | K 10 Q J A |" time="0"/>
  <testcase name="| S S S S S | K 10 Q J A |" classname="| S S S S S | K 10 Q J A |" time="0"/>
  <testcase name="Given A set of cards with &quot;S S S S S&quot; and &quot;10 K Q J A&quot;" classname="| S S S S S | 10 K Q J A |" time="0"/>
  <testcase name="Then the hand should be a royal flush in any order" classname="| S S S S S | 10 K Q J A |" time="0"/>
  <testcase name="| S S S S S | 10 K Q J A |" classname="| S S S S S | 10 K Q J A |" time="0"/>
  <testcase name="Given A set of cards with &quot;S S S S S&quot; and &quot;Q K 10 J A&quot;" classname="| S S S S S | Q K 10 J A |" time="0"/>
  <testcase name="Then the hand should be a royal flush in any order" classname="| S S S S S | Q K 10 J A |" time="0"/>
  <testcase name="| S S S S S | Q K 10 J A |" classname="| S S S S S | Q K 10 J A |" time="0"/>
  <testcase name="Given A set of cards with &quot;S S S S S&quot; and &quot;K Q 10 J A&quot;" classname="| S S S S S | K Q 10 J A |" time="0"/>
  <testcase name="Then the hand should be a royal flush in any order" classname="| S S S S S | K Q 10 J A |" time="0"/>
  <testcase name="| S S S S S | K Q 10 J A |" classname="| S S S S S | K Q 10 J A |" time="0"/>
  <testcase name="Given A set of cards with &quot;S S S S S&quot; and &quot;10 Q K J A&quot;" classname="| S S S S S | 10 Q K J A |" time="0"/>
  <testcase name="Then the hand should be a royal flush in any order" classname="| S S S S S | 10 Q K J A |" time="0"/>
  <testcase name="| S S S S S | 10 Q K J A |" classname="| S S S S S | 10 Q K J A |" time="0"/>
  <testcase name="Given A set of cards with &quot;S S S S S&quot; and &quot;Q 10 K J A&quot;" classname="| S S S S S | Q 10 K J A |" time="0"/>
  <testcase name="Then the hand should be a royal flush in any order" classname="| S S S S S | Q 10 K J A |" time="0"/>
  <testcase name="| S S S S S | Q 10 K J A |" classname="| S S S S S | Q 10 K J A |" time="0"/>
  <testcase name="Given A set of cards with &quot;S S S S S&quot; and &quot;J 10 K Q A&quot;" classname="| S S S S S | J 10 K Q A |" time="0"/>
  <testcase name="Then the hand should be a royal flush in any order" classname="| S S S S S | J 10 K Q A |" time="0"/>
  <testcase name="| S S S S S | J 10 K Q A |" classname="| S S S S S | J 10 K Q A |" time="0"/>
  <testcase name="Given A set of cards with &quot;S S S S S&quot; and &quot;10 J K Q A&quot;" classname="| S S S S S | 10 J K Q A |" time="0"/>
  <testcase name="Then the hand should be a royal flush in any order" classname="| S S S S S | 10 J K Q A |" time="0"/>
  <testcase name="| S S S S S | 10 J K Q A |" classname="| S S S S S | 10 J K Q A |" time="0"/>
  <testcase name="Given A set of cards with &quot;S S S S S&quot; and &quot;K J 10 Q A&quot;" classname="| S S S S S | K J 10 Q A |" time="0"/>
  <testcase name="Then the hand should be a royal flush in any order" classname="| S S S S S | K J 10 Q A |" time="0"/>
  <testcase name="| S S S S S | K J 10 Q A |" classname="| S S S S S | K J 10 Q A |" time="0"/>
  <testcase name="Given A set of cards with &quot;S S S S S&quot; and &quot;J K 10 Q A&quot;" classname="| S S S S S | J K 10 Q A |" time="0"/>
  <testcase name="Then the hand should be a royal flush in any order" classname="| S S S S S | J K 10 Q A |" time="0"/>
  <testcase name="| S S S S S | J K 10 Q A |" classname="| S S S S S | J K 10 Q A |" time="0"/>
  <testcase name="Given A set of cards with &quot;S S S S S&quot; and &quot;10 K J Q A&quot;" classname="| S S S S S | 10 K J Q A |" time="0"/>
  <testcase name="Then the hand should be a royal flush in any order" classname="| S S S S S | 10 K J Q A |" time="0"/>
  <testcase name="| S S S S S | 10 K J Q A |" classname="| S S S S S | 10 K J Q A |" time="0"/>
  <testcase name="Given A set of cards with &quot;S S S S S&quot; and &quot;K 10 J Q A&quot;" classname="| S S S S S | K 10 J Q A |" time="0"/>
  <testcase name="Then the hand should be a royal flush in any order" classname="| S S S S S | K 10 J Q A |" time="0"/>
  <testcase name="| S S S S S | K 10 J Q A |" classname="| S S S S S | K 10 J Q A |" time="0"/>
  <testcase name="Given A set of cards with &quot;S S S S S&quot; and &quot;A 10 J Q K&quot;" classname="| S S S S S | A 10 J Q K |" time="0"/>
  <testcase name="Then the hand should be a royal flush in any order" classname="| S S S S S | A 10 J Q K |" time="0"/>
  <testcase name="| S S S S S | A 10 J Q K |" classname="| S S S S S | A 10 J Q K |" time="0"/>
  <testcase name="Given A set of cards with &quot;S S S S S&quot; and &quot;10 A J Q K&quot;" classname="| S S S S S | 10 A J Q K |" time="0"/>
  <testcase name="Then the hand should be a royal flush in any order" classname="| S S S S S | 10 A J Q K |" time="0"/>
  <testcase name="| S S S S S | 10 A J Q K |" classname="| S S S S S | 10 A J Q K |" time="0"/>
  <testcase name="Given A set of cards with &quot;S S S S S&quot; and &quot;J A 10 Q K&quot;" classname="| S S S S S | J A 10 Q K |" time="0"/>
  <testcase name="Then the hand should be a royal flush in any order" classname="| S S S S S | J A 10 Q K |" time="0"/>
  <testcase name="| S S S S S | J A 10 Q K |" classname="| S S S S S | J A 10 Q K |" time="0"/>
  <testcase name="Given A set of cards with &quot;S S S S S&quot; and &quot;A J 10 Q K&quot;" classname="| S S S S S | A J 10 Q K |" time="0"/>
  <testcase name="Then the hand should be a royal flush in any order" classname="| S S S S S | A J 10 Q K |" time="0"/>
  <testcase name="| S S S S S | A J 10 Q K |" classname="| S S S S S | A J 10 Q K |" time="0"/>
  <testcase name="Given A set of cards with &quot;S S S S S&quot; and &quot;10 J A Q K&quot;" classname="| S S S S S | 10 J A Q K |" time="0"/>
  <testcase name="Then the hand should be a royal flush in any order" classname="| S S S S S | 10 J A Q K |" time="0"/>
  <testcase name="| S S S S S | 10 J A Q K |" classname="| S S S S S | 10 J A Q K |" time="0"/>
  <testcase name="Given A set of cards with &quot;S S S S S&quot; and &quot;J 10 A Q K&quot;" classname="| S S S S S | J 10 A Q K |" time="0"/>
  <testcase name="Then the hand should be a royal flush in any order" classname="| S S S S S | J 10 A Q K |" time="0"/>
  <testcase name="| S S S S S | J 10 A Q K |" classname="| S S S S S | J 10 A Q K |" time="0"/>
  <testcase name="Given A set of cards with &quot;S S S S S&quot; and &quot;J 10 Q A K&quot;" classname="| S S S S S | J 10 Q A K |" time="0"/>
  <testcase name="Then the hand should be a royal flush in any order" classname="| S S S S S | J 10 Q A K |" time="0"/>
  <testcase name="| S S S S S | J 10 Q A K |" classname="| S S S S S | J 10 Q A K |" time="0"/>
  <testcase name="Given A set of cards with &quot;S S S S S&quot; and &quot;10 J Q A K&quot;" classname="| S S S S S | 10 J Q A K |" time="0"/>
  <testcase name="Then the hand should be a royal flush in any order" classname="| S S S S S | 10 J Q A K |" time="0"/>
  <testcase name="| S S S S S | 10 J Q A K |" classname="| S S S S S | 10 J Q A K |" time="0"/>
  <testcase name="Given A set of cards with &quot;S S S S S&quot; and &quot;Q J 10 A K&quot;" classname="| S S S S S | Q J 10 A K |" time="0"/>
  <testcase name="Then the hand should be a royal flush in any order" classname="| S S S S S | Q J 10 A K |" time="0"/>
  <testcase name="| S S S S S | Q J 10 A K |" classname="| S S S S S | Q J 10 A K |" time="0.001"/>
  <testcase name="Given A set of cards with &quot;S S S S S&quot; and &quot;J Q 10 A K&quot;" classname="| S S S S S | J Q 10 A K |" time="0"/>
  <testcase name="Then the hand should be a royal flush in any order" classname="| S S S S S | J Q 10 A K |" time="0"/>
  <testcase name="| S S S S S | J Q 10 A K |" classname="| S S S S S | J Q 10 A K |" time="0"/>
  <testcase name="Given A set of cards with &quot;S S S S S&quot; and &quot;10 Q J A K&quot;" classname="| S S S S S | 10 Q J A K |" time="0"/>
  <testcase name="Then the hand should be a royal flush in any order" classname="| S S S S S | 10 Q J A K |" time="0"/>
  <testcase name="| S S S S S | 10 Q J A K |" classname="| S S S S S | 10 Q J A K |" time="0"/>
  <testcase name="Given A set of cards with &quot;S S S S S&quot; and &quot;Q 10 J A K&quot;" classname="| S S S S S | Q 10 J A K |" time="0"/>
  <testcase name="Then the hand should be a royal flush in any order" classname="| S S S S S | Q 10 J A K |" time="0"/>
  <testcase name="| S S S S S | Q 10 J A K |" classname="| S S S S S | Q 10 J A K |" time="0"/>
  <testcase name="Given A set of cards with &quot;S S S S S&quot; and &quot;Q A J 10 K&quot;" classname="| S S S S S | Q A J 10 K |" time="0.001"/>
  <testcase name="Then the hand should be a royal flush in any order" classname="| S S S S S | Q A J 10 K |" time="0"/>
  <testcase name="| S S S S S | Q A J 10 K |" classname="| S S S S S | Q A J 10 K |" time="0"/>
  <testcase name="Given A set of cards with &quot;S S S S S&quot; and &quot;A Q J 10 K&quot;" classname="| S S S S S | A Q J 10 K |" time="0"/>
  <testcase name="Then the hand should be a royal flush in any order" classname="| S S S S S | A Q J 10 K |" time="0"/>
  <testcase name="| S S S S S | A Q J 10 K |" classname="| S S S S S | A Q J 10 K |" time="0"/>
  <testcase name="Given A set of cards with &quot;S S S S S&quot; and &quot;J Q A 10 K&quot;" classname="| S S S S S | J Q A 10 K |" time="0"/>
  <testcase name="Then the hand should be a royal flush in any order" classname="| S S S S S | J Q A 10 K |" time="0"/>
  <testcase name="| S S S S S | J Q A 10 K |" classname="| S S S S S | J Q A 10 K |" time="0"/>
  <testcase name="Given A set of cards with &quot;S S S S S&quot; and &quot;Q J A 10 K&quot;" classname="| S S S S S | Q J A 10 K |" time="0"/>
  <testcase name="Then the hand should be a royal flush in any order" classname="| S S S S S | Q J A 10 K |" time="0"/>
  <testcase name="| S S S S S | Q J A 10 K |" classname="| S S S S S | Q J A 10 K |" time="0"/>
  <testcase name="Given A set of cards with &quot;S S S S S&quot; and &quot;A J Q 10 K&quot;" classname="| S S S S S | A J Q 10 K |" time="0"/>
  <testcase name="Then the hand should be a royal flush in any order" classname="| S S S S S | A J Q 10 K |" time="0"/>
  <testcase name="| S S S S S | A J Q 10 K |" classname="| S S S S S | A J Q 10 K |" time="0"/>
  <testcase name="Given A set of cards with &quot;S S S S S&quot; and &quot;J A Q 10 K&quot;" classname="| S S S S S | J A Q 10 K |" time="0"/>
  <testcase name="Then the hand should be a royal flush in any order" classname="| S S S S S | J A Q 10 K |" time="0"/>
  <testcase name="| S S S S S | J A Q 10 K |" classname="| S S S S S | J A Q 10 K |" time="0"/>
  <testcase name="Given A set of cards with &quot;S S S S S&quot; and &quot;10 A Q J K&quot;" classname="| S S S S S | 10 A Q J K |" time="0"/>
  <testcase name="Then the hand should be a royal flush in any order" classname="| S S S S S | 10 A Q J K |" time="0"/>
  <testcase name="| S S S S S | 10 A Q J K |" classname="| S S S S S | 10 A Q J K |" time="0.001"/>
  <testcase name="Given A set of cards with &quot;S S S S S&quot; and &quot;A 10 Q J K&quot;" classname="| S S S S S | A 10 Q J K |" time="0"/>
  <testcase name="Then the hand should be a royal flush in any order" classname="| S S S S S | A 10 Q J K |" time="0"/>
  <testcase name="| S S S S S | A 10 Q J K |" classname="| S S S S S | A 10 Q J K |" time="0"/>
  <testcase name="Given A set of cards with &quot;S S S S S&quot; and &quot;Q 10 A J K&quot;" classname="| S S S S S | Q 10 A J K |" time="0"/>
  <testcase name="Then the hand should be a royal flush in any order" classname="| S S S S S | Q 10 A J K |" time="0"/>
  <testcase name="| S S S S S | Q 10 A J K |" classname="| S S S S S | Q 10 A J K |" time="0.001"/>
  <testcase name="Given A set of cards with &quot;S S S S S&quot; and &quot;10 Q A J K&quot;" classname="| S S S S S | 10 Q A J K |" time="0"/>
  <testcase name="Then the hand should be a royal flush in any order" classname="| S S S S S | 10 Q A J K |" time="0"/>
  <testcase name="| S S S S S | 10 Q A J K |" classname="| S S S S S | 10 Q A J K |" time="0"/>
  <testcase name="Given A set of cards with &quot;S S S S S&quot; and &quot;A Q 10 J K&quot;" classname="| S S S S S | A Q 10 J K |" time="0"/>
  <testcase name="Then the hand should be a royal flush in any order" classname="| S S S S S | A Q 10 J K |" time="0"/>
  <testcase name="| S S S S S | A Q 10 J K |" classname="| S S S S S | A Q 10 J K |" time="0"/>
  <testcase name="Given A set of cards with &quot;S S S S S&quot; and &quot;Q A 10 J K&quot;" classname="| S S S S S | Q A 10 J K |" time="0"/>
  <testcase name="Then the hand should be a royal flush in any order" classname="| S S S S S | Q A 10 J K |" time="0"/>
  <testcase name="| S S S S S | Q A 10 J K |" classname="| S S S S S | Q A 10 J K |" time="0"/>
  <testcase name="Given A set of cards with &quot;S S S S S&quot; and &quot;K A 10 J Q&quot;" classname="| S S S S S | K A 10 J Q |" time="0"/>
  <testcase name="Then the hand should be a royal flush in any order" classname="| S S S S S | K A 10 J Q |" time="0"/>
  <testcase name="| S S S S S | K A 10 J Q |" classname="| S S S S S | K A 10 J Q |" time="0"/>
  <testcase name="Given A set of cards with &quot;S S S S S&quot; and &quot;A K 10 J Q&quot;" classname="| S S S S S | A K 10 J Q |" time="0"/>
  <testcase name="Then the hand should be a royal flush in any order" classname="| S S S S S | A K 10 J Q |" time="0"/>
  <testcase name="| S S S S S | A K 10 J Q |" classname="| S S S S S | A K 10 J Q |" time="0"/>
  <testcase name="Given A set of cards with &quot;S S S S S&quot; and &quot;10 K A J Q&quot;" classname="| S S S S S | 10 K A J Q |" time="0"/>
  <testcase name="Then the hand should be a royal flush in any order" classname="| S S S S S | 10 K A J Q |" time="0"/>
  <testcase name="| S S S S S | 10 K A J Q |" classname="| S S S S S | 10 K A J Q |" time="0"/>
  <testcase name="Given A set of cards with &quot;S S S S S&quot; and &quot;K 10 A J Q&quot;" classname="| S S S S S | K 10 A J Q |" time="0"/>
  <testcase name="Then the hand should be a royal flush in any order" classname="| S S S S S | K 10 A J Q |" time="0"/>
  <testcase name="| S S S S S | K 10 A J Q |" classname="| S S S S S | K 10 A J Q |" time="0"/>
  <testcase name="Given A set of cards with &quot;S S S S S&quot; and &quot;A 10 K J Q&quot;" classname="| S S S S S | A 10 K J Q |" time="0"/>
  <testcase name="Then the hand should be a royal flush in any order" classname="| S S S S S | A 10 K J Q |" time="0"/>
  <testcase name="| S S S S S | A 10 K J Q |" classname="| S S S S S | A 10 K J Q |" time="0"/>
  <testcase name="Given A set of cards with &quot;S S S S S&quot; and &quot;10 A K J Q&quot;" classname="| S S S S S | 10 A K J Q |" time="0"/>
  <testcase name="Then the hand should be a royal flush in any order" classname="| S S S S S | 10 A K J Q |" time="0"/>
  <testcase name="| S S S S S | 10 A K J Q |" classname="| S S S S S | 10 A K J Q |" time="0"/>
  <testcase name="Given A set of cards with &quot;S S S S S&quot; and &quot;10 A J K Q&quot;" classname="| S S S S S | 10 A J K Q |" time="0"/>
  <testcase name="Then the hand should be a royal flush in any order" classname="| S S S S S | 10 A J K Q |" time="0"/>
  <testcase name="| S S S S S | 10 A J K Q |" classname="| S S S S S | 10 A J K Q |" time="0"/>
  <testcase name="Given A set of cards with &quot;S S S S S&quot; and &quot;A 10 J K Q&quot;" classname="| S S S S S | A 10 J K Q |" time="0"/>
  <testcase name="Then the hand should be a royal flush in any order" classname="| S S S S S | A 10 J K Q |" time="0"/>
  <testcase name="| S S S S S | A 10 J K Q |" classname="| S S S S S | A 10 J K Q |" time="0"/>
  <testcase name="Given A set of cards with &quot;S S S S S&quot; and &quot;J 10 A K Q&quot;" classname="| S S S S S | J 10 A K Q |" time="0"/>
  <testcase name="Then the hand should be a royal flush in any order" classname="| S S S S S | J 10 A K Q |" time="0"/>
  <testcase name="| S S S S S | J 10 A K Q |" classname="| S S S S S | J 10 A K Q |" time="0"/>
  <testcase name="Given A set of cards with &quot;S S S S S&quot; and &quot;10 J A K Q&quot;" classname="| S S S S S | 10 J A K Q |" time="0"/>
  <testcase name="Then the hand should be a royal flush in any order" classname="| S S S S S | 10 J A K Q |" time="0"/>
  <testcase name="| S S S S S | 10 J A K Q |" classname="| S S S S S | 10 J A K Q |" time="0"/>
  <testcase name="Given A set of cards with &quot;S S S S S&quot; and &quot;A J 10 K Q&quot;" classname="| S S S S S | A J 10 K Q |" time="0"/>
  <testcase name="Then the hand should be a royal flush in any order" classname="| S S S S S | A J 10 K Q |" time="0"/>
  <testcase name="| S S S S S | A J 10 K Q |" classname="| S S S S S | A J 10 K Q |" time="0"/>
  <testcase name="Given A set of cards with &quot;S S S S S&quot; and &quot;J A 10 K Q&quot;" classname="| S S S S S | J A 10 K Q |" time="0"/>
  <testcase name="Then the hand should be a royal flush in any order" classname="| S S S S S | J A 10 K Q |" time="0"/>
  <testcase name="| S S S S S | J A 10 K Q |" classname="| S S S S S | J A 10 K Q |" time="0"/>
  <testcase name="Given A set of cards with &quot;S S S S S&quot; and &quot;J K 10 A Q&quot;" classname="| S S S S S | J K 10 A Q |" time="0"/>
  <testcase name="Then the hand should be a royal flush in any order" classname="| S S S S S | J K 10 A Q |" time="0"/>
  <testcase name="| S S S S S | J K 10 A Q |" classname="| S S S S S | J K 10 A Q |" time="0"/>
  <testcase name="Given A set of cards with &quot;S S S S S&quot; and &quot;K J 10 A Q&quot;" classname="| S S S S S | K J 10 A Q |" time="0"/>
  <testcase name="Then the hand should be a royal flush in any order" classname="| S S S S S | K J 10 A Q |" time="0"/>
  <testcase name="| S S S S S | K J 10 A Q |" classname="| S S S S S | K J 10 A Q |" time="0"/>
  <testcase name="Given A set of cards with &quot;S S S S S&quot; and &quot;10 J K A Q&quot;" classname="| S S S S S | 10 J K A Q |" time="0"/>
  <testcase name="Then the hand should be a royal flush in any order" classname="| S S S S S | 10 J K A Q |" time="0"/>
  <testcase name="| S S S S S | 10 J K A Q |" classname="| S S S S S | 10 J K A Q |" time="0"/>
  <testcase name="Given A set of cards with &quot;S S S S S&quot; and &quot;J 10 K A Q&quot;" classname="| S S S S S | J 10 K A Q |" time="0"/>
  <testcase name="Then the hand should be a royal flush in any order" classname="| S S S S S | J 10 K A Q |" time="0"/>
  <testcase name="| S S S S S | J 10 K A Q |" classname="| S S S S S | J 10 K A Q |" time="0"/>
  <testcase name="Given A set of cards with &quot;S S S S S&quot; and &quot;K 10 J A Q&quot;" classname="| S S S S S | K 10 J A Q |" time="0"/>
  <testcase name="Then the hand should be a royal flush in any order" classname="| S S S S S | K 10 J A Q |" time="0"/>
  <testcase name="| S S S S S | K 10 J A Q |" classname="| S S S S S | K 10 J A Q |" time="0"/>
  <testcase name="Given A set of cards with &quot;S S S S S&quot; and &quot;10 K J A Q&quot;" classname="| S S S S S | 10 K J A Q |" time="0"/>
  <testcase name="Then the hand should be a royal flush in any order" classname="| S S S S S | 10 K J A Q |" time="0"/>
  <testcase name="| S S S S S | 10 K J A Q |" classname="| S S S S S | 10 K J A Q |" time="0"/>
  <testcase name="Given A set of cards with &quot;S S S S S&quot; and &quot;A K J 10 Q&quot;" classname="| S S S S S | A K J 10 Q |" time="0"/>
  <testcase name="Then the hand should be a royal flush in any order" classname="| S S S S S | A K J 10 Q |" time="0"/>
  <testcase name="| S S S S S | A K J 10 Q |" classname="| S S S S S | A K J 10 Q |" time="0"/>
  <testcase name="Given A set of cards with &quot;S S S S S&quot; and &quot;K A J 10 Q&quot;" classname="| S S S S S | K A J 10 Q |" time="0"/>
  <testcase name="Then the hand should be a royal flush in any order" classname="| S S S S S | K A J 10 Q |" time="0"/>
  <testcase name="| S S S S S | K A J 10 Q |" classname="| S S S S S | K A J 10 Q |" time="0"/>
  <testcase name="Given A set of cards with &quot;S S S S S&quot; and &quot;J A K 10 Q&quot;" classname="| S S S S S | J A K 10 Q |" time="0"/>
  <testcase name="Then the hand should be a royal flush in any order" classname="| S S S S S | J A K 10 Q |" time="0"/>
  <testcase name="| S S S S S | J A K 10 Q |" classname="| S S S S S | J A K 10 Q |" time="0"/>
  <testcase name="Given A set of cards with &quot;S S S S S&quot; and &quot;A J K 10 Q&quot;" classname="| S S S S S | A J K 10 Q |" time="0"/>
  <testcase name="Then the hand should be a royal flush in any order" classname="| S S S S S | A J K 10 Q |" time="0"/>
  <testcase name="| S S S S S | A J K 10 Q |" classname="| S S S S S | A J K 10 Q |" time="0"/>
  <testcase name="Given A set of cards with &quot;S S S S S&quot; and &quot;K J A 10 Q&quot;" classname="| S S S S S | K J A 10 Q |" time="0"/>
  <testcase name="Then the hand should be a royal flush in any order" classname="| S S S S S | K J A 10 Q |" time="0"/>
  <testcase name="| S S S S S | K J A 10 Q |" classname="| S S S S S | K J A 10 Q |" time="0"/>
  <testcase name="Given A set of cards with &quot;S S S S S&quot; and &quot;J K A 10 Q&quot;" classname="| S S S S S | J K A 10 Q |" time="0"/>
  <testcase name="Then the hand should be a royal flush in any order" classname="| S S S S S | J K A 10 Q |" time="0"/>
  <testcase name="| S S S S S | J K A 10 Q |" classname="| S S S S S | J K A 10 Q |" time="0"/>
  <testcase name="Given A set of cards with &quot;S S S S S&quot; and &quot;Q K A 10 J&quot;" classname="| S S S S S | Q K A 10 J |" time="0"/>
  <testcase name="Then the hand should be a royal flush in any order" classname="| S S S S S | Q K A 10 J |" time="0"/>
  <testcase name="| S S S S S | Q K A 10 J |" classname="| S S S S S | Q K A 10 J |" time="0.001"/>
  <testcase name="Given A set of cards with &quot;S S S S S&quot; and &quot;K Q A 10 J&quot;" classname="| S S S S S | K Q A 10 J |" time="0"/>
  <testcase name="Then the hand should be a royal flush in any order" classname="| S S S S S | K Q A 10 J |" time="0"/>
  <testcase name="| S S S S S | K Q A 10 J |" classname="| S S S S S | K Q A 10 J |" time="0"/>
  <testcase name="Given A set of cards with &quot;S S S S S&quot; and &quot;A Q K 10 J&quot;" classname="| S S S S S | A Q K 10 J |" time="0"/>
  <testcase name="Then the hand should be a royal flush in any order" classname="| S S S S S | A Q K 10 J |" time="0"/>
  <testcase name="| S S S S S | A Q K 10 J |" classname="| S S S S S | A Q K 10 J |" time="0"/>
  <testcase name="Given A set of cards with &quot;S S S S S&quot; and &quot;Q A K 10 J&quot;" classname="| S S S S S | Q A K 10 J |" time="0"/>
  <testcase name="Then the hand should be a royal flush in any order" classname="| S S S S S | Q A K 10 J |" time="0"/>
  <testcase name="| S S S S S | Q A K 10 J |" classname="| S S S S S | Q A K 10 J |" time="0"/>
  <testcase name="Given A set of cards with &quot;S S S S S&quot; and &quot;K A Q 10 J&quot;" classname="| S S S S S | K A Q 10 J |" time="0"/>
  <testcase name="Then the hand should be a royal flush in any order" classname="| S S S S S | K A Q 10 J |" time="0"/>
  <testcase name="| S S S S S | K A Q 10 J |" classname="| S S S S S | K A Q 10 J |" time="0.001"/>
  <testcase name="Given A set of cards with &quot;S S S S S&quot; and &quot;A K Q 10 J&quot;" classname="| S S S S S | A K Q 10 J |" time="0"/>
  <testcase name="Then the hand should be a royal flush in any order" classname="| S S S S S | A K Q 10 J |" time="0"/>
  <testcase name="| S S S S S | A K Q 10 J |" classname="| S S S S S | A K Q 10 J |" time="0"/>
  <testcase name="Given A set of cards with &quot;S S S S S&quot; and &quot;A K 10 Q J&quot;" classname="| S S S S S | A K 10 Q J |" time="0"/>
  <testcase name="Then the hand should be a royal flush in any order" classname="| S S S S S | A K 10 Q J |" time="0"/>
  <testcase name="| S S S S S | A K 10 Q J |" classname="| S S S S S | A K 10 Q J |" time="0"/>
  <testcase name="Given A set of cards with &quot;S S S S S&quot; and &quot;K A 10 Q J&quot;" classname="| S S S S S | K A 10 Q J |" time="0"/>
  <testcase name="Then the hand should be a royal flush in any order" classname="| S S S S S | K A 10 Q J |" time="0"/>
  <testcase name="| S S S S S | K A 10 Q J |" classname="| S S S S S | K A 10 Q J |" time="0"/>
  <testcase name="Given A set of cards with &quot;S S S S S&quot; and &quot;10 A K Q J&quot;" classname="| S S S S S | 10 A K Q J |" time="0"/>
  <testcase name="Then the hand should be a royal flush in any order" classname="| S S S S S | 10 A K Q J |" time="0"/>
  <testcase name="| S S S S S | 10 A K Q J |" classname="| S S S S S | 10 A K Q J |" time="0"/>
  <testcase name="Given A set of cards with &quot;S S S S S&quot; and &quot;A 10 K Q J&quot;" classname="| S S S S S | A 10 K Q J |" time="0"/>
  <testcase name="Then the hand should be a royal flush in any order" classname="| S S S S S | A 10 K Q J |" time="0"/>
  <testcase name="| S S S S S | A 10 K Q J |" classname="| S S S S S | A 10 K Q J |" time="0"/>
  <testcase name="Given A set of cards with &quot;S S S S S&quot; and &quot;K 10 A Q J&quot;" classname="| S S S S S | K 10 A Q J |" time="0"/>
  <testcase name="Then the hand should be a royal flush in any order" classname="| S S S S S | K 10 A Q J |" time="0"/>
  <testcase name="| S S S S S | K 10 A Q J |" classname="| S S S S S | K 10 A Q J |" time="0.001"/>
  <testcase name="Given A set of cards with &quot;S S S S S&quot; and &quot;10 K A Q J&quot;" classname="| S S S S S | 10 K A Q J |" time="0"/>
  <testcase name="Then the hand should be a royal flush in any order" classname="| S S S S S | 10 K A Q J |" time="0"/>
  <testcase name="| S S S S S | 10 K A Q J |" classname="| S S S S S | 10 K A Q J |" time="0"/>
  <testcase name="Given A set of cards with &quot;S S S S S&quot; and &quot;10 Q A K J&quot;" classname="| S S S S S | 10 Q A K J |" time="0"/>
  <testcase name="Then the hand should be a royal flush in any order" classname="| S S S S S | 10 Q A K J |" time="0"/>
  <testcase name="| S S S S S | 10 Q A K J |" classname="| S S S S S | 10 Q A K J |" time="0"/>
  <testcase name="Given A set of cards with &quot;S S S S S&quot; and &quot;Q 10 A K J&quot;" classname="| S S S S S | Q 10 A K J |" time="0"/>
  <testcase name="Then the hand should be a royal flush in any order" classname="| S S S S S | Q 10 A K J |" time="0"/>
  <testcase name="| S S S S S | Q 10 A K J |" classname="| S S S S S | Q 10 A K J |" time="0"/>
  <testcase name="Given A set of cards with &quot;S S S S S&quot; and &quot;A 10 Q K J&quot;" classname="| S S S S S | A 10 Q K J |" time="0"/>
  <testcase name="Then the hand should be a royal flush in any order" classname="| S S S S S | A 10 Q K J |" time="0"/>
  <testcase name="| S S S S S | A 10 Q K J |" classname="| S S S S S | A 10 Q K J |" time="0"/>
  <testcase name="Given A set of cards with &quot;S S S S S&quot; and &quot;10 A Q K J&quot;" classname="| S S S S S | 10 A Q K J |" time="0"/>
  <testcase name="Then the hand should be a royal flush in any order" classname="| S S S S S | 10 A Q K J |" time="0"/>
  <testcase name="| S S S S S | 10 A Q K J |" classname="| S S S S S | 10 A Q K J |" time="0"/>
  <testcase name="Given A set of cards with &quot;S S S S S&quot; and &quot;Q A 10 K J&quot;" classname="| S S S S S | Q A 10 K J |" time="0"/>
  <testcase name="Then the hand should be a royal flush in any order" classname="| S S S S S | Q A 10 K J |" time="0"/>
  <testcase name="| S S S S S | Q A 10 K J |" classname="| S S S S S | Q A 10 K J |" time="0"/>
  <testcase name="Given A set of cards with &quot;S S S S S&quot; and &quot;A Q 10 K J&quot;" classname="| S S S S S | A Q 10 K J |" time="0"/>
  <testcase name="Then the hand should be a royal flush in any order" classname="| S S S S S | A Q 10 K J |" time="0"/>
  <testcase name="| S S S S S | A Q 10 K J |" classname="| S S S S S | A Q 10 K J |" time="0"/>
  <testcase name="Given A set of cards with &quot;S S S S S&quot; and &quot;K Q 10 A J&quot;" classname="| S S S S S | K Q 10 A J |" time="0"/>
  <testcase name="Then the hand should be a royal flush in any order" classname="| S S S S S | K Q 10 A J |" time="0"/>
  <testcase name="| S S S S S | K Q 10 A J |" classname="| S S S S S | K Q 10 A J |" time="0"/>
  <testcase name="Given A set of cards with &quot;S S S S S&quot; and &quot;Q K 10 A J&quot;" classname="| S S S S S | Q K 10 A J |" time="0"/>
  <testcase name="Then the hand should be a royal flush in any order" classname="| S S S S S | Q K 10 A J |" time="0"/>
  <testcase name="| S S S S S | Q K 10 A J |" classname="| S S S S S | Q K 10 A J |" time="0.001"/>
  <testcase name="Given A set of cards with &quot;S S S S S&quot; and &quot;10 K Q A J&quot;" classname="| S S S S S | 10 K Q A J |" time="0"/>
  <testcase name="Then the hand should be a royal flush in any order" classname="| S S S S S | 10 K Q A J |" time="0"/>
  <testcase name="| S S S S S | 10 K Q A J |" classname="| S S S S S | 10 K Q A J |" time="0"/>
  <testcase name="Given A set of cards with &quot;S S S S S&quot; and &quot;K 10 Q A J&quot;" classname="| S S S S S | K 10 Q A J |" time="0"/>
  <testcase name="Then the hand should be a royal flush in any order" classname="| S S S S S | K 10 Q A J |" time="0"/>
  <testcase name="| S S S S S | K 10 Q A J |" classname="| S S S S S | K 10 Q A J |" time="0"/>
  <testcase name="Given A set of cards with &quot;S S S S S&quot; and &quot;Q 10 K A J&quot;" classname="| S S S S S | Q 10 K A J |" time="0"/>
  <testcase name="Then the hand should be a royal flush in any order" classname="| S S S S S | Q 10 K A J |" time="0"/>
  <testcase name="| S S S S S | Q 10 K A J |" classname="| S S S S S | Q 10 K A J |" time="0"/>
  <testcase name="Given A set of cards with &quot;S S S S S&quot; and &quot;10 Q K A J&quot;" classname="| S S S S S | 10 Q K A J |" time="0"/>
  <testcase name="Then the hand should be a royal flush in any order" classname="| S S S S S | 10 Q K A J |" time="0"/>
  <testcase name="| S S S S S | 10 Q K A J |" classname="| S S S S S | 10 Q K A J |" time="0"/>
  <testcase name="Given A set of cards with &quot;S S S S S&quot; and &quot;J Q K A 10&quot;" classname="| S S S S S | J Q K A 10 |" time="0"/>
  <testcase name="Then the hand should be a royal flush in any order" classname="| S S S S S | J Q K A 10 |" time="0"/>
  <testcase name="| S S S S S | J Q K A 10 |" classname="| S S S S S | J Q K A 10 |" time="0"/>
  <testcase name="Given A set of cards with &quot;S S S S S&quot; and &quot;Q J K A 10&quot;" classname="| S S S S S | Q J K A 10 |" time="0"/>
  <testcase name="Then the hand should be a royal flush in any order" classname="| S S S S S | Q J K A 10 |" time="0"/>
  <testcase name="| S S S S S | Q J K A 10 |" classname="| S S S S S | Q J K A 10 |" time="0"/>
  <testcase name="Given A set of cards with &quot;S S S S S&quot; and &quot;K J Q A 10&quot;" classname="| S S S S S | K J Q A 10 |" time="0"/>
  <testcase name="Then the hand should be a royal flush in any order" classname="| S S S S S | K J Q A 10 |" time="0"/>
  <testcase name="| S S S S S | K J Q A 10 |" classname="| S S S S S | K J Q A 10 |" time="0"/>
  <testcase name="Given A set of cards with &quot;S S S S S&quot; and &quot;J K Q A 10&quot;" classname="| S S S S S | J K Q A 10 |" time="0"/>
  <testcase name="Then the hand should be a royal flush in any order" classname="| S S S S S | J K Q A 10 |" time="0"/>
  <testcase name="| S S S S S | J K Q A 10 |" classname="| S S S S S | J K Q A 10 |" time="0"/>
  <testcase name="Given A set of cards with &quot;S S S S S&quot; and &quot;Q K J A 10&quot;" classname="| S S S S S | Q K J A 10 |" time="0"/>
  <testcase name="Then the hand should be a royal flush in any order" classname="| S S S S S | Q K J A 10 |" time="0"/>
  <testcase name="| S S S S S | Q K J A 10 |" classname="| S S S S S | Q K J A 10 |" time="0"/>
  <testcase name="Given A set of cards with &quot;S S S S S&quot; and &quot;K Q J A 10&quot;" classname="| S S S S S | K Q J A 10 |" time="0"/>
  <testcase name="Then the hand should be a royal flush in any order" classname="| S S S S S | K Q J A 10 |" time="0"/>
  <testcase name="| S S S S S | K Q J A 10 |" classname="| S S S S S | K Q J A 10 |" time="0"/>
  <testcase name="Given A set of cards with &quot;S S S S S&quot; and &quot;K Q A J 10&quot;" classname="| S S S S S | K Q A J 10 |" time="0.001"/>
  <testcase name="Then the hand should be a royal flush in any order" classname="| S S S S S | K Q A J 10 |" time="0"/>
  <testcase name="| S S S S S | K Q A J 10 |" classname="| S S S S S | K Q A J 10 |" time="0"/>
  <testcase name="Given A set of cards with &quot;S S S S S&quot; and &quot;Q K A J 10&quot;" classname="| S S S S S | Q K A J 10 |" time="0"/>
  <testcase name="Then the hand should be a royal flush in any order" classname="| S S S S S | Q K A J 10 |" time="0"/>
  <testcase name="| S S S S S | Q K A J 10 |" classname="| S S S S S | Q K A J 10 |" time="0"/>
  <testcase name="Given A set of cards with &quot;S S S S S&quot; and &quot;A K Q J 10&quot;" classname="| S S S S S | A K Q J 10 |" time="0"/>
  <testcase name="Then the hand should be a royal flush in any order" classname="| S S S S S | A K Q J 10 |" time="0"/>
  <testcase name="| S S S S S | A K Q J 10 |" classname="| S S S S S | A K Q J 10 |" time="0"/>
  <testcase name="Given A set of cards with &quot;S S S S S&quot; and &quot;K A Q J 10&quot;" classname="| S S S S S | K A Q J 10 |" time="0"/>
  <testcase name="Then the hand should be a royal flush in any order" classname="| S S S S S | K A Q J 10 |" time="0"/>
  <testcase name="| S S S S S | K A Q J 10 |" classname="| S S S S S | K A Q J 10 |" time="0"/>
  <testcase name="Given A set of cards with &quot;S S S S S&quot; and &quot;Q A K J 10&quot;" classname="| S S S S S | Q A K J 10 |" time="0"/>
  <testcase name="Then the hand should be a royal flush in any order" classname="| S S S S S | Q A K J 10 |" time="0"/>
  <testcase name="| S S S S S | Q A K J 10 |" classname="| S S S S S | Q A K J 10 |" time="0"/>
  <testcase name="Given A set of cards with &quot;S S S S S&quot; and &quot;A Q K J 10&quot;" classname="| S S S S S | A Q K J 10 |" time="0"/>
  <testcase name="Then the hand should be a royal flush in any order" classname="| S S S S S | A Q K J 10 |" time="0"/>
  <testcase name="| S S S S S | A Q K J 10 |" classname="| S S S S S | A Q K J 10 |" time="0.001"/>
  <testcase name="Given A set of cards with &quot;S S S S S&quot; and &quot;A J K Q 10&quot;" classname="| S S S S S | A J K Q 10 |" time="0"/>
  <testcase name="Then the hand should be a royal flush in any order" classname="| S S S S S | A J K Q 10 |" time="0"/>
  <testcase name="| S S S S S | A J K Q 10 |" classname="| S S S S S | A J K Q 10 |" time="0"/>
  <testcase name="Given A set of cards with &quot;S S S S S&quot; and &quot;J A K Q 10&quot;" classname="| S S S S S | J A K Q 10 |" time="0"/>
  <testcase name="Then the hand should be a royal flush in any order" classname="| S S S S S | J A K Q 10 |" time="0"/>
  <testcase name="| S S S S S | J A K Q 10 |" classname="| S S S S S | J A K Q 10 |" time="0"/>
  <testcase name="Given A set of cards with &quot;S S S S S&quot; and &quot;K A J Q 10&quot;" classname="| S S S S S | K A J Q 10 |" time="0"/>
  <testcase name="Then the hand should be a royal flush in any order" classname="| S S S S S | K A J Q 10 |" time="0"/>
  <testcase name="| S S S S S | K A J Q 10 |" classname="| S S S S S | K A J Q 10 |" time="0"/>
  <testcase name="Given A set of cards with &quot;S S S S S&quot; and &quot;A K J Q 10&quot;" classname="| S S S S S | A K J Q 10 |" time="0"/>
  <testcase name="Then the hand should be a royal flush in any order" classname="| S S S S S | A K J Q 10 |" time="0"/>
  <testcase name="| S S S S S | A K J Q 10 |" classname="| S S S S S | A K J Q 10 |" time="0"/>
  <testcase name="Given A set of cards with &quot;S S S S S&quot; and &quot;J K A Q 10&quot;" classname="| S S S S S | J K A Q 10 |" time="0"/>
  <testcase name="Then the hand should be a royal flush in any order" classname="| S S S S S | J K A Q 10 |" time="0"/>
  <testcase name="| S S S S S | J K A Q 10 |" classname="| S S S S S | J K A Q 10 |" time="0"/>
  <testcase name="Given A set of cards with &quot;S S S S S&quot; and &quot;K J A Q 10&quot;" classname="| S S S S S | K J A Q 10 |" time="0"/>
  <testcase name="Then the hand should be a royal flush in any order" classname="| S S S S S | K J A Q 10 |" time="0"/>
  <testcase name="| S S S S S | K J A Q 10 |" classname="| S S S S S | K J A Q 10 |" time="0"/>
  <testcase name="Given A set of cards with &quot;S S S S S&quot; and &quot;Q J A K 10&quot;" classname="| S S S S S | Q J A K 10 |" time="0"/>
  <testcase name="Then the hand should be a royal flush in any order" classname="| S S S S S | Q J A K 10 |" time="0"/>
  <testcase name="| S S S S S | Q J A K 10 |" classname="| S S S S S | Q J A K 10 |" time="0"/>
  <testcase name="Given A set of cards with &quot;S S S S S&quot; and &quot;J Q A K 10&quot;" classname="| S S S S S | J Q A K 10 |" time="0"/>
  <testcase name="Then the hand should be a royal flush in any order" classname="| S S S S S | J Q A K 10 |" time="0"/>
  <testcase name="| S S S S S | J Q A K 10 |" classname="| S S S S S | J Q A K 10 |" time="0"/>
  <testcase name="Given A set of cards with &quot;S S S S S&quot; and &quot;A Q J K 10&quot;" classname="| S S S S S | A Q J K 10 |" time="0"/>
  <testcase name="Then the hand should be a royal flush in any order" classname="| S S S S S | A Q J K 10 |" time="0"/>
  <testcase name="| S S S S S | A Q J K 10 |" classname="| S S S S S | A Q J K 10 |" time="0"/>
  <testcase name="Given A set of cards with &quot;S S S S S&quot; and &quot;Q A J K 10&quot;" classname="| S S S S S | Q A J K 10 |" time="0"/>
  <testcase name="Then the hand should be a royal flush in any order" classname="| S S S S S | Q A J K 10 |" time="0"/>
  <testcase name="| S S S S S | Q A J K 10 |" classname="| S S S S S | Q A J K 10 |" time="0"/>
  <testcase name="Given A set of cards with &quot;S S S S S&quot; and &quot;J A Q K 10&quot;" classname="| S S S S S | J A Q K 10 |" time="0"/>
  <testcase name="Then the hand should be a royal flush in any order" classname="| S S S S S | J A Q K 10 |" time="0"/>
  <testcase name="| S S S S S | J A Q K 10 |" classname="| S S S S S | J A Q K 10 |" time="0"/>
  <testcase name="Given A set of cards with &quot;S S S S S&quot; and &quot;A J Q K 10&quot;" classname="| S S S S S | A J Q K 10 |" time="0"/>
  <testcase name="Then the hand should be a royal flush in any order" classname="| S S S S S | A J Q K 10 |" time="0"/>
  <testcase name="| S S S S S | A J Q K 10 |" classname="| S S S S S | A J Q K 10 |" time="0"/>
  <testcase name="Then the hand should be a straight flush in any order" classname="| S S S S S | 10 J Q K A |" time="0"/>
  <testcase name="Given A set of cards with &quot;S S S S S&quot; and &quot;9 10 J Q K&quot;" classname="| S S S S S | 9 10 J Q K |" time="0"/>
  <testcase name="Then the hand should be a straight flush in any order" classname="| S S S S S | 9 10 J Q K |" time="0"/>
  <testcase name="| S S S S S | 9 10 J Q K |" classname="| S S S S S | 9 10 J Q K |" time="0"/>
  <testcase name="Given A set of cards with &quot;S S S S S&quot; and &quot;8 9 10 J Q&quot;" classname="| S S S S S | 8 9 10 J Q |" time="0"/>
  <testcase name="Then the hand should be a straight flush in any order" classname="| S S S S S | 8 9 10 J Q |" time="0.001"/>
  <testcase name="| S S S S S | 8 9 10 J Q |" classname="| S S S S S | 8 9 10 J Q |" time="0.001"/>
  <testcase name="Given A set of cards with &quot;S S S S S&quot; and &quot;7 8 9 10 J&quot;" classname="| S S S S S | 7 8 9 10 J |" time="0"/>
  <testcase name="Then the hand should be a straight flush in any order" classname="| S S S S S | 7 8 9 10 J |" time="0"/>
  <testcase name="| S S S S S | 7 8 9 10 J |" classname="| S S S S S | 7 8 9 10 J |" time="0"/>
  <testcase name="Given A set of cards with &quot;S S S S S&quot; and &quot;6 7 8 9 10&quot;" classname="| S S S S S | 6 7 8 9 10 |" time="0"/>
  <testcase name="Then the hand should be a straight flush in any order" classname="| S S S S S | 6 7 8 9 10 |" time="0"/>
  <testcase name="| S S S S S | 6 7 8 9 10 |" classname="| S S S S S | 6 7 8 9 10 |" time="0"/>
  <testcase name="Given A set of cards with &quot;S S S S S&quot; and &quot;5 6 7 8 9&quot;" classname="| S S S S S | 5 6 7 8 9 |" time="0"/>
  <testcase name="Then the hand should be a straight flush in any order" classname="| S S S S S | 5 6 7 8 9 |" time="0"/>
  <testcase name="| S S S S S | 5 6 7 8 9 |" classname="| S S S S S | 5 6 7 8 9 |" time="0"/>
  <testcase name="Given A set of cards with &quot;S S S S S&quot; and &quot;4 5 6 7 8&quot;" classname="| S S S S S | 4 5 6 7 8 |" time="0"/>
  <testcase name="Then the hand should be a straight flush in any order" classname="| S S S S S | 4 5 6 7 8 |" time="0"/>
  <testcase name="| S S S S S | 4 5 6 7 8 |" classname="| S S S S S | 4 5 6 7 8 |" time="0"/>
  <testcase name="Given A set of cards with &quot;S S S S S&quot; and &quot;3 4 5 6 7&quot;" classname="| S S S S S | 3 4 5 6 7 |" time="0"/>
  <testcase name="Then the hand should be a straight flush in any order" classname="| S S S S S | 3 4 5 6 7 |" time="0"/>
  <testcase name="| S S S S S | 3 4 5 6 7 |" classname="| S S S S S | 3 4 5 6 7 |" time="0"/>
  <testcase name="Given A set of cards with &quot;S S S S S&quot; and &quot;2 3 4 5 6&quot;" classname="| S S S S S | 2 3 4 5 6 |" time="0"/>
  <testcase name="Then the hand should be a straight flush in any order" classname="| S S S S S | 2 3 4 5 6 |" time="0"/>
  <testcase name="| S S S S S | 2 3 4 5 6 |" classname="| S S S S S | 2 3 4 5 6 |" time="0.001"/>
  <testcase name="Given A set of cards with &quot;S S S S S&quot; and &quot;A 2 3 4 5&quot;" classname="| S S S S S | A 2 3 4 5 |" time="0"/>
  <testcase name="Then the hand should be a straight flush in any order" classname="| S S S S S | A 2 3 4 5 |" time="0"/>
  <testcase name="| S S S S S | A 2 3 4 5 |" classname="| S S S S S | A 2 3 4 5 |" time="0"/>
  <testcase name="Then the hand should be a straight flush in any order" classname="| D D D D D | 10 J Q K A |" time="0"/>
  <testcase name="Given A set of cards with &quot;D D D D D&quot; and &quot;9 10 J Q K&quot;" classname="| D D D D D | 9 10 J Q K |" time="0"/>
  <testcase name="Then the hand should be a straight flush in any order" classname="| D D D D D | 9 10 J Q K |" time="0"/>
  <testcase name="| D D D D D | 9 10 J Q K |" classname="| D D D D D | 9 10 J Q K |" time="0"/>
  <testcase name="Given A set of cards with &quot;D D D D D&quot; and &quot;8 9 10 J Q&quot;" classname="| D D D D D | 8 9 10 J Q |" time="0"/>
  <testcase name="Then the hand should be a straight flush in any order" classname="| D D D D D | 8 9 10 J Q |" time="0"/>
  <testcase name="| D D D D D | 8 9 10 J Q |" classname="| D D D D D | 8 9 10 J Q |" time="0"/>
  <testcase name="Given A set of cards with &quot;D D D D D&quot; and &quot;7 8 9 10 J&quot;" classname="| D D D D D | 7 8 9 10 J |" time="0"/>
  <testcase name="Then the hand should be a straight flush in any order" classname="| D D D D D | 7 8 9 10 J |" time="0"/>
  <testcase name="| D D D D D | 7 8 9 10 J |" classname="| D D D D D | 7 8 9 10 J |" time="0"/>
  <testcase name="Given A set of cards with &quot;D D D D D&quot; and &quot;6 7 8 9 10&quot;" classname="| D D D D D | 6 7 8 9 10 |" time="0"/>
  <testcase name="Then the hand should be a straight flush in any order" classname="| D D D D D | 6 7 8 9 10 |" time="0"/>
  <testcase name="| D D D D D | 6 7 8 9 10 |" classname="| D D D D D | 6 7 8 9 10 |" time="0"/>
  <testcase name="Given A set of cards with &quot;D D D D D&quot; and &quot;5 6 7 8 9&quot;" classname="| D D D D D | 5 6 7 8 9 |" time="0"/>
  <testcase name="Then the hand should be a straight flush in any order" classname="| D D D D D | 5 6 7 8 9 |" time="0"/>
  <testcase name="| D D D D D | 5 6 7 8 9 |" classname="| D D D D D | 5 6 7 8 9 |" time="0"/>
  <testcase name="Given A set of cards with &quot;D D D D D&quot; and &quot;4 5 6 7 8&quot;" classname="| D D D D D | 4 5 6 7 8 |" time="0"/>
  <testcase name="Then the hand should be a straight flush in any order" classname="| D D D D D | 4 5 6 7 8 |" time="0"/>
  <testcase name="| D D D D D | 4 5 6 7 8 |" classname="| D D D D D | 4 5 6 7 8 |" time="0"/>
  <testcase name="Given A set of cards with &quot;D D D D D&quot; and &quot;3 4 5 6 7&quot;" classname="| D D D D D | 3 4 5 6 7 |" time="0"/>
  <testcase name="Then the hand should be a straight flush in any order" classname="| D D D D D | 3 4 5 6 7 |" time="0"/>
  <testcase name="| D D D D D | 3 4 5 6 7 |" classname="| D D D D D | 3 4 5 6 7 |" time="0"/>
  <testcase name="Given A set of cards with &quot;D D D D D&quot; and &quot;2 3 4 5 6&quot;" classname="| D D D D D | 2 3 4 5 6 |" time="0"/>
  <testcase name="Then the hand should be a straight flush in any order" classname="| D D D D D | 2 3 4 5 6 |" time="0"/>
  <testcase name="| D D D D D | 2 3 4 5 6 |" classname="| D D D D D | 2 3 4 5 6 |" time="0"/>
  <testcase name="Given A set of cards with &quot;D D D D D&quot; and &quot;A 2 3 4 5&quot;" classname="| D D D D D | A 2 3 4 5 |" time="0"/>
  <testcase name="Then the hand should be a straight flush in any order" classname="| D D D D D | A 2 3 4 5 |" time="0"/>
  <testcase name="| D D D D D | A 2 3 4 5 |" classname="| D D D D D | A 2 3 4 5 |" time="0"/>
  <testcase name="Then the hand should be a straight flush in any order" classname="| H H H H H | 10 J Q K A |" time="0"/>
  <testcase name="Given A set of cards with &quot;H H H H H&quot; and &quot;9 10 J Q K&quot;" classname="| H H H H H | 9 10 J Q K |" time="0"/>
  <testcase name="Then the hand should be a straight flush in any order" classname="| H H H H H | 9 10 J Q K |" time="0"/>
  <testcase name="| H H H H H | 9 10 J Q K |" classname="| H H H H H | 9 10 J Q K |" time="0"/>
  <testcase name="Given A set of cards with &quot;H H H H H&quot; and &quot;8 9 10 J Q&quot;" classname="| H H H H H | 8 9 10 J Q |" time="0"/>
  <testcase name="Then the hand should be a straight flush in any order" classname="| H H H H H | 8 9 10 J Q |" time="0"/>
  <testcase name="| H H H H H | 8 9 10 J Q |" classname="| H H H H H | 8 9 10 J Q |" time="0"/>
  <testcase name="Given A set of cards with &quot;H H H H H&quot; and &quot;7 8 9 10 J&quot;" classname="| H H H H H | 7 8 9 10 J |" time="0"/>
  <testcase name="Then the hand should be a straight flush in any order" classname="| H H H H H | 7 8 9 10 J |" time="0"/>
  <testcase name="| H H H H H | 7 8 9 10 J |" classname="| H H H H H | 7 8 9 10 J |" time="0"/>
  <testcase name="Given A set of cards with &quot;H H H H H&quot; and &quot;6 7 8 9 10&quot;" classname="| H H H H H | 6 7 8 9 10 |" time="0"/>
  <testcase name="Then the hand should be a straight flush in any order" classname="| H H H H H | 6 7 8 9 10 |" time="0"/>
  <testcase name="| H H H H H | 6 7 8 9 10 |" classname="| H H H H H | 6 7 8 9 10 |" time="0"/>
  <testcase name="Given A set of cards with &quot;H H H H H&quot; and &quot;5 6 7 8 9&quot;" classname="| H H H H H | 5 6 7 8 9 |" time="0"/>
  <testcase name="Then the hand should be a straight flush in any order" classname="| H H H H H | 5 6 7 8 9 |" time="0"/>
  <testcase name="| H H H H H | 5 6 7 8 9 |" classname="| H H H H H | 5 6 7 8 9 |" time="0"/>
  <testcase name="Given A set of cards with &quot;H H H H H&quot; and &quot;4 5 6 7 8&quot;" classname="| H H H H H | 4 5 6 7 8 |" time="0"/>
  <testcase name="Then the hand should be a straight flush in any order" classname="| H H H H H | 4 5 6 7 8 |" time="0"/>
  <testcase name="| H H H H H | 4 5 6 7 8 |" classname="| H H H H H | 4 5 6 7 8 |" time="0"/>
  <testcase name="Given A set of cards with &quot;H H H H H&quot; and &quot;3 4 5 6 7&quot;" classname="| H H H H H | 3 4 5 6 7 |" time="0"/>
  <testcase name="Then the hand should be a straight flush in any order" classname="| H H H H H | 3 4 5 6 7 |" time="0"/>
  <testcase name="| H H H H H | 3 4 5 6 7 |" classname="| H H H H H | 3 4 5 6 7 |" time="0"/>
  <testcase name="Given A set of cards with &quot;H H H H H&quot; and &quot;2 3 4 5 6&quot;" classname="| H H H H H | 2 3 4 5 6 |" time="0"/>
  <testcase name="Then the hand should be a straight flush in any order" classname="| H H H H H | 2 3 4 5 6 |" time="0"/>
  <testcase name="| H H H H H | 2 3 4 5 6 |" classname="| H H H H H | 2 3 4 5 6 |" time="0"/>
  <testcase name="Given A set of cards with &quot;H H H H H&quot; and &quot;A 2 3 4 5&quot;" classname="| H H H H H | A 2 3 4 5 |" time="0"/>
  <testcase name="Then the hand should be a straight flush in any order" classname="| H H H H H | A 2 3 4 5 |" time="0"/>
  <testcase name="| H H H H H | A 2 3 4 5 |" classname="| H H H H H | A 2 3 4 5 |" time="0.001"/>
  <testcase name="Then the hand should be a straight flush in any order" classname="| C C C C C | 10 J Q K A |" time="0"/>
  <testcase name="Given A set of cards with &quot;C C C C C&quot; and &quot;9 10 J Q K&quot;" classname="| C C C C C | 9 10 J Q K |" time="0"/>
  <testcase name="Then the hand should be a straight flush in any order" classname="| C C C C C | 9 10 J Q K |" time="0"/>
  <testcase name="| C C C C C | 9 10 J Q K |" classname="| C C C C C | 9 10 J Q K |" time="0"/>
  <testcase name="Given A set of cards with &quot;C C C C C&quot; and &quot;8 9 10 J Q&quot;" classname="| C C C C C | 8 9 10 J Q |" time="0"/>
  <testcase name="Then the hand should be a straight flush in any order" classname="| C C C C C | 8 9 10 J Q |" time="0"/>
  <testcase name="| C C C C C | 8 9 10 J Q |" classname="| C C C C C | 8 9 10 J Q |" time="0"/>
  <testcase name="Given A set of cards with &quot;C C C C C&quot; and &quot;7 8 9 10 J&quot;" classname="| C C C C C | 7 8 9 10 J |" time="0"/>
  <testcase name="Then the hand should be a straight flush in any order" classname="| C C C C C | 7 8 9 10 J |" time="0"/>
  <testcase name="| C C C C C | 7 8 9 10 J |" classname="| C C C C C | 7 8 9 10 J |" time="0"/>
  <testcase name="Given A set of cards with &quot;C C C C C&quot; and &quot;6 7 8 9 10&quot;" classname="| C C C C C | 6 7 8 9 10 |" time="0.001"/>
  <testcase name="Then the hand should be a straight flush in any order" classname="| C C C C C | 6 7 8 9 10 |" time="0"/>
  <testcase name="| C C C C C | 6 7 8 9 10 |" classname="| C C C C C | 6 7 8 9 10 |" time="0"/>
  <testcase name="Given A set of cards with &quot;C C C C C&quot; and &quot;5 6 7 8 9&quot;" classname="| C C C C C | 5 6 7 8 9 |" time="0"/>
  <testcase name="Then the hand should be a straight flush in any order" classname="| C C C C C | 5 6 7 8 9 |" time="0"/>
  <testcase name="| C C C C C | 5 6 7 8 9 |" classname="| C C C C C | 5 6 7 8 9 |" time="0"/>
  <testcase name="Given A set of cards with &quot;C C C C C&quot; and &quot;4 5 6 7 8&quot;" classname="| C C C C C | 4 5 6 7 8 |" time="0"/>
  <testcase name="Then the hand should be a straight flush in any order" classname="| C C C C C | 4 5 6 7 8 |" time="0"/>
  <testcase name="| C C C C C | 4 5 6 7 8 |" classname="| C C C C C | 4 5 6 7 8 |" time="0"/>
  <testcase name="Given A set of cards with &quot;C C C C C&quot; and &quot;3 4 5 6 7&quot;" classname="| C C C C C | 3 4 5 6 7 |" time="0"/>
  <testcase name="Then the hand should be a straight flush in any order" classname="| C C C C C | 3 4 5 6 7 |" time="0"/>
  <testcase name="| C C C C C | 3 4 5 6 7 |" classname="| C C C C C | 3 4 5 6 7 |" time="0"/>
  <testcase name="Given A set of cards with &quot;C C C C C&quot; and &quot;2 3 4 5 6&quot;" classname="| C C C C C | 2 3 4 5 6 |" time="0"/>
  <testcase name="Then the hand should be a straight flush in any order" classname="| C C C C C | 2 3 4 5 6 |" time="0"/>
  <testcase name="| C C C C C | 2 3 4 5 6 |" classname="| C C C C C | 2 3 4 5 6 |" time="0"/>
  <testcase name="Given A set of cards with &quot;C C C C C&quot; and &quot;A 2 3 4 5&quot;" classname="| C C C C C | A 2 3 4 5 |" time="0"/>
  <testcase name="Then the hand should be a straight flush in any order" classname="| C C C C C | A 2 3 4 5 |" time="0"/>
  <testcase name="| C C C C C | A 2 3 4 5 |" classname="| C C C C C | A 2 3 4 5 |" time="0"/>
  <testcase name="Given A set of cards with &quot;C H D C S&quot; and &quot;5 5 5 5 6&quot;" classname="| C H D C S | 5 5 5 5 6 |" time="0"/>
  <testcase name="Then the hand should be a four of a kind in any order" classname="| C H D C S | 5 5 5 5 6 |" time="0"/>
  <testcase name="| C H D C S | 5 5 5 5 6 |" classname="| C H D C S | 5 5 5 5 6 |" time="0"/>
  <testcase name="Given A set of cards with &quot;C H S D S&quot; and &quot;2 2 A 2 2&quot;" classname="| C H S D S | 2 2 A 2 2 |" time="0"/>
  <testcase name="Then the hand should be a four of a kind in any order" classname="| C H S D S | 2 2 A 2 2 |" time="0"/>
  <testcase name="| C H S D S | 2 2 A 2 2 |" classname="| C H S D S | 2 2 A 2 2 |" time="0"/>
  <testcase name="Given A set of cards with &quot;C H S D S&quot; and &quot;A 2 2 2 2&quot;" classname="| C H S D S | A 2 2 2 2 |" time="0"/>
  <testcase name="Then the hand should be a four of a kind in any order" classname="| C H S D S | A 2 2 2 2 |" time="0"/>
  <testcase name="| C H S D S | A 2 2 2 2 |" classname="| C H S D S | A 2 2 2 2 |" time="0"/>
  <testcase name="Given A set of cards with &quot;C H S D S&quot; and &quot;2 A 2 2 2&quot;" classname="| C H S D S | 2 A 2 2 2 |" time="0"/>
  <testcase name="Then the hand should be a four of a kind in any order" classname="| C H S D S | 2 A 2 2 2 |" time="0"/>
  <testcase name="| C H S D S | 2 A 2 2 2 |" classname="| C H S D S | 2 A 2 2 2 |" time="0"/>
  <testcase name="Given A set of cards with &quot;C H S D S&quot; and &quot;2 2 2 A 2&quot;" classname="| C H S D S | 2 2 2 A 2 |" time="0"/>
  <testcase name="Then the hand should be a four of a kind in any order" classname="| C H S D S | 2 2 2 A 2 |" time="0"/>
  <testcase name="| C H S D S | 2 2 2 A 2 |" classname="| C H S D S | 2 2 2 A 2 |" time="0"/>
  <testcase name="Given A set of cards with &quot;C H S D S&quot; and &quot;2 2 2 2 A&quot;" classname="| C H S D S | 2 2 2 2 A |" time="0"/>
  <testcase name="Then the hand should be a four of a kind in any order" classname="| C H S D S | 2 2 2 2 A |" time="0"/>
  <testcase name="| C H S D S | 2 2 2 2 A |" classname="| C H S D S | 2 2 2 2 A |" time="0"/>
  <testcase name="Given A set of cards with &quot;C S H D C&quot; and &quot;2 2 4 4 4&quot;" classname="| C S H D C | 2 2 4 4 4 |" time="0"/>
  <testcase name="Then the hand should be a full house in any order" classname="| C S H D C | 2 2 4 4 4 |" time="0"/>
  <testcase name="| C S H D C | 2 2 4 4 4 |" classname="| C S H D C | 2 2 4 4 4 |" time="0"/>
  <testcase name="Given A set of cards with &quot;C S H D C&quot; and &quot;2 4 2 4 4&quot;" classname="| C S H D C | 2 4 2 4 4 |" time="0"/>
  <testcase name="Then the hand should be a full house in any order" classname="| C S H D C | 2 4 2 4 4 |" time="0"/>
  <testcase name="| C S H D C | 2 4 2 4 4 |" classname="| C S H D C | 2 4 2 4 4 |" time="0"/>
  <testcase name="Given A set of cards with &quot;C S H D C&quot; and &quot;2 4 4 2 4&quot;" classname="| C S H D C | 2 4 4 2 4 |" time="0"/>
  <testcase name="Then the hand should be a full house in any order" classname="| C S H D C | 2 4 4 2 4 |" time="0"/>
  <testcase name="| C S H D C | 2 4 4 2 4 |" classname="| C S H D C | 2 4 4 2 4 |" time="0"/>
  <testcase name="Given A set of cards with &quot;C S H D C&quot; and &quot;2 4 4 4 2&quot;" classname="| C S H D C | 2 4 4 4 2 |" time="0"/>
  <testcase name="Then the hand should be a full house in any order" classname="| C S H D C | 2 4 4 4 2 |" time="0"/>
  <testcase name="| C S H D C | 2 4 4 4 2 |" classname="| C S H D C | 2 4 4 4 2 |" time="0.001"/>
  <testcase name="Given A set of cards with &quot;C S H D C&quot; and &quot;4 2 2 4 4&quot;" classname="| C S H D C | 4 2 2 4 4 |" time="0"/>
  <testcase name="Then the hand should be a full house in any order" classname="| C S H D C | 4 2 2 4 4 |" time="0"/>
  <testcase name="| C S H D C | 4 2 2 4 4 |" classname="| C S H D C | 4 2 2 4 4 |" time="0"/>
  <testcase name="Given A set of cards with &quot;C S H D C&quot; and &quot;4 2 4 2 4&quot;" classname="| C S H D C | 4 2 4 2 4 |" time="0"/>
  <testcase name="Then the hand should be a full house in any order" classname="| C S H D C | 4 2 4 2 4 |" time="0"/>
  <testcase name="| C S H D C | 4 2 4 2 4 |" classname="| C S H D C | 4 2 4 2 4 |" time="0"/>
  <testcase name="Given A set of cards with &quot;C S H D C&quot; and &quot;4 2 4 4 2&quot;" classname="| C S H D C | 4 2 4 4 2 |" time="0"/>
  <testcase name="Then the hand should be a full house in any order" classname="| C S H D C | 4 2 4 4 2 |" time="0"/>
  <testcase name="| C S H D C | 4 2 4 4 2 |" classname="| C S H D C | 4 2 4 4 2 |" time="0"/>
  <testcase name="Given A set of cards with &quot;C S H D C&quot; and &quot;4 4 2 2 4&quot;" classname="| C S H D C | 4 4 2 2 4 |" time="0"/>
  <testcase name="Then the hand should be a full house in any order" classname="| C S H D C | 4 4 2 2 4 |" time="0"/>
  <testcase name="| C S H D C | 4 4 2 2 4 |" classname="| C S H D C | 4 4 2 2 4 |" time="0"/>
  <testcase name="Given A set of cards with &quot;C S H D C&quot; and &quot;4 4 2 4 2&quot;" classname="| C S H D C | 4 4 2 4 2 |" time="0"/>
[...]
  <testcase name="Scenario: A four of a kind beats full house" classname="Scenario: A four of a kind beats full house" time="0"/>
  <testcase name="Given two hands" classname="Scenario: A four of a kind beats flush" time="0"/>
  <testcase name="Then hand one beats hand two whether it belongs to AIP or HTB" classname="Scenario: A four of a kind beats flush" time="0"/>
  <testcase name="Scenario: A four of a kind beats flush" classname="Scenario: A four of a kind beats flush" time="0"/>
  <testcase name="Given two hands" classname="Scenario: A four of a kind beats straight" time="0"/>
  <testcase name="Then hand one beats hand two whether it belongs to AIP or HTB" classname="Scenario: A four of a kind beats straight" time="0"/>
  <testcase name="Scenario: A four of a kind beats straight" classname="Scenario: A four of a kind beats straight" time="0"/>
  <testcase name="Given two hands" classname="Scenario: A four of a kind beats three of a kind" time="0"/>
  <testcase name="Then hand one beats hand two whether it belongs to AIP or HTB" classname="Scenario: A four of a kind beats three of a kind" time="0"/>
  <testcase name="Scenario: A four of a kind beats three of a kind" classname="Scenario: A four of a kind beats three of a kind" time="0"/>
  <testcase name="Given two hands" classname="Scenario: A four of a kind beats two pairs" time="0"/>
  <testcase name="Then hand one beats hand two whether it belongs to AIP or HTB" classname="Scenario: A four of a kind beats two pairs" time="0"/>
  <testcase name="Scenario: A four of a kind beats two pairs" classname="Scenario: A four of a kind beats two pairs" time="0"/>
  <testcase name="Given two hands" classname="Scenario: A four of a kind beats one pair" time="0"/>
  <testcase name="Then hand one beats hand two whether it belongs to AIP or HTB" classname="Scenario: A four of a kind beats one pair" time="0"/>
  <testcase name="Scenario: A four of a kind beats one pair" classname="Scenario: A four of a kind beats one pair" time="0"/>
  <testcase name="Given two hands" classname="Scenario: A four of a kind beats high card" time="0"/>
  <testcase name="Then hand one beats hand two whether it belongs to AIP or HTB" classname="Scenario: A four of a kind beats high card" time="0"/>
  <testcase name="Scenario: A four of a kind beats high card" classname="Scenario: A four of a kind beats high card" time="0"/>
  <testcase name="Given two hands" classname="Scenario: A full house beats flush" time="0"/>
  <testcase name="Then hand one beats hand two whether it belongs to AIP or HTB" classname="Scenario: A full house beats flush" time="0"/>
  <testcase name="Scenario: A full house beats flush" classname="Scenario: A full house beats flush" time="0"/>
  <testcase name="Given two hands" classname="Scenario: A full house beats straight" time="0"/>
  <testcase name="Then hand one beats hand two whether it belongs to AIP or HTB" classname="Scenario: A full house beats straight" time="0"/>
  <testcase name="Scenario: A full house beats straight" classname="Scenario: A full house beats straight" time="0"/>
  <testcase name="Given two hands" classname="Scenario: A full house beats three of a kind" time="0"/>
  <testcase name="Then hand one beats hand two whether it belongs to AIP or HTB" classname="Scenario: A full house beats three of a kind" time="0"/>
  <testcase name="Scenario: A full house beats three of a kind" classname="Scenario: A full house beats three of a kind" time="0"/>
  <testcase name="Given two hands" classname="Scenario: A full house beats two pairs" time="0"/>
  <testcase name="Then hand one beats hand two whether it belongs to AIP or HTB" classname="Scenario: A full house beats two pairs" time="0"/>
  <testcase name="Scenario: A full house beats two pairs" classname="Scenario: A full house beats two pairs" time="0"/>
  <testcase name="Given two hands" classname="Scenario: A full house beats one pair" time="0"/>
  <testcase name="Then hand one beats hand two whether it belongs to AIP or HTB" classname="Scenario: A full house beats one pair" time="0"/>
  <testcase name="Scenario: A full house beats one pair" classname="Scenario: A full house beats one pair" time="0"/>
  <testcase name="Given two hands" classname="Scenario: A full house beats high card" time="0"/>
  <testcase name="Then hand one beats hand two whether it belongs to AIP or HTB" classname="Scenario: A full house beats high card" time="0"/>
  <testcase name="Scenario: A full house beats high card" classname="Scenario: A full house beats high card" time="0"/>
  <testcase name="Given two hands" classname="Scenario: A flush beats straight" time="0"/>
  <testcase name="Then hand one beats hand two whether it belongs to AIP or HTB" classname="Scenario: A flush beats straight" time="0"/>
  <testcase name="Scenario: A flush beats straight" classname="Scenario: A flush beats straight" time="0"/>
  <testcase name="Given two hands" classname="Scenario: A flush beats three of a kind" time="0"/>
  <testcase name="Then hand one beats hand two whether it belongs to AIP or HTB" classname="Scenario: A flush beats three of a kind" time="0"/>
  <testcase name="Scenario: A flush beats three of a kind" classname="Scenario: A flush beats three of a kind" time="0"/>
  <testcase name="Given two hands" classname="Scenario: A flush beats two pairs" time="0"/>
  <testcase name="Then hand one beats hand two whether it belongs to AIP or HTB" classname="Scenario: A flush beats two pairs" time="0"/>
  <testcase name="Scenario: A flush beats two pairs" classname="Scenario: A flush beats two pairs" time="0"/>
  <testcase name="Given two hands" classname="Scenario: A flush beats one pair" time="0"/>
  <testcase name="Then hand one beats hand two whether it belongs to AIP or HTB" classname="Scenario: A flush beats one pair" time="0"/>
  <testcase name="Scenario: A flush beats one pair" classname="Scenario: A flush beats one pair" time="0"/>
  <testcase name="Given two hands" classname="Scenario: A flush beats high card" time="0"/>
  <testcase name="Then hand one beats hand two whether it belongs to AIP or HTB" classname="Scenario: A flush beats high card" time="0"/>
  <testcase name="Scenario: A flush beats high card" classname="Scenario: A flush beats high card" time="0"/>
  <testcase name="Given two hands" classname="Scenario: A straight beats three of a kind" time="0"/>
  <testcase name="Then hand one beats hand two whether it belongs to AIP or HTB" classname="Scenario: A straight beats three of a kind" time="0"/>
  <testcase name="Scenario: A straight beats three of a kind" classname="Scenario: A straight beats three of a kind" time="0"/>
  <testcase name="Given two hands" classname="Scenario: A straight beats two pairs" time="0"/>
  <testcase name="Then hand one beats hand two whether it belongs to AIP or HTB" classname="Scenario: A straight beats two pairs" time="0"/>
  <testcase name="Scenario: A straight beats two pairs" classname="Scenario: A straight beats two pairs" time="0"/>
  <testcase name="Given two hands" classname="Scenario: A straight beats one pair" time="0"/>
  <testcase name="Then hand one beats hand two whether it belongs to AIP or HTB" classname="Scenario: A straight beats one pair" time="0"/>
  <testcase name="Scenario: A straight beats one pair" classname="Scenario: A straight beats one pair" time="0"/>
  <testcase name="Given two hands" classname="Scenario: A straight beats high card" time="0"/>
  <testcase name="Then hand one beats hand two whether it belongs to AIP or HTB" classname="Scenario: A straight beats high card" time="0"/>
  <testcase name="Scenario: A straight beats high card" classname="Scenario: A straight beats high card" time="0"/>
  <testcase name="Given two hands" classname="Scenario: A three of a kind beats two pairs" time="0"/>
  <testcase name="Then hand one beats hand two whether it belongs to AIP or HTB" classname="Scenario: A three of a kind beats two pairs" time="0"/>
  <testcase name="Scenario: A three of a kind beats two pairs" classname="Scenario: A three of a kind beats two pairs" time="0"/>
  <testcase name="Given two hands" classname="Scenario: A three of a kind beats one pair" time="0"/>
  <testcase name="Then hand one beats hand two whether it belongs to AIP or HTB" classname="Scenario: A three of a kind beats one pair" time="0"/>
  <testcase name="Scenario: A three of a kind beats one pair" classname="Scenario: A three of a kind beats one pair" time="0"/>
  <testcase name="Given two hands" classname="Scenario: A three of a kind beats high card" time="0"/>
  <testcase name="Then hand one beats hand two whether it belongs to AIP or HTB" classname="Scenario: A three of a kind beats high card" time="0"/>
  <testcase name="Scenario: A three of a kind beats high card" classname="Scenario: A three of a kind beats high card" time="0"/>
  <testcase name="Given two hands" classname="Scenario: A two pairs beats one pair" time="0"/>
  <testcase name="Then hand one beats hand two whether it belongs to AIP or HTB" classname="Scenario: A two pairs beats one pair" time="0"/>
  <testcase name="Scenario: A two pairs beats one pair" classname="Scenario: A two pairs beats one pair" time="0"/>
  <testcase name="Given two hands" classname="Scenario: A two pairs beats high card" time="0"/>
  <testcase name="Then hand one beats hand two whether it belongs to AIP or HTB" classname="Scenario: A two pairs beats high card" time="0"/>
  <testcase name="Scenario: A two pairs beats high card" classname="Scenario: A two pairs beats high card" time="0"/>
  <testcase name="Given two hands" classname="Scenario: One pair beats high card" time="0"/>
  <testcase name="Then hand one beats hand two whether it belongs to AIP or HTB" classname="Scenario: One pair beats high card" time="0"/>
  <testcase name="Scenario: One pair beats high card" classname="Scenario: One pair beats high card" time="0"/>
  <testcase name="Given I have input files" classname="Scenario: Run The Program" time="0"/>
  <testcase name="When I run the program" classname="Scenario: Run The Program" time="0"/>
  <testcase name="Then the result should be that the program is run" classname="Scenario: Run The Program" time="0"/>
  <testcase name="Scenario: Run The Program" classname="Scenario: Run The Program" time="0"/>
  <testcase name="Given two hands" classname="Scenario: A royal flush is determined by suit" time="0"/>
  <testcase name="Then hand one beats hand two whether it belongs to AIP or HTB" classname="Scenario: A royal flush is determined by suit" time="0"/>
  <testcase name="Scenario: A royal flush is determined by suit" classname="Scenario: A royal flush is determined by suit" time="0"/>
  <testcase name="Given two hands" classname="Scenario: Straight flush wins with highest ranked card" time="0"/>
  <testcase name="Then hand one beats hand two whether it belongs to AIP or HTB" classname="Scenario: Straight flush wins with highest ranked card" time="0"/>
  <testcase name="Scenario: Straight flush wins with highest ranked card" classname="Scenario: Straight flush wins with highest ranked card" time="0"/>
  <testcase name="Given two hands" classname="Scenario: Straight flush with the same highest card wins by suit" time="0"/>
  <testcase name="Then hand one beats hand two whether it belongs to AIP or HTB" classname="Scenario: Straight flush with the same highest card wins by suit" time="0"/>
  <testcase name="Scenario: Straight flush with the same highest card wins by suit" classname="Scenario: Straight flush with the same highest card wins by suit" time="0"/>
  <testcase name="Given two hands" classname="Scenario: Four of a kind is decided by highest card of the four of a kinds" time="0"/>
  <testcase name="Then hand one beats hand two whether it belongs to AIP or HTB" classname="Scenario: Four of a kind is decided by highest card of the four of a kinds" time="0"/>
  <testcase name="Scenario: Four of a kind is decided by highest card of the four of a kinds" classname="Scenario: Four of a kind is decided by highest card of the four of a kinds" time="0"/>
  <testcase name="Given two hands" classname="Scenario: Highest card of two triplets in a full house is the winner" time="0"/>
  <testcase name="Then hand one beats hand two whether it belongs to AIP or HTB" classname="Scenario: Highest card of two triplets in a full house is the winner" time="0"/>
  <testcase name="Scenario: Highest card of two triplets in a full house is the winner" classname="Scenario: Highest card of two triplets in a full house is the winner" time="0"/>
  <testcase name="Given two hands" classname="Scenario: Highest card of triplets wins" time="0"/>
  <testcase name="Then hand one beats hand two whether it belongs to AIP or HTB" classname="Scenario: Highest card of triplets wins" time="0"/>
  <testcase name="Scenario: Highest card of triplets wins" classname="Scenario: Highest card of triplets wins" time="0"/>
  <testcase name="Given two hands" classname="Scenario: Straight with same rank of highest card is determined by suit of highest card" time="0"/>
  <testcase name="Then hand one beats hand two whether it belongs to AIP or HTB" classname="Scenario: Straight with same rank of highest card is determined by suit of highest card" time="0"/>
  <testcase name="Scenario: Straight with same rank of highest card is determined by suit of highest card" classname="Scenario: Straight with same rank of highest card is determined by suit of highest card" time="0"/>
  <testcase name="Given two hands" classname="Scenario: Straight with differently ranked highest cards are win based off the rank of the high card" time="0"/>
  <testcase name="Then hand one beats hand two whether it belongs to AIP or HTB" classname="Scenario: Straight with differently ranked highest cards are win based off the rank of the high card" time="0"/>
  <testcase name="Scenario: Straight with differently ranked highest cards are win based off the rank of the high card" classname="Scenario: Straight with differently ranked highest cards are win based off the rank of the high card" time="0"/>
  <testcase name="Given two hands" classname="Scenario: If there are two pairs in each hand then the highest suit of the highest ranked one wins" time="0"/>
  <testcase name="Then hand one beats hand two whether it belongs to AIP or HTB" classname="Scenario: If there are two pairs in each hand then the highest suit of the highest ranked one wins" time="0"/>
  <testcase name="Scenario: If there are two pairs in each hand then the highest suit of the highest ranked one wins" classname="Scenario: If there are two pairs in each hand then the highest suit of the highest ranked one wins" time="0"/>
  <testcase name="Given two hands" classname="Scenario: If there are two pairs in each hand then the highest ranked wins" time="0"/>
  <testcase name="Then hand one beats hand two whether it belongs to AIP or HTB" classname="Scenario: If there are two pairs in each hand then the highest ranked wins" time="0"/>
  <testcase name="Scenario: If there are two pairs in each hand then the highest ranked wins" classname="Scenario: If there are two pairs in each hand then the highest ranked wins" time="0.001"/>
  <testcase name="Given two hands" classname="Scenario: Both hands with same ranked pair then highest suit wins" time="0"/>
  <testcase name="Then hand one beats hand two whether it belongs to AIP or HTB" classname="Scenario: Both hands with same ranked pair then highest suit wins" time="0"/>
  <testcase name="Scenario: Both hands with same ranked pair then highest suit wins" classname="Scenario: Both hands with same ranked pair then highest suit wins" time="0"/>
  <testcase name="Given two hands" classname="Scenario: Both hands with different ranked pair then highest rank of pair wins" time="0"/>
  <testcase name="Then hand one beats hand two whether it belongs to AIP or HTB" classname="Scenario: Both hands with different ranked pair then highest rank of pair wins" time="0"/>
  <testcase name="Scenario: Both hands with different ranked pair then highest rank of pair wins" classname="Scenario: Both hands with different ranked pair then highest rank of pair wins" time="0"/>
  <testcase name="Given two hands" classname="Scenario: High card hands are determined by suit if highest cards have same rank" time="0"/>
  <testcase name="Then hand one beats hand two whether it belongs to AIP or HTB" classname="Scenario: High card hands are determined by suit if highest cards have same rank" time="0"/>
  <testcase name="Scenario: High card hands are determined by suit if highest cards have same rank" classname="Scenario: High card hands are determined by suit if highest cards have same rank" time="0"/>
  <testcase name="Given two hands" classname="Scenario: High card wins based off rank regardless of suit" time="0"/>
  <testcase name="Then hand one beats hand two whether it belongs to AIP or HTB" classname="Scenario: High card wins based off rank regardless of suit" time="0"/>
  <testcase name="Scenario: High card wins based off rank regardless of suit" classname="Scenario: High card wins based off rank regardless of suit" time="0"/>
  <testcase name="Given two hands" classname="Scenario: Flush with 5 cards of the same rank is determined by suit" time="0"/>
  <testcase name="Then hand one beats hand two whether it belongs to AIP or HTB" classname="Scenario: Flush with 5 cards of the same rank is determined by suit" time="0"/>
  <testcase name="Scenario: Flush with 5 cards of the same rank is determined by suit" classname="Scenario: Flush with 5 cards of the same rank is determined by suit" time="0"/>
  <testcase name="Given two hands" classname="Scenario: Flush with 4 highest cards being the same rank then the 5th is the determining one" time="0"/>
  <testcase name="Then hand one beats hand two whether it belongs to AIP or HTB" classname="Scenario: Flush with 4 highest cards being the same rank then the 5th is the determining one" time="0"/>
  <testcase name="Scenario: Flush with 4 highest cards being the same rank then the 5th is the determining one" classname="Scenario: Flush with 4 highest cards being the same rank then the 5th is the determining one" time="0"/>
  <testcase name="Given two hands" classname="Scenario: Flush with 3 highest cards being the same rank then the best of remaining 4 win" time="0"/>
  <testcase name="Then hand one beats hand two whether it belongs to AIP or HTB" classname="Scenario: Flush with 3 highest cards being the same rank then the best of remaining 4 win" time="0"/>
  <testcase name="Scenario: Flush with 3 highest cards being the same rank then the best of remaining 4 win" classname="Scenario: Flush with 3 highest cards being the same rank then the best of remaining 4 win" time="0"/>
  <testcase name="Given two hands" classname="Scenario: Flush with 2 highest cards being the same rank then the best of remaining 6 win" time="0"/>
  <testcase name="Then hand one beats hand two whether it belongs to AIP or HTB" classname="Scenario: Flush with 2 highest cards being the same rank then the best of remaining 6 win" time="0"/>
  <testcase name="Scenario: Flush with 2 highest cards being the same rank then the best of remaining 6 win" classname="Scenario: Flush with 2 highest cards being the same rank then the best of remaining 6 win" time="0"/>
  <testcase name="Given two hands" classname="Scenario: Flush with 1 highest card being the same rank then the best of remaining 8 win" time="0"/>
  <testcase name="Then hand one beats hand two whether it belongs to AIP or HTB" classname="Scenario: Flush with 1 highest card being the same rank then the best of remaining 8 win" time="0"/>
  <testcase name="Scenario: Flush with 1 highest card being the same rank then the best of remaining 8 win" classname="Scenario: Flush with 1 highest card being the same rank then the best of remaining 8 win" time="0"/>
</testsuite>