-------------------------------------------------------------------------------
Test set: comp4004.a1.HandTest
-------------------------------------------------------------------------------
Tests run: 6, Failures: 1, Errors: 0, Skipped: 0, Time elapsed: 0.009 s <<< FAILURE! - in comp4004.a1.HandTest
isRoyalFlushTest(comp4004.a1.HandTest)  Time elapsed: 0.008 s  <<< FAILURE!
java.lang.AssertionError
	at comp4004.a1.HandTest.isRoyalFlushTest(HandTest.java:106)

