<?xml version="1.0" encoding="UTF-8"?>
<testsuite xmlns:xsi="http://www.w3.org/2001/XMLSchema-instance" xsi:noNamespaceSchemaLocation="https://maven.apache.org/surefire/maven-surefire-plugin/xsd/surefire-test-report.xsd" name="comp4004.a1.CucumberRunnerTest" time="3.004" tests="1066" errors="0" skipped="0" failures="0">
  <properties>
[...]
</properties>
  <testcase name="Given A set of cards with &quot;S S S S S&quot; and &quot;10 J Q K A&quot;" classname="| S S S S S | 10 J Q K A |" time="0.001"/>
  <testcase name="Given A set of cards with &quot;S S S S S&quot; and &quot;10 J Q K A&quot;" classname="| S S S S S | 10 J Q K A |" time="0"/>
  <testcase name="Then the hand should be a royal flush in any order" classname="| S S S S S | 10 J Q K A |" time="0"/>
  <testcase name="| S S S S S | 10 J Q K A |" classname="| S S S S S | 10 J Q K A |" time="0"/>
  <testcase name="| S S S S S | 10 J Q K A |" classname="| S S S S S | 10 J Q K A |" time="0"/>
  <testcase name="Given A set of cards with &quot;C C C C C&quot; and &quot;10 J Q K A&quot;" classname="| C C C C C | 10 J Q K A |" time="0"/>
  <testcase name="Given A set of cards with &quot;C C C C C&quot; and &quot;10 J Q K A&quot;" classname="| C C C C C | 10 J Q K A |" time="0"/>
  <testcase name="Then the hand should be a royal flush in any order" classname="| C C C C C | 10 J Q K A |" time="0"/>
  <testcase name="| C C C C C | 10 J Q K A |" classname="| C C C C C | 10 J Q K A |" time="0"/>
  <testcase name="| C C C C C | 10 J Q K A |" classname="| C C C C C | 10 J Q K A |" time="0"/>
  <testcase name="Given A set of cards with &quot;H H H H H&quot; and &quot;10 J Q K A&quot;" classname="| H H H H H | 10 J Q K A |" time="0"/>
  <testcase name="Given A set of cards with &quot;H H H H H&quot; and &quot;10 J Q K A&quot;" classname="| H H H H H | 10 J Q K A |" time="0"/>
  <testcase name="Then the hand should be a royal flush in any order" classname="| H H H H H | 10 J Q K A |" time="0"/>
  <testcase name="| H H H H H | 10 J Q K A |" classname="| H H H H H | 10 J Q K A |" time="0.003"/>
  <testcase name="| H H H H H | 10 J Q K A |" classname="| H H H H H | 10 J Q K A |" time="0"/>
  <testcase name="Given A set of cards with &quot;D D D D D&quot; and &quot;10 J Q K A&quot;" classname="| D D D D D | 10 J Q K A |" time="0"/>
  <testcase name="Given A set of cards with &quot;D D D D D&quot; and &quot;10 J Q K A&quot;" classname="| D D D D D | 10 J Q K A |" time="0"/>
  <testcase name="Then the hand should be a royal flush in any order" classname="| D D D D D | 10 J Q K A |" time="0"/>
  <testcase name="| D D D D D | 10 J Q K A |" classname="| D D D D D | 10 J Q K A |" time="0"/>
  <testcase name="| D D D D D | 10 J Q K A |" classname="| D D D D D | 10 J Q K A |" time="0.001"/>
  <testcase name="Then the hand should be a straight flush in any order" classname="| S S S S S | 10 J Q K A |" time="0"/>
  <testcase name="Given A set of cards with &quot;S S S S S&quot; and &quot;9 10 J Q K&quot;" classname="| S S S S S | 9 10 J Q K |" time="0"/>
  <testcase name="Then the hand should be a straight flush in any order" classname="| S S S S S | 9 10 J Q K |" time="0"/>
  <testcase name="| S S S S S | 9 10 J Q K |" classname="| S S S S S | 9 10 J Q K |" time="0"/>
  <testcase name="Given A set of cards with &quot;S S S S S&quot; and &quot;8 9 10 J Q&quot;" classname="| S S S S S | 8 9 10 J Q |" time="0"/>
  <testcase name="Then the hand should be a straight flush in any order" classname="| S S S S S | 8 9 10 J Q |" time="0"/>
  <testcase name="| S S S S S | 8 9 10 J Q |" classname="| S S S S S | 8 9 10 J Q |" time="0"/>
  <testcase name="Given A set of cards with &quot;S S S S S&quot; and &quot;7 8 9 10 J&quot;" classname="| S S S S S | 7 8 9 10 J |" time="0"/>
  <testcase name="Then the hand should be a straight flush in any order" classname="| S S S S S | 7 8 9 10 J |" time="0"/>
  <testcase name="| S S S S S | 7 8 9 10 J |" classname="| S S S S S | 7 8 9 10 J |" time="0"/>
  <testcase name="Given A set of cards with &quot;S S S S S&quot; and &quot;6 7 8 9 10&quot;" classname="| S S S S S | 6 7 8 9 10 |" time="0.001"/>
  <testcase name="Then the hand should be a straight flush in any order" classname="| S S S S S | 6 7 8 9 10 |" time="0"/>
  <testcase name="| S S S S S | 6 7 8 9 10 |" classname="| S S S S S | 6 7 8 9 10 |" time="0.001"/>
  <testcase name="Given A set of cards with &quot;S S S S S&quot; and &quot;5 6 7 8 9&quot;" classname="| S S S S S | 5 6 7 8 9 |" time="0"/>
  <testcase name="Then the hand should be a straight flush in any order" classname="| S S S S S | 5 6 7 8 9 |" time="0"/>
  <testcase name="| S S S S S | 5 6 7 8 9 |" classname="| S S S S S | 5 6 7 8 9 |" time="0"/>
  <testcase name="Given A set of cards with &quot;S S S S S&quot; and &quot;4 5 6 7 8&quot;" classname="| S S S S S | 4 5 6 7 8 |" time="0"/>
  <testcase name="Then the hand should be a straight flush in any order" classname="| S S S S S | 4 5 6 7 8 |" time="0"/>
  <testcase name="| S S S S S | 4 5 6 7 8 |" classname="| S S S S S | 4 5 6 7 8 |" time="0"/>
  <testcase name="Given A set of cards with &quot;S S S S S&quot; and &quot;3 4 5 6 7&quot;" classname="| S S S S S | 3 4 5 6 7 |" time="0"/>
  <testcase name="Then the hand should be a straight flush in any order" classname="| S S S S S | 3 4 5 6 7 |" time="0"/>
  <testcase name="| S S S S S | 3 4 5 6 7 |" classname="| S S S S S | 3 4 5 6 7 |" time="0"/>
  <testcase name="Given A set of cards with &quot;S S S S S&quot; and &quot;2 3 4 5 6&quot;" classname="| S S S S S | 2 3 4 5 6 |" time="0"/>
  <testcase name="Then the hand should be a straight flush in any order" classname="| S S S S S | 2 3 4 5 6 |" time="0"/>
  <testcase name="| S S S S S | 2 3 4 5 6 |" classname="| S S S S S | 2 3 4 5 6 |" time="0"/>
  <testcase name="Given A set of cards with &quot;S S S S S&quot; and &quot;A 2 3 4 5&quot;" classname="| S S S S S | A 2 3 4 5 |" time="0"/>
  <testcase name="Then the hand should be a straight flush in any order" classname="| S S S S S | A 2 3 4 5 |" time="0"/>
  <testcase name="| S S S S S | A 2 3 4 5 |" classname="| S S S S S | A 2 3 4 5 |" time="0"/>
  <testcase name="Then the hand should be a straight flush in any order" classname="| D D D D D | 10 J Q K A |" time="0"/>
  <testcase name="Given A set of cards with &quot;D D D D D&quot; and &quot;9 10 J Q K&quot;" classname="| D D D D D | 9 10 J Q K |" time="0"/>
  <testcase name="Then the hand should be a straight flush in any order" classname="| D D D D D | 9 10 J Q K |" time="0"/>
  <testcase name="| D D D D D | 9 10 J Q K |" classname="| D D D D D | 9 10 J Q K |" time="0"/>
  <testcase name="Given A set of cards with &quot;D D D D D&quot; and &quot;8 9 10 J Q&quot;" classname="| D D D D D | 8 9 10 J Q |" time="0"/>
  <testcase name="Then the hand should be a straight flush in any order" classname="| D D D D D | 8 9 10 J Q |" time="0"/>
  <testcase name="| D D D D D | 8 9 10 J Q |" classname="| D D D D D | 8 9 10 J Q |" time="0"/>
  <testcase name="Given A set of cards with &quot;D D D D D&quot; and &quot;7 8 9 10 J&quot;" classname="| D D D D D | 7 8 9 10 J |" time="0"/>
  <testcase name="Then the hand should be a straight flush in any order" classname="| D D D D D | 7 8 9 10 J |" time="0"/>
  <testcase name="| D D D D D | 7 8 9 10 J |" classname="| D D D D D | 7 8 9 10 J |" time="0"/>
  <testcase name="Given A set of cards with &quot;D D D D D&quot; and &quot;6 7 8 9 10&quot;" classname="| D D D D D | 6 7 8 9 10 |" time="0"/>
  <testcase name="Then the hand should be a straight flush in any order" classname="| D D D D D | 6 7 8 9 10 |" time="0"/>
  <testcase name="| D D D D D | 6 7 8 9 10 |" classname="| D D D D D | 6 7 8 9 10 |" time="0"/>
  <testcase name="Given A set of cards with &quot;D D D D D&quot; and &quot;5 6 7 8 9&quot;" classname="| D D D D D | 5 6 7 8 9 |" time="0"/>
  <testcase name="Then the hand should be a straight flush in any order" classname="| D D D D D | 5 6 7 8 9 |" time="0"/>
  <testcase name="| D D D D D | 5 6 7 8 9 |" classname="| D D D D D | 5 6 7 8 9 |" time="0"/>
  <testcase name="Given A set of cards with &quot;D D D D D&quot; and &quot;4 5 6 7 8&quot;" classname="| D D D D D | 4 5 6 7 8 |" time="0"/>
  <testcase name="Then the hand should be a straight flush in any order" classname="| D D D D D | 4 5 6 7 8 |" time="0"/>
  <testcase name="| D D D D D | 4 5 6 7 8 |" classname="| D D D D D | 4 5 6 7 8 |" time="0.001"/>
  <testcase name="Given A set of cards with &quot;D D D D D&quot; and &quot;3 4 5 6 7&quot;" classname="| D D D D D | 3 4 5 6 7 |" time="0"/>
  <testcase name="Then the hand should be a straight flush in any order" classname="| D D D D D | 3 4 5 6 7 |" time="0"/>
  <testcase name="| D D D D D | 3 4 5 6 7 |" classname="| D D D D D | 3 4 5 6 7 |" time="0"/>
  <testcase name="Given A set of cards with &quot;D D D D D&quot; and &quot;2 3 4 5 6&quot;" classname="| D D D D D | 2 3 4 5 6 |" time="0"/>
  <testcase name="Then the hand should be a straight flush in any order" classname="| D D D D D | 2 3 4 5 6 |" time="0"/>
  <testcase name="| D D D D D | 2 3 4 5 6 |" classname="| D D D D D | 2 3 4 5 6 |" time="0"/>
  <testcase name="Given A set of cards with &quot;D D D D D&quot; and &quot;A 2 3 4 5&quot;" classname="| D D D D D | A 2 3 4 5 |" time="0"/>
  <testcase name="Then the hand should be a straight flush in any order" classname="| D D D D D | A 2 3 4 5 |" time="0"/>
  <testcase name="| D D D D D | A 2 3 4 5 |" classname="| D D D D D | A 2 3 4 5 |" time="0.001"/>
  <testcase name="Then the hand should be a straight flush in any order" classname="| H H H H H | 10 J Q K A |" time="0"/>
  <testcase name="Given A set of cards with &quot;H H H H H&quot; and &quot;9 10 J Q K&quot;" classname="| H H H H H | 9 10 J Q K |" time="0"/>
  <testcase name="Then the hand should be a straight flush in any order" classname="| H H H H H | 9 10 J Q K |" time="0"/>
  <testcase name="| H H H H H | 9 10 J Q K |" classname="| H H H H H | 9 10 J Q K |" time="0"/>
  <testcase name="Given A set of cards with &quot;H H H H H&quot; and &quot;8 9 10 J Q&quot;" classname="| H H H H H | 8 9 10 J Q |" time="0"/>
  <testcase name="Then the hand should be a straight flush in any order" classname="| H H H H H | 8 9 10 J Q |" time="0"/>
  <testcase name="| H H H H H | 8 9 10 J Q |" classname="| H H H H H | 8 9 10 J Q |" time="0"/>
  <testcase name="Given A set of cards with &quot;H H H H H&quot; and &quot;7 8 9 10 J&quot;" classname="| H H H H H | 7 8 9 10 J |" time="0"/>
  <testcase name="Then the hand should be a straight flush in any order" classname="| H H H H H | 7 8 9 10 J |" time="0"/>
  <testcase name="| H H H H H | 7 8 9 10 J |" classname="| H H H H H | 7 8 9 10 J |" time="0"/>
  <testcase name="Given A set of cards with &quot;H H H H H&quot; and &quot;6 7 8 9 10&quot;" classname="| H H H H H | 6 7 8 9 10 |" time="0"/>
  <testcase name="Then the hand should be a straight flush in any order" classname="| H H H H H | 6 7 8 9 10 |" time="0"/>
  <testcase name="| H H H H H | 6 7 8 9 10 |" classname="| H H H H H | 6 7 8 9 10 |" time="0"/>
  <testcase name="Given A set of cards with &quot;H H H H H&quot; and &quot;5 6 7 8 9&quot;" classname="| H H H H H | 5 6 7 8 9 |" time="0"/>
  <testcase name="Then the hand should be a straight flush in any order" classname="| H H H H H | 5 6 7 8 9 |" time="0"/>
  <testcase name="| H H H H H | 5 6 7 8 9 |" classname="| H H H H H | 5 6 7 8 9 |" time="0"/>
  <testcase name="Given A set of cards with &quot;H H H H H&quot; and &quot;4 5 6 7 8&quot;" classname="| H H H H H | 4 5 6 7 8 |" time="0"/>
  <testcase name="Then the hand should be a straight flush in any order" classname="| H H H H H | 4 5 6 7 8 |" time="0"/>
  <testcase name="| H H H H H | 4 5 6 7 8 |" classname="| H H H H H | 4 5 6 7 8 |" time="0"/>
  <testcase name="Given A set of cards with &quot;H H H H H&quot; and &quot;3 4 5 6 7&quot;" classname="| H H H H H | 3 4 5 6 7 |" time="0"/>
  <testcase name="Then the hand should be a straight flush in any order" classname="| H H H H H | 3 4 5 6 7 |" time="0"/>
  <testcase name="| H H H H H | 3 4 5 6 7 |" classname="| H H H H H | 3 4 5 6 7 |" time="0"/>
  <testcase name="Given A set of cards with &quot;H H H H H&quot; and &quot;2 3 4 5 6&quot;" classname="| H H H H H | 2 3 4 5 6 |" time="0"/>
  <testcase name="Then the hand should be a straight flush in any order" classname="| H H H H H | 2 3 4 5 6 |" time="0"/>
  <testcase name="| H H H H H | 2 3 4 5 6 |" classname="| H H H H H | 2 3 4 5 6 |" time="0"/>
  <testcase name="Given A set of cards with &quot;H H H H H&quot; and &quot;A 2 3 4 5&quot;" classname="| H H H H H | A 2 3 4 5 |" time="0"/>
  <testcase name="Then the hand should be a straight flush in any order" classname="| H H H H H | A 2 3 4 5 |" time="0"/>
  <testcase name="| H H H H H | A 2 3 4 5 |" classname="| H H H H H | A 2 3 4 5 |" time="0"/>
  <testcase name="Then the hand should be a straight flush in any order" classname="| C C C C C | 10 J Q K A |" time="0"/>
  <testcase name="Given A set of cards with &quot;C C C C C&quot; and &quot;9 10 J Q K&quot;" classname="| C C C C C | 9 10 J Q K |" time="0"/>
  <testcase name="Then the hand should be a straight flush in any order" classname="| C C C C C | 9 10 J Q K |" time="0"/>
  <testcase name="| C C C C C | 9 10 J Q K |" classname="| C C C C C | 9 10 J Q K |" time="0"/>
  <testcase name="Given A set of cards with &quot;C C C C C&quot; and &quot;8 9 10 J Q&quot;" classname="| C C C C C | 8 9 10 J Q |" time="0"/>
  <testcase name="Then the hand should be a straight flush in any order" classname="| C C C C C | 8 9 10 J Q |" time="0"/>
  <testcase name="| C C C C C | 8 9 10 J Q |" classname="| C C C C C | 8 9 10 J Q |" time="0"/>
  <testcase name="Given A set of cards with &quot;C C C C C&quot; and &quot;7 8 9 10 J&quot;" classname="| C C C C C | 7 8 9 10 J |" time="0"/>
  <testcase name="Then the hand should be a straight flush in any order" classname="| C C C C C | 7 8 9 10 J |" time="0"/>
  <testcase name="| C C C C C | 7 8 9 10 J |" classname="| C C C C C | 7 8 9 10 J |" time="0"/>
  <testcase name="Given A set of cards with &quot;C C C C C&quot; and &quot;6 7 8 9 10&quot;" classname="| C C C C C | 6 7 8 9 10 |" time="0"/>
  <testcase name="Then the hand should be a straight flush in any order" classname="| C C C C C | 6 7 8 9 10 |" time="0"/>
  <testcase name="| C C C C C | 6 7 8 9 10 |" classname="| C C C C C | 6 7 8 9 10 |" time="0"/>
  <testcase name="Given A set of cards with &quot;C C C C C&quot; and &quot;5 6 7 8 9&quot;" classname="| C C C C C | 5 6 7 8 9 |" time="0"/>
  <testcase name="Then the hand should be a straight flush in any order" classname="| C C C C C | 5 6 7 8 9 |" time="0"/>
  <testcase name="| C C C C C | 5 6 7 8 9 |" classname="| C C C C C | 5 6 7 8 9 |" time="0"/>
  <testcase name="Given A set of cards with &quot;C C C C C&quot; and &quot;4 5 6 7 8&quot;" classname="| C C C C C | 4 5 6 7 8 |" time="0"/>
  <testcase name="Then the hand should be a straight flush in any order" classname="| C C C C C | 4 5 6 7 8 |" time="0"/>
  <testcase name="| C C C C C | 4 5 6 7 8 |" classname="| C C C C C | 4 5 6 7 8 |" time="0"/>
  <testcase name="Given A set of cards with &quot;C C C C C&quot; and &quot;3 4 5 6 7&quot;" classname="| C C C C C | 3 4 5 6 7 |" time="0"/>
  <testcase name="Then the hand should be a straight flush in any order" classname="| C C C C C | 3 4 5 6 7 |" time="0"/>
  <testcase name="| C C C C C | 3 4 5 6 7 |" classname="| C C C C C | 3 4 5 6 7 |" time="0"/>
  <testcase name="Given A set of cards with &quot;C C C C C&quot; and &quot;2 3 4 5 6&quot;" classname="| C C C C C | 2 3 4 5 6 |" time="0"/>
  <testcase name="Then the hand should be a straight flush in any order" classname="| C C C C C | 2 3 4 5 6 |" time="0"/>
  <testcase name="| C C C C C | 2 3 4 5 6 |" classname="| C C C C C | 2 3 4 5 6 |" time="0"/>
  <testcase name="Given A set of cards with &quot;C C C C C&quot; and &quot;A 2 3 4 5&quot;" classname="| C C C C C | A 2 3 4 5 |" time="0"/>
  <testcase name="Then the hand should be a straight flush in any order" classname="| C C C C C | A 2 3 4 5 |" time="0"/>
  <testcase name="| C C C C C | A 2 3 4 5 |" classname="| C C C C C | A 2 3 4 5 |" time="0"/>
  <testcase name="Given A set of cards with &quot;C H D C S&quot; and &quot;5 5 5 5 6&quot;" classname="| C H D C S | 5 5 5 5 6 |" time="0"/>
  <testcase name="Then the hand should be a four of a kind in any order" classname="| C H D C S | 5 5 5 5 6 |" time="0"/>
  <testcase name="| C H D C S | 5 5 5 5 6 |" classname="| C H D C S | 5 5 5 5 6 |" time="0"/>
  <testcase name="Given A set of cards with &quot;C H S D S&quot; and &quot;2 2 A 2 2&quot;" classname="| C H S D S | 2 2 A 2 2 |" time="0"/>
  <testcase name="Then the hand should be a four of a kind in any order" classname="| C H S D S | 2 2 A 2 2 |" time="0"/>
  <testcase name="| C H S D S | 2 2 A 2 2 |" classname="| C H S D S | 2 2 A 2 2 |" time="0"/>
  <testcase name="Given A set of cards with &quot;C H S D S&quot; and &quot;A 2 2 2 2&quot;" classname="| C H S D S | A 2 2 2 2 |" time="0"/>
  <testcase name="Then the hand should be a four of a kind in any order" classname="| C H S D S | A 2 2 2 2 |" time="0"/>
  <testcase name="| C H S D S | A 2 2 2 2 |" classname="| C H S D S | A 2 2 2 2 |" time="0"/>
  <testcase name="Given A set of cards with &quot;C H S D S&quot; and &quot;2 A 2 2 2&quot;" classname="| C H S D S | 2 A 2 2 2 |" time="0"/>
  <testcase name="Then the hand should be a four of a kind in any order" classname="| C H S D S | 2 A 2 2 2 |" time="0"/>
  <testcase name="| C H S D S | 2 A 2 2 2 |" classname="| C H S D S | 2 A 2 2 2 |" time="0"/>
  <testcase name="Given A set of cards with &quot;C H S D S&quot; and &quot;2 2 2 A 2&quot;" classname="| C H S D S | 2 2 2 A 2 |" time="0"/>
  <testcase name="Then the hand should be a four of a kind in any order" classname="| C H S D S | 2 2 2 A 2 |" time="0"/>
  <testcase name="| C H S D S | 2 2 2 A 2 |" classname="| C H S D S | 2 2 2 A 2 |" time="0"/>
  <testcase name="Given A set of cards with &quot;C H S D S&quot; and &quot;2 2 2 2 A&quot;" classname="| C H S D S | 2 2 2 2 A |" time="0"/>
  <testcase name="Then the hand should be a four of a kind in any order" classname="| C H S D S | 2 2 2 2 A |" time="0"/>
  <testcase name="| C H S D S | 2 2 2 2 A |" classname="| C H S D S | 2 2 2 2 A |" time="0"/>
  <testcase name="Given A set of cards with &quot;C S H D C&quot; and &quot;2 2 4 4 4&quot;" classname="| C S H D C | 2 2 4 4 4 |" time="0"/>
  <testcase name="Then the hand should be a full house in any order" classname="| C S H D C | 2 2 4 4 4 |" time="0.001"/>
  <testcase name="| C S H D C | 2 2 4 4 4 |" classname="| C S H D C | 2 2 4 4 4 |" time="0.001"/>
  <testcase name="Given A set of cards with &quot;C S H D C&quot; and &quot;2 4 2 4 4&quot;" classname="| C S H D C | 2 4 2 4 4 |" time="0"/>
  <testcase name="Then the hand should be a full house in any order" classname="| C S H D C | 2 4 2 4 4 |" time="0"/>
  <testcase name="| C S H D C | 2 4 2 4 4 |" classname="| C S H D C | 2 4 2 4 4 |" time="0"/>
  <testcase name="Given A set of cards with &quot;C S H D C&quot; and &quot;2 4 4 2 4&quot;" classname="| C S H D C | 2 4 4 2 4 |" time="0"/>
  <testcase name="Then the hand should be a full house in any order" classname="| C S H D C | 2 4 4 2 4 |" time="0"/>
  <testcase name="| C S H D C | 2 4 4 2 4 |" classname="| C S H D C | 2 4 4 2 4 |" time="0"/>
  <testcase name="Given A set of cards with &quot;C S H D C&quot; and &quot;2 4 4 4 2&quot;" classname="| C S H D C | 2 4 4 4 2 |" time="0"/>
  <testcase name="Then the hand should be a full house in any order" classname="| C S H D C | 2 4 4 4 2 |" time="0"/>
  <testcase name="| C S H D C | 2 4 4 4 2 |" classname="| C S H D C | 2 4 4 4 2 |" time="0"/>
  <testcase name="Given A set of cards with &quot;C S H D C&quot; and &quot;4 2 2 4 4&quot;" classname="| C S H D C | 4 2 2 4 4 |" time="0"/>
  <testcase name="Then the hand should be a full house in any order" classname="| C S H D C | 4 2 2 4 4 |" time="0"/>
  <testcase name="| C S H D C | 4 2 2 4 4 |" classname="| C S H D C | 4 2 2 4 4 |" time="0"/>
  <testcase name="Given A set of cards with &quot;C S H D C&quot; and &quot;4 2 4 2 4&quot;" classname="| C S H D C | 4 2 4 2 4 |" time="0"/>
  <testcase name="Then the hand should be a full house in any order" classname="| C S H D C | 4 2 4 2 4 |" time="0"/>
  <testcase name="| C S H D C | 4 2 4 2 4 |" classname="| C S H D C | 4 2 4 2 4 |" time="0"/>
  <testcase name="Given A set of cards with &quot;C S H D C&quot; and &quot;4 2 4 4 2&quot;" classname="| C S H D C | 4 2 4 4 2 |" time="0"/>
  <testcase name="Then the hand should be a full house in any order" classname="| C S H D C | 4 2 4 4 2 |" time="0"/>
  <testcase name="| C S H D C | 4 2 4 4 2 |" classname="| C S H D C | 4 2 4 4 2 |" time="0"/>
  <testcase name="Given A set of cards with &quot;C S H D C&quot; and &quot;4 4 2 2 4&quot;" classname="| C S H D C | 4 4 2 2 4 |" time="0"/>
  <testcase name="Then the hand should be a full house in any order" classname="| C S H D C | 4 4 2 2 4 |" time="0"/>
  <testcase name="| C S H D C | 4 4 2 2 4 |" classname="| C S H D C | 4 4 2 2 4 |" time="0"/>
  <testcase name="Given A set of cards with &quot;C S H D C&quot; and &quot;4 4 2 4 2&quot;" classname="| C S H D C | 4 4 2 4 2 |" time="0"/>
  <testcase name="Then the hand should be a full house in any order" classname="| C S H D C | 4 4 2 4 2 |" time="0"/>
  <testcase name="| C S H D C | 4 4 2 4 2 |" classname="| C S H D C | 4 4 2 4 2 |" time="0"/>
  <testcase name="Given A set of cards with &quot;C S H D C&quot; and &quot;4 4 4 2 2&quot;" classname="| C S H D C | 4 4 4 2 2 |" time="0"/>
  <testcase name="Then the hand should be a full house in any order" classname="| C S H D C | 4 4 4 2 2 |" time="0"/>
  <testcase name="| C S H D C | 4 4 4 2 2 |" classname="| C S H D C | 4 4 4 2 2 |" time="0"/>
  <testcase name="Given A set of cards with &quot;S S S S S&quot; and &quot;2 2 4 5 9&quot;" classname="| S S S S S | 2 2 4 5 9 |" time="0"/>
  <testcase name="Then the hand should be a flush in any order" classname="| S S S S S | 2 2 4 5 9 |" time="0"/>
  <testcase name="| S S S S S | 2 2 4 5 9 |" classname="| S S S S S | 2 2 4 5 9 |" time="0"/>
  <testcase name="Given A set of cards with &quot;D D D D D&quot; and &quot;2 2 4 5 9&quot;" classname="| D D D D D | 2 2 4 5 9 |" time="0"/>
  <testcase name="Then the hand should be a flush in any order" classname="| D D D D D | 2 2 4 5 9 |" time="0"/>
  <testcase name="| D D D D D | 2 2 4 5 9 |" classname="| D D D D D | 2 2 4 5 9 |" time="0"/>
  <testcase name="Given A set of cards with &quot;H H H H H&quot; and &quot;2 2 4 5 9&quot;" classname="| H H H H H | 2 2 4 5 9 |" time="0"/>
  <testcase name="Then the hand should be a flush in any order" classname="| H H H H H | 2 2 4 5 9 |" time="0"/>
  <testcase name="| H H H H H | 2 2 4 5 9 |" classname="| H H H H H | 2 2 4 5 9 |" time="0"/>
  <testcase name="Given A set of cards with &quot;C C C C C&quot; and &quot;2 4 6 8 9&quot;" classname="| C C C C C | 2 4 6 8 9 |" time="0"/>
  <testcase name="Then the hand should be a flush in any order" classname="| C C C C C | 2 4 6 8 9 |" time="0"/>
  <testcase name="| C C C C C | 2 4 6 8 9 |" classname="| C C C C C | 2 4 6 8 9 |" time="0"/>
  <testcase name="Given A set of cards with &quot;C C C C C&quot; and &quot;2 4 6 9 8&quot;" classname="| C C C C C | 2 4 6 9 8 |" time="0"/>
  <testcase name="Then the hand should be a flush in any order" classname="| C C C C C | 2 4 6 9 8 |" time="0"/>
  <testcase name="| C C C C C | 2 4 6 9 8 |" classname="| C C C C C | 2 4 6 9 8 |" time="0"/>
  <testcase name="Given A set of cards with &quot;C C C C C&quot; and &quot;2 4 8 6 9&quot;" classname="| C C C C C | 2 4 8 6 9 |" time="0"/>
  <testcase name="Then the hand should be a flush in any order" classname="| C C C C C | 2 4 8 6 9 |" time="0"/>
  <testcase name="| C C C C C | 2 4 8 6 9 |" classname="| C C C C C | 2 4 8 6 9 |" time="0"/>
  <testcase name="Given A set of cards with &quot;C C C C C&quot; and &quot;2 4 8 9 6&quot;" classname="| C C C C C | 2 4 8 9 6 |" time="0"/>
  <testcase name="Then the hand should be a flush in any order" classname="| C C C C C | 2 4 8 9 6 |" time="0"/>
  <testcase name="| C C C C C | 2 4 8 9 6 |" classname="| C C C C C | 2 4 8 9 6 |" time="0.001"/>
  <testcase name="Given A set of cards with &quot;C C C C C&quot; and &quot;2 4 9 6 8&quot;" classname="| C C C C C | 2 4 9 6 8 |" time="0"/>
  <testcase name="Then the hand should be a flush in any order" classname="| C C C C C | 2 4 9 6 8 |" time="0"/>
  <testcase name="| C C C C C | 2 4 9 6 8 |" classname="| C C C C C | 2 4 9 6 8 |" time="0"/>
  <testcase name="Given A set of cards with &quot;C C C C C&quot; and &quot;2 4 9 8 6&quot;" classname="| C C C C C | 2 4 9 8 6 |" time="0"/>
  <testcase name="Then the hand should be a flush in any order" classname="| C C C C C | 2 4 9 8 6 |" time="0"/>
  <testcase name="| C C C C C | 2 4 9 8 6 |" classname="| C C C C C | 2 4 9 8 6 |" time="0"/>
  <testcase name="Given A set of cards with &quot;C C C C C&quot; and &quot;2 6 4 8 9&quot;" classname="| C C C C C | 2 6 4 8 9 |" time="0"/>
  <testcase name="Then the hand should be a flush in any order" classname="| C C C C C | 2 6 4 8 9 |" time="0"/>
  <testcase name="| C C C C C | 2 6 4 8 9 |" classname="| C C C C C | 2 6 4 8 9 |" time="0.001"/>
  <testcase name="Given A set of cards with &quot;C C C C C&quot; and &quot;2 6 4 9 8&quot;" classname="| C C C C C | 2 6 4 9 8 |" time="0"/>
  <testcase name="Then the hand should be a flush in any order" classname="| C C C C C | 2 6 4 9 8 |" time="0"/>
  <testcase name="| C C C C C | 2 6 4 9 8 |" classname="| C C C C C | 2 6 4 9 8 |" time="0"/>
  <testcase name="Given A set of cards with &quot;C C C C C&quot; and &quot;2 6 8 4 9&quot;" classname="| C C C C C | 2 6 8 4 9 |" time="0"/>
  <testcase name="Then the hand should be a flush in any order" classname="| C C C C C | 2 6 8 4 9 |" time="0"/>
  <testcase name="| C C C C C | 2 6 8 4 9 |" classname="| C C C C C | 2 6 8 4 9 |" time="0"/>
  <testcase name="Given A set of cards with &quot;C C C C C&quot; and &quot;2 6 8 9 4&quot;" classname="| C C C C C | 2 6 8 9 4 |" time="0"/>
  <testcase name="Then the hand should be a flush in any order" classname="| C C C C C | 2 6 8 9 4 |" time="0"/>
  <testcase name="| C C C C C | 2 6 8 9 4 |" classname="| C C C C C | 2 6 8 9 4 |" time="0"/>
  <testcase name="Given A set of cards with &quot;C C C C C&quot; and &quot;2 6 9 4 8&quot;" classname="| C C C C C | 2 6 9 4 8 |" time="0"/>
  <testcase name="Then the hand should be a flush in any order" classname="| C C C C C | 2 6 9 4 8 |" time="0"/>
  <testcase name="| C C C C C | 2 6 9 4 8 |" classname="| C C C C C | 2 6 9 4 8 |" time="0"/>
  <testcase name="Given A set of cards with &quot;C C C C C&quot; and &quot;2 6 9 8 4&quot;" classname="| C C C C C | 2 6 9 8 4 |" time="0"/>
  <testcase name="Then the hand should be a flush in any order" classname="| C C C C C | 2 6 9 8 4 |" time="0"/>
  <testcase name="| C C C C C | 2 6 9 8 4 |" classname="| C C C C C | 2 6 9 8 4 |" time="0"/>
  <testcase name="Given A set of cards with &quot;C C C C C&quot; and &quot;2 8 4 6 9&quot;" classname="| C C C C C | 2 8 4 6 9 |" time="0"/>
  <testcase name="Then the hand should be a flush in any order" classname="| C C C C C | 2 8 4 6 9 |" time="0"/>
  <testcase name="| C C C C C | 2 8 4 6 9 |" classname="| C C C C C | 2 8 4 6 9 |" time="0"/>
  <testcase name="Given A set of cards with &quot;C C C C C&quot; and &quot;2 8 4 9 6&quot;" classname="| C C C C C | 2 8 4 9 6 |" time="0"/>
  <testcase name="Then the hand should be a flush in any order" classname="| C C C C C | 2 8 4 9 6 |" time="0"/>
  <testcase name="| C C C C C | 2 8 4 9 6 |" classname="| C C C C C | 2 8 4 9 6 |" time="0"/>
  <testcase name="Given A set of cards with &quot;C C C C C&quot; and &quot;2 8 6 4 9&quot;" classname="| C C C C C | 2 8 6 4 9 |" time="0.001"/>
  <testcase name="Then the hand should be a flush in any order" classname="| C C C C C | 2 8 6 4 9 |" time="0"/>
  <testcase name="| C C C C C | 2 8 6 4 9 |" classname="| C C C C C | 2 8 6 4 9 |" time="0"/>
  <testcase name="Given A set of cards with &quot;C C C C C&quot; and &quot;2 8 6 9 4&quot;" classname="| C C C C C | 2 8 6 9 4 |" time="0"/>
  <testcase name="Then the hand should be a flush in any order" classname="| C C C C C | 2 8 6 9 4 |" time="0"/>
  <testcase name="| C C C C C | 2 8 6 9 4 |" classname="| C C C C C | 2 8 6 9 4 |" time="0"/>
  <testcase name="Given A set of cards with &quot;C C C C C&quot; and &quot;2 8 9 4 6&quot;" classname="| C C C C C | 2 8 9 4 6 |" time="0"/>
  <testcase name="Then the hand should be a flush in any order" classname="| C C C C C | 2 8 9 4 6 |" time="0.001"/>
  <testcase name="| C C C C C | 2 8 9 4 6 |" classname="| C C C C C | 2 8 9 4 6 |" time="0.001"/>
  <testcase name="Given A set of cards with &quot;C C C C C&quot; and &quot;2 8 9 6 4&quot;" classname="| C C C C C | 2 8 9 6 4 |" time="0"/>
  <testcase name="Then the hand should be a flush in any order" classname="| C C C C C | 2 8 9 6 4 |" time="0"/>
  <testcase name="| C C C C C | 2 8 9 6 4 |" classname="| C C C C C | 2 8 9 6 4 |" time="0"/>
  <testcase name="Given A set of cards with &quot;C C C C C&quot; and &quot;2 9 4 6 8&quot;" classname="| C C C C C | 2 9 4 6 8 |" time="0"/>
  <testcase name="Then the hand should be a flush in any order" classname="| C C C C C | 2 9 4 6 8 |" time="0"/>
  <testcase name="| C C C C C | 2 9 4 6 8 |" classname="| C C C C C | 2 9 4 6 8 |" time="0"/>
  <testcase name="Given A set of cards with &quot;C C C C C&quot; and &quot;2 9 4 8 6&quot;" classname="| C C C C C | 2 9 4 8 6 |" time="0"/>
  <testcase name="Then the hand should be a flush in any order" classname="| C C C C C | 2 9 4 8 6 |" time="0"/>
  <testcase name="| C C C C C | 2 9 4 8 6 |" classname="| C C C C C | 2 9 4 8 6 |" time="0"/>
  <testcase name="Given A set of cards with &quot;C C C C C&quot; and &quot;2 9 6 4 8&quot;" classname="| C C C C C | 2 9 6 4 8 |" time="0"/>
  <testcase name="Then the hand should be a flush in any order" classname="| C C C C C | 2 9 6 4 8 |" time="0"/>
  <testcase name="| C C C C C | 2 9 6 4 8 |" classname="| C C C C C | 2 9 6 4 8 |" time="0"/>
  <testcase name="Given A set of cards with &quot;C C C C C&quot; and &quot;2 9 6 8 4&quot;" classname="| C C C C C | 2 9 6 8 4 |" time="0"/>
  <testcase name="Then the hand should be a flush in any order" classname="| C C C C C | 2 9 6 8 4 |" time="0"/>
  <testcase name="| C C C C C | 2 9 6 8 4 |" classname="| C C C C C | 2 9 6 8 4 |" time="0"/>
  <testcase name="Given A set of cards with &quot;C C C C C&quot; and &quot;2 9 8 4 6&quot;" classname="| C C C C C | 2 9 8 4 6 |" time="0"/>
  <testcase name="Then the hand should be a flush in any order" classname="| C C C C C | 2 9 8 4 6 |" time="0"/>
  <testcase name="| C C C C C | 2 9 8 4 6 |" classname="| C C C C C | 2 9 8 4 6 |" time="0"/>
  <testcase name="Given A set of cards with &quot;C C C C C&quot; and &quot;2 9 8 6 4&quot;" classname="| C C C C C | 2 9 8 6 4 |" time="0"/>
  <testcase name="Then the hand should be a flush in any order" classname="| C C C C C | 2 9 8 6 4 |" time="0"/>
  <testcase name="| C C C C C | 2 9 8 6 4 |" classname="| C C C C C | 2 9 8 6 4 |" time="0"/>
  <testcase name="Given A set of cards with &quot;C C C C C&quot; and &quot;4 2 6 8 9&quot;" classname="| C C C C C | 4 2 6 8 9 |" time="0"/>
  <testcase name="Then the hand should be a flush in any order" classname="| C C C C C | 4 2 6 8 9 |" time="0"/>
  <testcase name="| C C C C C | 4 2 6 8 9 |" classname="| C C C C C | 4 2 6 8 9 |" time="0"/>
  <testcase name="Given A set of cards with &quot;C C C C C&quot; and &quot;4 2 6 9 8&quot;" classname="| C C C C C | 4 2 6 9 8 |" time="0"/>
  <testcase name="Then the hand should be a flush in any order" classname="| C C C C C | 4 2 6 9 8 |" time="0"/>
  <testcase name="| C C C C C | 4 2 6 9 8 |" classname="| C C C C C | 4 2 6 9 8 |" time="0"/>
  <testcase name="Given A set of cards with &quot;C C C C C&quot; and &quot;4 2 8 6 9&quot;" classname="| C C C C C | 4 2 8 6 9 |" time="0"/>
  <testcase name="Then the hand should be a flush in any order" classname="| C C C C C | 4 2 8 6 9 |" time="0"/>
  <testcase name="| C C C C C | 4 2 8 6 9 |" classname="| C C C C C | 4 2 8 6 9 |" time="0"/>
  <testcase name="Given A set of cards with &quot;C C C C C&quot; and &quot;4 2 8 9 6&quot;" classname="| C C C C C | 4 2 8 9 6 |" time="0"/>
  <testcase name="Then the hand should be a flush in any order" classname="| C C C C C | 4 2 8 9 6 |" time="0"/>
  <testcase name="| C C C C C | 4 2 8 9 6 |" classname="| C C C C C | 4 2 8 9 6 |" time="0.001"/>
  <testcase name="Given A set of cards with &quot;C C C C C&quot; and &quot;4 2 9 6 8&quot;" classname="| C C C C C | 4 2 9 6 8 |" time="0"/>
  <testcase name="Then the hand should be a flush in any order" classname="| C C C C C | 4 2 9 6 8 |" time="0"/>
  <testcase name="| C C C C C | 4 2 9 6 8 |" classname="| C C C C C | 4 2 9 6 8 |" time="0"/>
  <testcase name="Given A set of cards with &quot;C C C C C&quot; and &quot;4 2 9 8 6&quot;" classname="| C C C C C | 4 2 9 8 6 |" time="0"/>
  <testcase name="Then the hand should be a flush in any order" classname="| C C C C C | 4 2 9 8 6 |" time="0"/>
  <testcase name="| C C C C C | 4 2 9 8 6 |" classname="| C C C C C | 4 2 9 8 6 |" time="0"/>
  <testcase name="Given A set of cards with &quot;C C C C C&quot; and &quot;4 6 2 8 9&quot;" classname="| C C C C C | 4 6 2 8 9 |" time="0"/>
  <testcase name="Then the hand should be a flush in any order" classname="| C C C C C | 4 6 2 8 9 |" time="0"/>
  <testcase name="| C C C C C | 4 6 2 8 9 |" classname="| C C C C C | 4 6 2 8 9 |" time="0"/>
  <testcase name="Given A set of cards with &quot;C C C C C&quot; and &quot;4 6 2 9 8&quot;" classname="| C C C C C | 4 6 2 9 8 |" time="0"/>
  <testcase name="Then the hand should be a flush in any order" classname="| C C C C C | 4 6 2 9 8 |" time="0"/>
  <testcase name="| C C C C C | 4 6 2 9 8 |" classname="| C C C C C | 4 6 2 9 8 |" time="0"/>
  <testcase name="Given A set of cards with &quot;C C C C C&quot; and &quot;4 6 8 2 9&quot;" classname="| C C C C C | 4 6 8 2 9 |" time="0"/>
  <testcase name="Then the hand should be a flush in any order" classname="| C C C C C | 4 6 8 2 9 |" time="0"/>
  <testcase name="| C C C C C | 4 6 8 2 9 |" classname="| C C C C C | 4 6 8 2 9 |" time="0"/>
  <testcase name="Given A set of cards with &quot;C C C C C&quot; and &quot;4 6 8 9 2&quot;" classname="| C C C C C | 4 6 8 9 2 |" time="0"/>
  <testcase name="Then the hand should be a flush in any order" classname="| C C C C C | 4 6 8 9 2 |" time="0"/>
  <testcase name="| C C C C C | 4 6 8 9 2 |" classname="| C C C C C | 4 6 8 9 2 |" time="0"/>
  <testcase name="Given A set of cards with &quot;C C C C C&quot; and &quot;4 6 9 2 8&quot;" classname="| C C C C C | 4 6 9 2 8 |" time="0"/>
  <testcase name="Then the hand should be a flush in any order" classname="| C C C C C | 4 6 9 2 8 |" time="0"/>
  <testcase name="| C C C C C | 4 6 9 2 8 |" classname="| C C C C C | 4 6 9 2 8 |" time="0"/>
  <testcase name="Given A set of cards with &quot;C C C C C&quot; and &quot;4 6 9 8 2&quot;" classname="| C C C C C | 4 6 9 8 2 |" time="0"/>
  <testcase name="Then the hand should be a flush in any order" classname="| C C C C C | 4 6 9 8 2 |" time="0"/>
  <testcase name="| C C C C C | 4 6 9 8 2 |" classname="| C C C C C | 4 6 9 8 2 |" time="0"/>
  <testcase name="Given A set of cards with &quot;C C C C C&quot; and &quot;4 8 2 6 9&quot;" classname="| C C C C C | 4 8 2 6 9 |" time="0"/>
  <testcase name="Then the hand should be a flush in any order" classname="| C C C C C | 4 8 2 6 9 |" time="0"/>
  <testcase name="| C C C C C | 4 8 2 6 9 |" classname="| C C C C C | 4 8 2 6 9 |" time="0.001"/>
  <testcase name="Given A set of cards with &quot;C C C C C&quot; and &quot;4 8 2 9 6&quot;" classname="| C C C C C | 4 8 2 9 6 |" time="0"/>
  <testcase name="Then the hand should be a flush in any order" classname="| C C C C C | 4 8 2 9 6 |" time="0"/>
  <testcase name="| C C C C C | 4 8 2 9 6 |" classname="| C C C C C | 4 8 2 9 6 |" time="0"/>
  <testcase name="Given A set of cards with &quot;C C C C C&quot; and &quot;4 8 6 2 9&quot;" classname="| C C C C C | 4 8 6 2 9 |" time="0"/>
  <testcase name="Then the hand should be a flush in any order" classname="| C C C C C | 4 8 6 2 9 |" time="0"/>
  <testcase name="| C C C C C | 4 8 6 2 9 |" classname="| C C C C C | 4 8 6 2 9 |" time="0"/>
  <testcase name="Given A set of cards with &quot;C C C C C&quot; and &quot;4 8 6 9 2&quot;" classname="| C C C C C | 4 8 6 9 2 |" time="0"/>
  <testcase name="Then the hand should be a flush in any order" classname="| C C C C C | 4 8 6 9 2 |" time="0"/>
  <testcase name="| C C C C C | 4 8 6 9 2 |" classname="| C C C C C | 4 8 6 9 2 |" time="0"/>
  <testcase name="Given A set of cards with &quot;C C C C C&quot; and &quot;4 8 9 2 6&quot;" classname="| C C C C C | 4 8 9 2 6 |" time="0"/>
  <testcase name="Then the hand should be a flush in any order" classname="| C C C C C | 4 8 9 2 6 |" time="0"/>
  <testcase name="| C C C C C | 4 8 9 2 6 |" classname="| C C C C C | 4 8 9 2 6 |" time="0"/>
  <testcase name="Given A set of cards with &quot;C C C C C&quot; and &quot;4 8 9 6 2&quot;" classname="| C C C C C | 4 8 9 6 2 |" time="0"/>
  <testcase name="Then the hand should be a flush in any order" classname="| C C C C C | 4 8 9 6 2 |" time="0"/>
  <testcase name="| C C C C C | 4 8 9 6 2 |" classname="| C C C C C | 4 8 9 6 2 |" time="0.001"/>
  <testcase name="Given A set of cards with &quot;C C C C C&quot; and &quot;4 9 2 6 8&quot;" classname="| C C C C C | 4 9 2 6 8 |" time="0"/>
  <testcase name="Then the hand should be a flush in any order" classname="| C C C C C | 4 9 2 6 8 |" time="0"/>
  <testcase name="| C C C C C | 4 9 2 6 8 |" classname="| C C C C C | 4 9 2 6 8 |" time="0"/>
  <testcase name="Given A set of cards with &quot;C C C C C&quot; and &quot;4 9 2 8 6&quot;" classname="| C C C C C | 4 9 2 8 6 |" time="0"/>
  <testcase name="Then the hand should be a flush in any order" classname="| C C C C C | 4 9 2 8 6 |" time="0"/>
  <testcase name="| C C C C C | 4 9 2 8 6 |" classname="| C C C C C | 4 9 2 8 6 |" time="0"/>
  <testcase name="Given A set of cards with &quot;C C C C C&quot; and &quot;4 9 6 2 8&quot;" classname="| C C C C C | 4 9 6 2 8 |" time="0"/>
  <testcase name="Then the hand should be a flush in any order" classname="| C C C C C | 4 9 6 2 8 |" time="0"/>
  <testcase name="| C C C C C | 4 9 6 2 8 |" classname="| C C C C C | 4 9 6 2 8 |" time="0"/>
  <testcase name="Given A set of cards with &quot;C C C C C&quot; and &quot;4 9 6 8 2&quot;" classname="| C C C C C | 4 9 6 8 2 |" time="0"/>
  <testcase name="Then the hand should be a flush in any order" classname="| C C C C C | 4 9 6 8 2 |" time="0"/>
  <testcase name="| C C C C C | 4 9 6 8 2 |" classname="| C C C C C | 4 9 6 8 2 |" time="0"/>
  <testcase name="Given A set of cards with &quot;C C C C C&quot; and &quot;4 9 8 2 6&quot;" classname="| C C C C C | 4 9 8 2 6 |" time="0"/>
  <testcase name="Then the hand should be a flush in any order" classname="| C C C C C | 4 9 8 2 6 |" time="0"/>
  <testcase name="| C C C C C | 4 9 8 2 6 |" classname="| C C C C C | 4 9 8 2 6 |" time="0"/>
  <testcase name="Given A set of cards with &quot;C C C C C&quot; and &quot;4 9 8 6 2&quot;" classname="| C C C C C | 4 9 8 6 2 |" time="0"/>
  <testcase name="Then the hand should be a flush in any order" classname="| C C C C C | 4 9 8 6 2 |" time="0"/>
  <testcase name="| C C C C C | 4 9 8 6 2 |" classname="| C C C C C | 4 9 8 6 2 |" time="0"/>
  <testcase name="Given A set of cards with &quot;C C C C C&quot; and &quot;6 2 4 8 9&quot;" classname="| C C C C C | 6 2 4 8 9 |" time="0"/>
  <testcase name="Then the hand should be a flush in any order" classname="| C C C C C | 6 2 4 8 9 |" time="0"/>
  <testcase name="| C C C C C | 6 2 4 8 9 |" classname="| C C C C C | 6 2 4 8 9 |" time="0"/>
  <testcase name="Given A set of cards with &quot;C C C C C&quot; and &quot;6 2 4 9 8&quot;" classname="| C C C C C | 6 2 4 9 8 |" time="0"/>
  <testcase name="Then the hand should be a flush in any order" classname="| C C C C C | 6 2 4 9 8 |" time="0"/>
  <testcase name="| C C C C C | 6 2 4 9 8 |" classname="| C C C C C | 6 2 4 9 8 |" time="0"/>
  <testcase name="Given A set of cards with &quot;C C C C C&quot; and &quot;6 2 8 4 9&quot;" classname="| C C C C C | 6 2 8 4 9 |" time="0"/>
  <testcase name="Then the hand should be a flush in any order" classname="| C C C C C | 6 2 8 4 9 |" time="0"/>
  <testcase name="| C C C C C | 6 2 8 4 9 |" classname="| C C C C C | 6 2 8 4 9 |" time="0"/>
  <testcase name="Given A set of cards with &quot;C C C C C&quot; and &quot;6 2 8 9 4&quot;" classname="| C C C C C | 6 2 8 9 4 |" time="0"/>
  <testcase name="Then the hand should be a flush in any order" classname="| C C C C C | 6 2 8 9 4 |" time="0"/>
  <testcase name="| C C C C C | 6 2 8 9 4 |" classname="| C C C C C | 6 2 8 9 4 |" time="0"/>
  <testcase name="Given A set of cards with &quot;C C C C C&quot; and &quot;6 2 9 4 8&quot;" classname="| C C C C C | 6 2 9 4 8 |" time="0"/>
  <testcase name="Then the hand should be a flush in any order" classname="| C C C C C | 6 2 9 4 8 |" time="0"/>
  <testcase name="| C C C C C | 6 2 9 4 8 |" classname="| C C C C C | 6 2 9 4 8 |" time="0"/>
  <testcase name="Given A set of cards with &quot;C C C C C&quot; and &quot;6 2 9 8 4&quot;" classname="| C C C C C | 6 2 9 8 4 |" time="0"/>
  <testcase name="Then the hand should be a flush in any order" classname="| C C C C C | 6 2 9 8 4 |" time="0"/>
  <testcase name="| C C C C C | 6 2 9 8 4 |" classname="| C C C C C | 6 2 9 8 4 |" time="0"/>
  <testcase name="Given A set of cards with &quot;C C C C C&quot; and &quot;6 4 2 8 9&quot;" classname="| C C C C C | 6 4 2 8 9 |" time="0"/>
  <testcase name="Then the hand should be a flush in any order" classname="| C C C C C | 6 4 2 8 9 |" time="0"/>
  <testcase name="| C C C C C | 6 4 2 8 9 |" classname="| C C C C C | 6 4 2 8 9 |" time="0"/>
  <testcase name="Given A set of cards with &quot;C C C C C&quot; and &quot;6 4 2 9 8&quot;" classname="| C C C C C | 6 4 2 9 8 |" time="0"/>
  <testcase name="Then the hand should be a flush in any order" classname="| C C C C C | 6 4 2 9 8 |" time="0"/>
  <testcase name="| C C C C C | 6 4 2 9 8 |" classname="| C C C C C | 6 4 2 9 8 |" time="0"/>
  <testcase name="Given A set of cards with &quot;C C C C C&quot; and &quot;6 4 8 2 9&quot;" classname="| C C C C C | 6 4 8 2 9 |" time="0"/>
  <testcase name="Then the hand should be a flush in any order" classname="| C C C C C | 6 4 8 2 9 |" time="0"/>
  <testcase name="| C C C C C | 6 4 8 2 9 |" classname="| C C C C C | 6 4 8 2 9 |" time="0"/>
  <testcase name="Given A set of cards with &quot;C C C C C&quot; and &quot;6 4 8 9 2&quot;" classname="| C C C C C | 6 4 8 9 2 |" time="0"/>
  <testcase name="Then the hand should be a flush in any order" classname="| C C C C C | 6 4 8 9 2 |" time="0"/>
  <testcase name="| C C C C C | 6 4 8 9 2 |" classname="| C C C C C | 6 4 8 9 2 |" time="0"/>
  <testcase name="Given A set of cards with &quot;C C C C C&quot; and &quot;6 4 9 2 8&quot;" classname="| C C C C C | 6 4 9 2 8 |" time="0"/>
  <testcase name="Then the hand should be a flush in any order" classname="| C C C C C | 6 4 9 2 8 |" time="0"/>
  <testcase name="| C C C C C | 6 4 9 2 8 |" classname="| C C C C C | 6 4 9 2 8 |" time="0"/>
  <testcase name="Given A set of cards with &quot;C C C C C&quot; and &quot;6 4 9 8 2&quot;" classname="| C C C C C | 6 4 9 8 2 |" time="0"/>
  <testcase name="Then the hand should be a flush in any order" classname="| C C C C C | 6 4 9 8 2 |" time="0"/>
  <testcase name="| C C C C C | 6 4 9 8 2 |" classname="| C C C C C | 6 4 9 8 2 |" time="0"/>
  <testcase name="Given A set of cards with &quot;C C C C C&quot; and &quot;6 8 2 4 9&quot;" classname="| C C C C C | 6 8 2 4 9 |" time="0"/>
  <testcase name="Then the hand should be a flush in any order" classname="| C C C C C | 6 8 2 4 9 |" time="0"/>
  <testcase name="| C C C C C | 6 8 2 4 9 |" classname="| C C C C C | 6 8 2 4 9 |" time="0"/>
  <testcase name="Given A set of cards with &quot;C C C C C&quot; and &quot;6 8 2 9 4&quot;" classname="| C C C C C | 6 8 2 9 4 |" time="0"/>
  <testcase name="Then the hand should be a flush in any order" classname="| C C C C C | 6 8 2 9 4 |" time="0"/>
  <testcase name="| C C C C C | 6 8 2 9 4 |" classname="| C C C C C | 6 8 2 9 4 |" time="0"/>
  <testcase name="Given A set of cards with &quot;C C C C C&quot; and &quot;6 8 4 2 9&quot;" classname="| C C C C C | 6 8 4 2 9 |" time="0"/>
  <testcase name="Then the hand should be a flush in any order" classname="| C C C C C | 6 8 4 2 9 |" time="0"/>
  <testcase name="| C C C C C | 6 8 4 2 9 |" classname="| C C C C C | 6 8 4 2 9 |" time="0"/>
  <testcase name="Given A set of cards with &quot;C C C C C&quot; and &quot;6 8 4 9 2&quot;" classname="| C C C C C | 6 8 4 9 2 |" time="0"/>
  <testcase name="Then the hand should be a flush in any order" classname="| C C C C C | 6 8 4 9 2 |" time="0"/>
  <testcase name="| C C C C C | 6 8 4 9 2 |" classname="| C C C C C | 6 8 4 9 2 |" time="0"/>
  <testcase name="Given A set of cards with &quot;C C C C C&quot; and &quot;6 8 9 2 4&quot;" classname="| C C C C C | 6 8 9 2 4 |" time="0"/>
  <testcase name="Then the hand should be a flush in any order" classname="| C C C C C | 6 8 9 2 4 |" time="0"/>
  <testcase name="| C C C C C | 6 8 9 2 4 |" classname="| C C C C C | 6 8 9 2 4 |" time="0"/>
  <testcase name="Given A set of cards with &quot;C C C C C&quot; and &quot;6 8 9 4 2&quot;" classname="| C C C C C | 6 8 9 4 2 |" time="0"/>
  <testcase name="Then the hand should be a flush in any order" classname="| C C C C C | 6 8 9 4 2 |" time="0"/>
  <testcase name="| C C C C C | 6 8 9 4 2 |" classname="| C C C C C | 6 8 9 4 2 |" time="0"/>
  <testcase name="Given A set of cards with &quot;C C C C C&quot; and &quot;6 9 2 4 8&quot;" classname="| C C C C C | 6 9 2 4 8 |" time="0"/>
  <testcase name="Then the hand should be a flush in any order" classname="| C C C C C | 6 9 2 4 8 |" time="0"/>
  <testcase name="| C C C C C | 6 9 2 4 8 |" classname="| C C C C C | 6 9 2 4 8 |" time="0.001"/>
  <testcase name="Given A set of cards with &quot;C C C C C&quot; and &quot;6 9 2 8 4&quot;" classname="| C C C C C | 6 9 2 8 4 |" time="0"/>
  <testcase name="Then the hand should be a flush in any order" classname="| C C C C C | 6 9 2 8 4 |" time="0"/>
  <testcase name="| C C C C C | 6 9 2 8 4 |" classname="| C C C C C | 6 9 2 8 4 |" time="0"/>
  <testcase name="Given A set of cards with &quot;C C C C C&quot; and &quot;6 9 4 2 8&quot;" classname="| C C C C C | 6 9 4 2 8 |" time="0"/>
  <testcase name="Then the hand should be a flush in any order" classname="| C C C C C | 6 9 4 2 8 |" time="0"/>
  <testcase name="| C C C C C | 6 9 4 2 8 |" classname="| C C C C C | 6 9 4 2 8 |" time="0.001"/>
  <testcase name="Given A set of cards with &quot;C C C C C&quot; and &quot;6 9 4 8 2&quot;" classname="| C C C C C | 6 9 4 8 2 |" time="0"/>
  <testcase name="Then the hand should be a flush in any order" classname="| C C C C C | 6 9 4 8 2 |" time="0"/>
  <testcase name="| C C C C C | 6 9 4 8 2 |" classname="| C C C C C | 6 9 4 8 2 |" time="0"/>
  <testcase name="Given A set of cards with &quot;C C C C C&quot; and &quot;6 9 8 2 4&quot;" classname="| C C C C C | 6 9 8 2 4 |" time="0"/>
  <testcase name="Then the hand should be a flush in any order" classname="| C C C C C | 6 9 8 2 4 |" time="0"/>
  <testcase name="| C C C C C | 6 9 8 2 4 |" classname="| C C C C C | 6 9 8 2 4 |" time="0"/>
  <testcase name="Given A set of cards with &quot;C C C C C&quot; and &quot;6 9 8 4 2&quot;" classname="| C C C C C | 6 9 8 4 2 |" time="0"/>
  <testcase name="Then the hand should be a flush in any order" classname="| C C C C C | 6 9 8 4 2 |" time="0"/>
  <testcase name="| C C C C C | 6 9 8 4 2 |" classname="| C C C C C | 6 9 8 4 2 |" time="0"/>
  <testcase name="Given A set of cards with &quot;C C C C C&quot; and &quot;8 2 4 6 9&quot;" classname="| C C C C C | 8 2 4 6 9 |" time="0"/>
  <testcase name="Then the hand should be a flush in any order" classname="| C C C C C | 8 2 4 6 9 |" time="0"/>
  <testcase name="| C C C C C | 8 2 4 6 9 |" classname="| C C C C C | 8 2 4 6 9 |" time="0"/>
  <testcase name="Given A set of cards with &quot;C C C C C&quot; and &quot;8 2 4 9 6&quot;" classname="| C C C C C | 8 2 4 9 6 |" time="0"/>
  <testcase name="Then the hand should be a flush in any order" classname="| C C C C C | 8 2 4 9 6 |" time="0"/>
  <testcase name="| C C C C C | 8 2 4 9 6 |" classname="| C C C C C | 8 2 4 9 6 |" time="0"/>
  <testcase name="Given A set of cards with &quot;C C C C C&quot; and &quot;8 2 6 4 9&quot;" classname="| C C C C C | 8 2 6 4 9 |" time="0"/>
  <testcase name="Then the hand should be a flush in any order" classname="| C C C C C | 8 2 6 4 9 |" time="0"/>
  <testcase name="| C C C C C | 8 2 6 4 9 |" classname="| C C C C C | 8 2 6 4 9 |" time="0"/>
  <testcase name="Given A set of cards with &quot;C C C C C&quot; and &quot;8 2 6 9 4&quot;" classname="| C C C C C | 8 2 6 9 4 |" time="0"/>
  <testcase name="Then the hand should be a flush in any order" classname="| C C C C C | 8 2 6 9 4 |" time="0"/>
  <testcase name="| C C C C C | 8 2 6 9 4 |" classname="| C C C C C | 8 2 6 9 4 |" time="0"/>
  <testcase name="Given A set of cards with &quot;C C C C C&quot; and &quot;8 2 9 4 6&quot;" classname="| C C C C C | 8 2 9 4 6 |" time="0"/>
  <testcase name="Then the hand should be a flush in any order" classname="| C C C C C | 8 2 9 4 6 |" time="0"/>
  <testcase name="| C C C C C | 8 2 9 4 6 |" classname="| C C C C C | 8 2 9 4 6 |" time="0"/>
  <testcase name="Given A set of cards with &quot;C C C C C&quot; and &quot;8 2 9 6 4&quot;" classname="| C C C C C | 8 2 9 6 4 |" time="0"/>
  <testcase name="Then the hand should be a flush in any order" classname="| C C C C C | 8 2 9 6 4 |" time="0"/>
  <testcase name="| C C C C C | 8 2 9 6 4 |" classname="| C C C C C | 8 2 9 6 4 |" time="0"/>
  <testcase name="Given A set of cards with &quot;C C C C C&quot; and &quot;8 4 2 6 9&quot;" classname="| C C C C C | 8 4 2 6 9 |" time="0"/>
  <testcase name="Then the hand should be a flush in any order" classname="| C C C C C | 8 4 2 6 9 |" time="0"/>
  <testcase name="| C C C C C | 8 4 2 6 9 |" classname="| C C C C C | 8 4 2 6 9 |" time="0"/>
  <testcase name="Given A set of cards with &quot;C C C C C&quot; and &quot;8 4 2 9 6&quot;" classname="| C C C C C | 8 4 2 9 6 |" time="0"/>
  <testcase name="Then the hand should be a flush in any order" classname="| C C C C C | 8 4 2 9 6 |" time="0"/>
  <testcase name="| C C C C C | 8 4 2 9 6 |" classname="| C C C C C | 8 4 2 9 6 |" time="0"/>
  <testcase name="Given A set of cards with &quot;C C C C C&quot; and &quot;8 4 6 2 9&quot;" classname="| C C C C C | 8 4 6 2 9 |" time="0"/>
  <testcase name="Then the hand should be a flush in any order" classname="| C C C C C | 8 4 6 2 9 |" time="0"/>
  <testcase name="| C C C C C | 8 4 6 2 9 |" classname="| C C C C C | 8 4 6 2 9 |" time="0"/>
  <testcase name="Given A set of cards with &quot;C C C C C&quot; and &quot;8 4 6 9 2&quot;" classname="| C C C C C | 8 4 6 9 2 |" time="0"/>
  <testcase name="Then the hand should be a flush in any order" classname="| C C C C C | 8 4 6 9 2 |" time="0"/>
  <testcase name="| C C C C C | 8 4 6 9 2 |" classname="| C C C C C | 8 4 6 9 2 |" time="0"/>
  <testcase name="Given A set of cards with &quot;C C C C C&quot; and &quot;8 4 9 2 6&quot;" classname="| C C C C C | 8 4 9 2 6 |" time="0"/>
  <testcase name="Then the hand should be a flush in any order" classname="| C C C C C | 8 4 9 2 6 |" time="0"/>
  <testcase name="| C C C C C | 8 4 9 2 6 |" classname="| C C C C C | 8 4 9 2 6 |" time="0"/>
  <testcase name="Given A set of cards with &quot;C C C C C&quot; and &quot;8 4 9 6 2&quot;" classname="| C C C C C | 8 4 9 6 2 |" time="0"/>
  <testcase name="Then the hand should be a flush in any order" classname="| C C C C C | 8 4 9 6 2 |" time="0"/>
  <testcase name="| C C C C C | 8 4 9 6 2 |" classname="| C C C C C | 8 4 9 6 2 |" time="0"/>
  <testcase name="Given A set of cards with &quot;C C C C C&quot; and &quot;8 6 2 4 9&quot;" classname="| C C C C C | 8 6 2 4 9 |" time="0"/>
  <testcase name="Then the hand should be a flush in any order" classname="| C C C C C | 8 6 2 4 9 |" time="0"/>
  <testcase name="| C C C C C | 8 6 2 4 9 |" classname="| C C C C C | 8 6 2 4 9 |" time="0"/>
  <testcase name="Given A set of cards with &quot;C C C C C&quot; and &quot;8 6 2 9 4&quot;" classname="| C C C C C | 8 6 2 9 4 |" time="0"/>
  <testcase name="Then the hand should be a flush in any order" classname="| C C C C C | 8 6 2 9 4 |" time="0"/>
  <testcase name="| C C C C C | 8 6 2 9 4 |" classname="| C C C C C | 8 6 2 9 4 |" time="0"/>
  <testcase name="Given A set of cards with &quot;C C C C C&quot; and &quot;8 6 4 2 9&quot;" classname="| C C C C C | 8 6 4 2 9 |" time="0"/>
  <testcase name="Then the hand should be a flush in any order" classname="| C C C C C | 8 6 4 2 9 |" time="0"/>
  <testcase name="| C C C C C | 8 6 4 2 9 |" classname="| C C C C C | 8 6 4 2 9 |" time="0"/>
  <testcase name="Given A set of cards with &quot;C C C C C&quot; and &quot;8 6 4 9 2&quot;" classname="| C C C C C | 8 6 4 9 2 |" time="0"/>
  <testcase name="Then the hand should be a flush in any order" classname="| C C C C C | 8 6 4 9 2 |" time="0"/>
  <testcase name="| C C C C C | 8 6 4 9 2 |" classname="| C C C C C | 8 6 4 9 2 |" time="0"/>
  <testcase name="Given A set of cards with &quot;C C C C C&quot; and &quot;8 6 9 2 4&quot;" classname="| C C C C C | 8 6 9 2 4 |" time="0"/>
  <testcase name="Then the hand should be a flush in any order" classname="| C C C C C | 8 6 9 2 4 |" time="0"/>
  <testcase name="| C C C C C | 8 6 9 2 4 |" classname="| C C C C C | 8 6 9 2 4 |" time="0"/>
  <testcase name="Given A set of cards with &quot;C C C C C&quot; and &quot;8 6 9 4 2&quot;" classname="| C C C C C | 8 6 9 4 2 |" time="0"/>
  <testcase name="Then the hand should be a flush in any order" classname="| C C C C C | 8 6 9 4 2 |" time="0"/>
  <testcase name="| C C C C C | 8 6 9 4 2 |" classname="| C C C C C | 8 6 9 4 2 |" time="0"/>
  <testcase name="Given A set of cards with &quot;C C C C C&quot; and &quot;8 9 2 4 6&quot;" classname="| C C C C C | 8 9 2 4 6 |" time="0"/>
  <testcase name="Then the hand should be a flush in any order" classname="| C C C C C | 8 9 2 4 6 |" time="0"/>
  <testcase name="| C C C C C | 8 9 2 4 6 |" classname="| C C C C C | 8 9 2 4 6 |" time="0"/>
  <testcase name="Given A set of cards with &quot;C C C C C&quot; and &quot;8 9 2 6 4&quot;" classname="| C C C C C | 8 9 2 6 4 |" time="0"/>
  <testcase name="Then the hand should be a flush in any order" classname="| C C C C C | 8 9 2 6 4 |" time="0"/>
  <testcase name="| C C C C C | 8 9 2 6 4 |" classname="| C C C C C | 8 9 2 6 4 |" time="0"/>
  <testcase name="Given A set of cards with &quot;C C C C C&quot; and &quot;8 9 4 2 6&quot;" classname="| C C C C C | 8 9 4 2 6 |" time="0"/>
  <testcase name="Then the hand should be a flush in any order" classname="| C C C C C | 8 9 4 2 6 |" time="0"/>
  <testcase name="| C C C C C | 8 9 4 2 6 |" classname="| C C C C C | 8 9 4 2 6 |" time="0"/>
  <testcase name="Given A set of cards with &quot;C C C C C&quot; and &quot;8 9 4 6 2&quot;" classname="| C C C C C | 8 9 4 6 2 |" time="0"/>
  <testcase name="Then the hand should be a flush in any order" classname="| C C C C C | 8 9 4 6 2 |" time="0"/>
  <testcase name="| C C C C C | 8 9 4 6 2 |" classname="| C C C C C | 8 9 4 6 2 |" time="0"/>
  <testcase name="Given A set of cards with &quot;C C C C C&quot; and &quot;8 9 6 2 4&quot;" classname="| C C C C C | 8 9 6 2 4 |" time="0"/>
  <testcase name="Then the hand should be a flush in any order" classname="| C C C C C | 8 9 6 2 4 |" time="0"/>
  <testcase name="| C C C C C | 8 9 6 2 4 |" classname="| C C C C C | 8 9 6 2 4 |" time="0"/>
  <testcase name="Given A set of cards with &quot;C C C C C&quot; and &quot;8 9 6 4 2&quot;" classname="| C C C C C | 8 9 6 4 2 |" time="0"/>
  <testcase name="Then the hand should be a flush in any order" classname="| C C C C C | 8 9 6 4 2 |" time="0"/>
  <testcase name="| C C C C C | 8 9 6 4 2 |" classname="| C C C C C | 8 9 6 4 2 |" time="0"/>
  <testcase name="Given A set of cards with &quot;C C C C C&quot; and &quot;9 2 4 6 8&quot;" classname="| C C C C C | 9 2 4 6 8 |" time="0"/>
  <testcase name="Then the hand should be a flush in any order" classname="| C C C C C | 9 2 4 6 8 |" time="0"/>
  <testcase name="| C C C C C | 9 2 4 6 8 |" classname="| C C C C C | 9 2 4 6 8 |" time="0"/>
  <testcase name="Given A set of cards with &quot;C C C C C&quot; and &quot;9 2 4 8 6&quot;" classname="| C C C C C | 9 2 4 8 6 |" time="0"/>
  <testcase name="Then the hand should be a flush in any order" classname="| C C C C C | 9 2 4 8 6 |" time="0"/>
  <testcase name="| C C C C C | 9 2 4 8 6 |" classname="| C C C C C | 9 2 4 8 6 |" time="0"/>
  <testcase name="Given A set of cards with &quot;C C C C C&quot; and &quot;9 2 6 4 8&quot;" classname="| C C C C C | 9 2 6 4 8 |" time="0"/>
  <testcase name="Then the hand should be a flush in any order" classname="| C C C C C | 9 2 6 4 8 |" time="0"/>
  <testcase name="| C C C C C | 9 2 6 4 8 |" classname="| C C C C C | 9 2 6 4 8 |" time="0"/>
  <testcase name="Given A set of cards with &quot;C C C C C&quot; and &quot;9 2 6 8 4&quot;" classname="| C C C C C | 9 2 6 8 4 |" time="0"/>
  <testcase name="Then the hand should be a flush in any order" classname="| C C C C C | 9 2 6 8 4 |" time="0"/>
  <testcase name="| C C C C C | 9 2 6 8 4 |" classname="| C C C C C | 9 2 6 8 4 |" time="0"/>
  <testcase name="Given A set of cards with &quot;C C C C C&quot; and &quot;9 2 8 4 6&quot;" classname="| C C C C C | 9 2 8 4 6 |" time="0"/>
  <testcase name="Then the hand should be a flush in any order" classname="| C C C C C | 9 2 8 4 6 |" time="0"/>
  <testcase name="| C C C C C | 9 2 8 4 6 |" classname="| C C C C C | 9 2 8 4 6 |" time="0"/>
  <testcase name="Given A set of cards with &quot;C C C C C&quot; and &quot;9 2 8 6 4&quot;" classname="| C C C C C | 9 2 8 6 4 |" time="0"/>
  <testcase name="Then the hand should be a flush in any order" classname="| C C C C C | 9 2 8 6 4 |" time="0"/>
  <testcase name="| C C C C C | 9 2 8 6 4 |" classname="| C C C C C | 9 2 8 6 4 |" time="0.001"/>
  <testcase name="Given A set of cards with &quot;C C C C C&quot; and &quot;9 4 2 6 8&quot;" classname="| C C C C C | 9 4 2 6 8 |" time="0"/>
  <testcase name="Then the hand should be a flush in any order" classname="| C C C C C | 9 4 2 6 8 |" time="0"/>
  <testcase name="| C C C C C | 9 4 2 6 8 |" classname="| C C C C C | 9 4 2 6 8 |" time="0.001"/>
  <testcase name="Given A set of cards with &quot;C C C C C&quot; and &quot;9 4 2 8 6&quot;" classname="| C C C C C | 9 4 2 8 6 |" time="0"/>
  <testcase name="Then the hand should be a flush in any order" classname="| C C C C C | 9 4 2 8 6 |" time="0.001"/>
  <testcase name="| C C C C C | 9 4 2 8 6 |" classname="| C C C C C | 9 4 2 8 6 |" time="0.001"/>
  <testcase name="Given A set of cards with &quot;C C C C C&quot; and &quot;9 4 6 2 8&quot;" classname="| C C C C C | 9 4 6 2 8 |" time="0"/>
  <testcase name="Then the hand should be a flush in any order" classname="| C C C C C | 9 4 6 2 8 |" time="0"/>
  <testcase name="| C C C C C | 9 4 6 2 8 |" classname="| C C C C C | 9 4 6 2 8 |" time="0"/>
  <testcase name="Given A set of cards with &quot;C C C C C&quot; and &quot;9 4 6 8 2&quot;" classname="| C C C C C | 9 4 6 8 2 |" time="0"/>
  <testcase name="Then the hand should be a flush in any order" classname="| C C C C C | 9 4 6 8 2 |" time="0"/>
  <testcase name="| C C C C C | 9 4 6 8 2 |" classname="| C C C C C | 9 4 6 8 2 |" time="0"/>
  <testcase name="Given A set of cards with &quot;C C C C C&quot; and &quot;9 4 8 2 6&quot;" classname="| C C C C C | 9 4 8 2 6 |" time="0"/>
  <testcase name="Then the hand should be a flush in any order" classname="| C C C C C | 9 4 8 2 6 |" time="0"/>
  <testcase name="| C C C C C | 9 4 8 2 6 |" classname="| C C C C C | 9 4 8 2 6 |" time="0"/>
  <testcase name="Given A set of cards with &quot;C C C C C&quot; and &quot;9 4 8 6 2&quot;" classname="| C C C C C | 9 4 8 6 2 |" time="0"/>
  <testcase name="Then the hand should be a flush in any order" classname="| C C C C C | 9 4 8 6 2 |" time="0"/>
  <testcase name="| C C C C C | 9 4 8 6 2 |" classname="| C C C C C | 9 4 8 6 2 |" time="0"/>
  <testcase name="Given A set of cards with &quot;C C C C C&quot; and &quot;9 6 2 4 8&quot;" classname="| C C C C C | 9 6 2 4 8 |" time="0"/>
  <testcase name="Then the hand should be a flush in any order" classname="| C C C C C | 9 6 2 4 8 |" time="0"/>
  <testcase name="| C C C C C | 9 6 2 4 8 |" classname="| C C C C C | 9 6 2 4 8 |" time="0"/>
  <testcase name="Given A set of cards with &quot;C C C C C&quot; and &quot;9 6 2 8 4&quot;" classname="| C C C C C | 9 6 2 8 4 |" time="0"/>
  <testcase name="Then the hand should be a flush in any order" classname="| C C C C C | 9 6 2 8 4 |" time="0"/>
  <testcase name="| C C C C C | 9 6 2 8 4 |" classname="| C C C C C | 9 6 2 8 4 |" time="0"/>
  <testcase name="Given A set of cards with &quot;C C C C C&quot; and &quot;9 6 4 2 8&quot;" classname="| C C C C C | 9 6 4 2 8 |" time="0"/>
  <testcase name="Then the hand should be a flush in any order" classname="| C C C C C | 9 6 4 2 8 |" time="0"/>
  <testcase name="| C C C C C | 9 6 4 2 8 |" classname="| C C C C C | 9 6 4 2 8 |" time="0"/>
  <testcase name="Given A set of cards with &quot;C C C C C&quot; and &quot;9 6 4 8 2&quot;" classname="| C C C C C | 9 6 4 8 2 |" time="0"/>
  <testcase name="Then the hand should be a flush in any order" classname="| C C C C C | 9 6 4 8 2 |" time="0"/>
  <testcase name="| C C C C C | 9 6 4 8 2 |" classname="| C C C C C | 9 6 4 8 2 |" time="0"/>
  <testcase name="Given A set of cards with &quot;C C C C C&quot; and &quot;9 6 8 2 4&quot;" classname="| C C C C C | 9 6 8 2 4 |" time="0"/>
  <testcase name="Then the hand should be a flush in any order" classname="| C C C C C | 9 6 8 2 4 |" time="0"/>
  <testcase name="| C C C C C | 9 6 8 2 4 |" classname="| C C C C C | 9 6 8 2 4 |" time="0"/>
  <testcase name="Given A set of cards with &quot;C C C C C&quot; and &quot;9 6 8 4 2&quot;" classname="| C C C C C | 9 6 8 4 2 |" time="0"/>
  <testcase name="Then the hand should be a flush in any order" classname="| C C C C C | 9 6 8 4 2 |" time="0"/>
  <testcase name="| C C C C C | 9 6 8 4 2 |" classname="| C C C C C | 9 6 8 4 2 |" time="0"/>
  <testcase name="Given A set of cards with &quot;C C C C C&quot; and &quot;9 8 2 4 6&quot;" classname="| C C C C C | 9 8 2 4 6 |" time="0"/>
  <testcase name="Then the hand should be a flush in any order" classname="| C C C C C | 9 8 2 4 6 |" time="0"/>
  <testcase name="| C C C C C | 9 8 2 4 6 |" classname="| C C C C C | 9 8 2 4 6 |" time="0"/>
  <testcase name="Given A set of cards with &quot;C C C C C&quot; and &quot;9 8 2 6 4&quot;" classname="| C C C C C | 9 8 2 6 4 |" time="0"/>
  <testcase name="Then the hand should be a flush in any order" classname="| C C C C C | 9 8 2 6 4 |" time="0"/>
  <testcase name="| C C C C C | 9 8 2 6 4 |" classname="| C C C C C | 9 8 2 6 4 |" time="0"/>
  <testcase name="Given A set of cards with &quot;C C C C C&quot; and &quot;9 8 4 2 6&quot;" classname="| C C C C C | 9 8 4 2 6 |" time="0"/>
  <testcase name="Then the hand should be a flush in any order" classname="| C C C C C | 9 8 4 2 6 |" time="0"/>
  <testcase name="| C C C C C | 9 8 4 2 6 |" classname="| C C C C C | 9 8 4 2 6 |" time="0"/>
  <testcase name="Given A set of cards with &quot;C C C C C&quot; and &quot;9 8 4 6 2&quot;" classname="| C C C C C | 9 8 4 6 2 |" time="0"/>
  <testcase name="Then the hand should be a flush in any order" classname="| C C C C C | 9 8 4 6 2 |" time="0"/>
  <testcase name="| C C C C C | 9 8 4 6 2 |" classname="| C C C C C | 9 8 4 6 2 |" time="0"/>
  <testcase name="Given A set of cards with &quot;C C C C C&quot; and &quot;9 8 6 2 4&quot;" classname="| C C C C C | 9 8 6 2 4 |" time="0"/>
  <testcase name="Then the hand should be a flush in any order" classname="| C C C C C | 9 8 6 2 4 |" time="0"/>
  <testcase name="| C C C C C | 9 8 6 2 4 |" classname="| C C C C C | 9 8 6 2 4 |" time="0.001"/>
  <testcase name="Given A set of cards with &quot;C C C C C&quot; and &quot;9 8 6 4 2&quot;" classname="| C C C C C | 9 8 6 4 2 |" time="0"/>
  <testcase name="Then the hand should be a flush in any order" classname="| C C C C C | 9 8 6 4 2 |" time="0"/>
  <testcase name="| C C C C C | 9 8 6 4 2 |" classname="| C C C C C | 9 8 6 4 2 |" time="0"/>
  <testcase name="Given A set of cards with &quot;C D H S C&quot; and &quot;3 4 5 6 7&quot;" classname="| C D H S C | 3 4 5 6 7 |" time="0"/>
  <testcase name="Then the hand should be a straight in any order" classname="| C D H S C | 3 4 5 6 7 |" time="0"/>
  <testcase name="| C D H S C | 3 4 5 6 7 |" classname="| C D H S C | 3 4 5 6 7 |" time="0"/>
  <testcase name="Given A set of cards with &quot;C D H S C&quot; and &quot;3 4 5 7 6&quot;" classname="| C D H S C | 3 4 5 7 6 |" time="0"/>
  <testcase name="Then the hand should be a straight in any order" classname="| C D H S C | 3 4 5 7 6 |" time="0"/>
  <testcase name="| C D H S C | 3 4 5 7 6 |" classname="| C D H S C | 3 4 5 7 6 |" time="0"/>
  <testcase name="Given A set of cards with &quot;C D H S C&quot; and &quot;3 4 6 5 7&quot;" classname="| C D H S C | 3 4 6 5 7 |" time="0"/>
  <testcase name="Then the hand should be a straight in any order" classname="| C D H S C | 3 4 6 5 7 |" time="0"/>
  <testcase name="| C D H S C | 3 4 6 5 7 |" classname="| C D H S C | 3 4 6 5 7 |" time="0"/>
  <testcase name="Given A set of cards with &quot;C D H S C&quot; and &quot;3 4 6 7 5&quot;" classname="| C D H S C | 3 4 6 7 5 |" time="0"/>
  <testcase name="Then the hand should be a straight in any order" classname="| C D H S C | 3 4 6 7 5 |" time="0"/>
  <testcase name="| C D H S C | 3 4 6 7 5 |" classname="| C D H S C | 3 4 6 7 5 |" time="0"/>
  <testcase name="Given A set of cards with &quot;C D H S C&quot; and &quot;3 4 7 5 6&quot;" classname="| C D H S C | 3 4 7 5 6 |" time="0"/>
  <testcase name="Then the hand should be a straight in any order" classname="| C D H S C | 3 4 7 5 6 |" time="0"/>
  <testcase name="| C D H S C | 3 4 7 5 6 |" classname="| C D H S C | 3 4 7 5 6 |" time="0"/>
  <testcase name="Given A set of cards with &quot;C D H S C&quot; and &quot;3 4 7 6 5&quot;" classname="| C D H S C | 3 4 7 6 5 |" time="0"/>
  <testcase name="Then the hand should be a straight in any order" classname="| C D H S C | 3 4 7 6 5 |" time="0"/>
  <testcase name="| C D H S C | 3 4 7 6 5 |" classname="| C D H S C | 3 4 7 6 5 |" time="0"/>
  <testcase name="Given A set of cards with &quot;C D H S C&quot; and &quot;3 5 4 6 7&quot;" classname="| C D H S C | 3 5 4 6 7 |" time="0"/>
  <testcase name="Then the hand should be a straight in any order" classname="| C D H S C | 3 5 4 6 7 |" time="0"/>
  <testcase name="| C D H S C | 3 5 4 6 7 |" classname="| C D H S C | 3 5 4 6 7 |" time="0"/>
  <testcase name="Given A set of cards with &quot;C D H S C&quot; and &quot;3 5 4 7 6&quot;" classname="| C D H S C | 3 5 4 7 6 |" time="0"/>
  <testcase name="Then the hand should be a straight in any order" classname="| C D H S C | 3 5 4 7 6 |" time="0"/>
  <testcase name="| C D H S C | 3 5 4 7 6 |" classname="| C D H S C | 3 5 4 7 6 |" time="0"/>
  <testcase name="Given A set of cards with &quot;C D H S C&quot; and &quot;3 5 6 4 7&quot;" classname="| C D H S C | 3 5 6 4 7 |" time="0"/>
  <testcase name="Then the hand should be a straight in any order" classname="| C D H S C | 3 5 6 4 7 |" time="0"/>
  <testcase name="| C D H S C | 3 5 6 4 7 |" classname="| C D H S C | 3 5 6 4 7 |" time="0"/>
  <testcase name="Given A set of cards with &quot;C D H S C&quot; and &quot;3 5 6 7 4&quot;" classname="| C D H S C | 3 5 6 7 4 |" time="0"/>
  <testcase name="Then the hand should be a straight in any order" classname="| C D H S C | 3 5 6 7 4 |" time="0"/>
  <testcase name="| C D H S C | 3 5 6 7 4 |" classname="| C D H S C | 3 5 6 7 4 |" time="0"/>
  <testcase name="Given A set of cards with &quot;C D H S C&quot; and &quot;3 5 7 4 6&quot;" classname="| C D H S C | 3 5 7 4 6 |" time="0"/>
  <testcase name="Then the hand should be a straight in any order" classname="| C D H S C | 3 5 7 4 6 |" time="0"/>
  <testcase name="| C D H S C | 3 5 7 4 6 |" classname="| C D H S C | 3 5 7 4 6 |" time="0"/>
  <testcase name="Given A set of cards with &quot;C D H S C&quot; and &quot;3 5 7 6 4&quot;" classname="| C D H S C | 3 5 7 6 4 |" time="0"/>
  <testcase name="Then the hand should be a straight in any order" classname="| C D H S C | 3 5 7 6 4 |" time="0"/>
  <testcase name="| C D H S C | 3 5 7 6 4 |" classname="| C D H S C | 3 5 7 6 4 |" time="0"/>
  <testcase name="Given A set of cards with &quot;C D H S C&quot; and &quot;3 6 4 5 7&quot;" classname="| C D H S C | 3 6 4 5 7 |" time="0"/>
  <testcase name="Then the hand should be a straight in any order" classname="| C D H S C | 3 6 4 5 7 |" time="0"/>
  <testcase name="| C D H S C | 3 6 4 5 7 |" classname="| C D H S C | 3 6 4 5 7 |" time="0"/>
  <testcase name="Given A set of cards with &quot;C D H S C&quot; and &quot;3 6 4 7 5&quot;" classname="| C D H S C | 3 6 4 7 5 |" time="0"/>
  <testcase name="Then the hand should be a straight in any order" classname="| C D H S C | 3 6 4 7 5 |" time="0"/>
  <testcase name="| C D H S C | 3 6 4 7 5 |" classname="| C D H S C | 3 6 4 7 5 |" time="0"/>
  <testcase name="Given A set of cards with &quot;C D H S C&quot; and &quot;3 6 5 4 7&quot;" classname="| C D H S C | 3 6 5 4 7 |" time="0"/>
  <testcase name="Then the hand should be a straight in any order" classname="| C D H S C | 3 6 5 4 7 |" time="0"/>
  <testcase name="| C D H S C | 3 6 5 4 7 |" classname="| C D H S C | 3 6 5 4 7 |" time="0"/>
  <testcase name="Given A set of cards with &quot;C D H S C&quot; and &quot;3 6 5 7 4&quot;" classname="| C D H S C | 3 6 5 7 4 |" time="0"/>
  <testcase name="Then the hand should be a straight in any order" classname="| C D H S C | 3 6 5 7 4 |" time="0"/>
  <testcase name="| C D H S C | 3 6 5 7 4 |" classname="| C D H S C | 3 6 5 7 4 |" time="0"/>
  <testcase name="Given A set of cards with &quot;C D H S C&quot; and &quot;3 6 7 4 5&quot;" classname="| C D H S C | 3 6 7 4 5 |" time="0"/>
  <testcase name="Then the hand should be a straight in any order" classname="| C D H S C | 3 6 7 4 5 |" time="0"/>
  <testcase name="| C D H S C | 3 6 7 4 5 |" classname="| C D H S C | 3 6 7 4 5 |" time="0"/>
  <testcase name="Given A set of cards with &quot;C D H S C&quot; and &quot;3 6 7 5 4&quot;" classname="| C D H S C | 3 6 7 5 4 |" time="0"/>
  <testcase name="Then the hand should be a straight in any order" classname="| C D H S C | 3 6 7 5 4 |" time="0"/>
  <testcase name="| C D H S C | 3 6 7 5 4 |" classname="| C D H S C | 3 6 7 5 4 |" time="0"/>
  <testcase name="Given A set of cards with &quot;C D H S C&quot; and &quot;3 7 4 5 6&quot;" classname="| C D H S C | 3 7 4 5 6 |" time="0"/>
  <testcase name="Then the hand should be a straight in any order" classname="| C D H S C | 3 7 4 5 6 |" time="0"/>
  <testcase name="| C D H S C | 3 7 4 5 6 |" classname="| C D H S C | 3 7 4 5 6 |" time="0"/>
  <testcase name="Given A set of cards with &quot;C D H S C&quot; and &quot;3 7 4 6 5&quot;" classname="| C D H S C | 3 7 4 6 5 |" time="0"/>
  <testcase name="Then the hand should be a straight in any order" classname="| C D H S C | 3 7 4 6 5 |" time="0"/>
  <testcase name="| C D H S C | 3 7 4 6 5 |" classname="| C D H S C | 3 7 4 6 5 |" time="0"/>
  <testcase name="Given A set of cards with &quot;C D H S C&quot; and &quot;3 7 5 4 6&quot;" classname="| C D H S C | 3 7 5 4 6 |" time="0"/>
  <testcase name="Then the hand should be a straight in any order" classname="| C D H S C | 3 7 5 4 6 |" time="0"/>
  <testcase name="| C D H S C | 3 7 5 4 6 |" classname="| C D H S C | 3 7 5 4 6 |" time="0"/>
  <testcase name="Given A set of cards with &quot;C D H S C&quot; and &quot;3 7 5 6 4&quot;" classname="| C D H S C | 3 7 5 6 4 |" time="0"/>
  <testcase name="Then the hand should be a straight in any order" classname="| C D H S C | 3 7 5 6 4 |" time="0"/>
  <testcase name="| C D H S C | 3 7 5 6 4 |" classname="| C D H S C | 3 7 5 6 4 |" time="0"/>
  <testcase name="Given A set of cards with &quot;C D H S C&quot; and &quot;3 7 6 4 5&quot;" classname="| C D H S C | 3 7 6 4 5 |" time="0"/>
  <testcase name="Then the hand should be a straight in any order" classname="| C D H S C | 3 7 6 4 5 |" time="0"/>
  <testcase name="| C D H S C | 3 7 6 4 5 |" classname="| C D H S C | 3 7 6 4 5 |" time="0"/>
  <testcase name="Given A set of cards with &quot;C D H S C&quot; and &quot;3 7 6 5 4&quot;" classname="| C D H S C | 3 7 6 5 4 |" time="0"/>
  <testcase name="Then the hand should be a straight in any order" classname="| C D H S C | 3 7 6 5 4 |" time="0"/>
  <testcase name="| C D H S C | 3 7 6 5 4 |" classname="| C D H S C | 3 7 6 5 4 |" time="0"/>
  <testcase name="Given A set of cards with &quot;C D H S C&quot; and &quot;4 3 5 6 7&quot;" classname="| C D H S C | 4 3 5 6 7 |" time="0"/>
  <testcase name="Then the hand should be a straight in any order" classname="| C D H S C | 4 3 5 6 7 |" time="0"/>
  <testcase name="| C D H S C | 4 3 5 6 7 |" classname="| C D H S C | 4 3 5 6 7 |" time="0"/>
  <testcase name="Given A set of cards with &quot;C D H S C&quot; and &quot;4 3 5 7 6&quot;" classname="| C D H S C | 4 3 5 7 6 |" time="0"/>
  <testcase name="Then the hand should be a straight in any order" classname="| C D H S C | 4 3 5 7 6 |" time="0"/>
  <testcase name="| C D H S C | 4 3 5 7 6 |" classname="| C D H S C | 4 3 5 7 6 |" time="0"/>
  <testcase name="Given A set of cards with &quot;C D H S C&quot; and &quot;4 3 6 5 7&quot;" classname="| C D H S C | 4 3 6 5 7 |" time="0"/>
  <testcase name="Then the hand should be a straight in any order" classname="| C D H S C | 4 3 6 5 7 |" time="0"/>
  <testcase name="| C D H S C | 4 3 6 5 7 |" classname="| C D H S C | 4 3 6 5 7 |" time="0"/>
  <testcase name="Given A set of cards with &quot;C D H S C&quot; and &quot;4 3 6 7 5&quot;" classname="| C D H S C | 4 3 6 7 5 |" time="0"/>
  <testcase name="Then the hand should be a straight in any order" classname="| C D H S C | 4 3 6 7 5 |" time="0"/>
  <testcase name="| C D H S C | 4 3 6 7 5 |" classname="| C D H S C | 4 3 6 7 5 |" time="0"/>
  <testcase name="Given A set of cards with &quot;C D H S C&quot; and &quot;4 3 7 5 6&quot;" classname="| C D H S C | 4 3 7 5 6 |" time="0"/>
  <testcase name="Then the hand should be a straight in any order" classname="| C D H S C | 4 3 7 5 6 |" time="0"/>
  <testcase name="| C D H S C | 4 3 7 5 6 |" classname="| C D H S C | 4 3 7 5 6 |" time="0"/>
  <testcase name="Given A set of cards with &quot;C D H S C&quot; and &quot;4 3 7 6 5&quot;" classname="| C D H S C | 4 3 7 6 5 |" time="0"/>
  <testcase name="Then the hand should be a straight in any order" classname="| C D H S C | 4 3 7 6 5 |" time="0"/>
  <testcase name="| C D H S C | 4 3 7 6 5 |" classname="| C D H S C | 4 3 7 6 5 |" time="0"/>
  <testcase name="Given A set of cards with &quot;C D H S C&quot; and &quot;4 5 3 6 7&quot;" classname="| C D H S C | 4 5 3 6 7 |" time="0"/>
  <testcase name="Then the hand should be a straight in any order" classname="| C D H S C | 4 5 3 6 7 |" time="0"/>
  <testcase name="| C D H S C | 4 5 3 6 7 |" classname="| C D H S C | 4 5 3 6 7 |" time="0"/>
  <testcase name="Given A set of cards with &quot;C D H S C&quot; and &quot;4 5 3 7 6&quot;" classname="| C D H S C | 4 5 3 7 6 |" time="0"/>
  <testcase name="Then the hand should be a straight in any order" classname="| C D H S C | 4 5 3 7 6 |" time="0"/>
  <testcase name="| C D H S C | 4 5 3 7 6 |" classname="| C D H S C | 4 5 3 7 6 |" time="0"/>
  <testcase name="Given A set of cards with &quot;C D H S C&quot; and &quot;4 5 6 3 7&quot;" classname="| C D H S C | 4 5 6 3 7 |" time="0"/>
  <testcase name="Then the hand should be a straight in any order" classname="| C D H S C | 4 5 6 3 7 |" time="0.001"/>
  <testcase name="| C D H S C | 4 5 6 3 7 |" classname="| C D H S C | 4 5 6 3 7 |" time="0.001"/>
  <testcase name="Given A set of cards with &quot;C D H S C&quot; and &quot;4 5 6 7 3&quot;" classname="| C D H S C | 4 5 6 7 3 |" time="0"/>
  <testcase name="Then the hand should be a straight in any order" classname="| C D H S C | 4 5 6 7 3 |" time="0"/>
  <testcase name="| C D H S C | 4 5 6 7 3 |" classname="| C D H S C | 4 5 6 7 3 |" time="0"/>
  <testcase name="Given A set of cards with &quot;C D H S C&quot; and &quot;4 5 7 3 6&quot;" classname="| C D H S C | 4 5 7 3 6 |" time="0"/>
  <testcase name="Then the hand should be a straight in any order" classname="| C D H S C | 4 5 7 3 6 |" time="0"/>
  <testcase name="| C D H S C | 4 5 7 3 6 |" classname="| C D H S C | 4 5 7 3 6 |" time="0"/>
  <testcase name="Given A set of cards with &quot;C D H S C&quot; and &quot;4 5 7 6 3&quot;" classname="| C D H S C | 4 5 7 6 3 |" time="0"/>
  <testcase name="Then the hand should be a straight in any order" classname="| C D H S C | 4 5 7 6 3 |" time="0"/>
  <testcase name="| C D H S C | 4 5 7 6 3 |" classname="| C D H S C | 4 5 7 6 3 |" time="0"/>
  <testcase name="Given A set of cards with &quot;C D H S C&quot; and &quot;4 6 3 5 7&quot;" classname="| C D H S C | 4 6 3 5 7 |" time="0"/>
  <testcase name="Then the hand should be a straight in any order" classname="| C D H S C | 4 6 3 5 7 |" time="0.001"/>
  <testcase name="| C D H S C | 4 6 3 5 7 |" classname="| C D H S C | 4 6 3 5 7 |" time="0.001"/>
  <testcase name="Given A set of cards with &quot;C D H S C&quot; and &quot;4 6 3 7 5&quot;" classname="| C D H S C | 4 6 3 7 5 |" time="0"/>
  <testcase name="Then the hand should be a straight in any order" classname="| C D H S C | 4 6 3 7 5 |" time="0"/>
  <testcase name="| C D H S C | 4 6 3 7 5 |" classname="| C D H S C | 4 6 3 7 5 |" time="0"/>
  <testcase name="Given A set of cards with &quot;C D H S C&quot; and &quot;4 6 5 3 7&quot;" classname="| C D H S C | 4 6 5 3 7 |" time="0"/>
  <testcase name="Then the hand should be a straight in any order" classname="| C D H S C | 4 6 5 3 7 |" time="0"/>
  <testcase name="| C D H S C | 4 6 5 3 7 |" classname="| C D H S C | 4 6 5 3 7 |" time="0"/>
  <testcase name="Given A set of cards with &quot;C D H S C&quot; and &quot;4 6 5 7 3&quot;" classname="| C D H S C | 4 6 5 7 3 |" time="0"/>
  <testcase name="Then the hand should be a straight in any order" classname="| C D H S C | 4 6 5 7 3 |" time="0"/>
  <testcase name="| C D H S C | 4 6 5 7 3 |" classname="| C D H S C | 4 6 5 7 3 |" time="0"/>
  <testcase name="Given A set of cards with &quot;C D H S C&quot; and &quot;4 6 7 3 5&quot;" classname="| C D H S C | 4 6 7 3 5 |" time="0"/>
  <testcase name="Then the hand should be a straight in any order" classname="| C D H S C | 4 6 7 3 5 |" time="0"/>
  <testcase name="| C D H S C | 4 6 7 3 5 |" classname="| C D H S C | 4 6 7 3 5 |" time="0.001"/>
  <testcase name="Given A set of cards with &quot;C D H S C&quot; and &quot;4 6 7 5 3&quot;" classname="| C D H S C | 4 6 7 5 3 |" time="0"/>
  <testcase name="Then the hand should be a straight in any order" classname="| C D H S C | 4 6 7 5 3 |" time="0"/>
  <testcase name="| C D H S C | 4 6 7 5 3 |" classname="| C D H S C | 4 6 7 5 3 |" time="0"/>
  <testcase name="Given A set of cards with &quot;C D H S C&quot; and &quot;4 7 3 5 6&quot;" classname="| C D H S C | 4 7 3 5 6 |" time="0"/>
  <testcase name="Then the hand should be a straight in any order" classname="| C D H S C | 4 7 3 5 6 |" time="0"/>
[...]
  <testcase name="Then the hand should be a straight in any order" classname="| C D H S C | 7 6 4 3 5 |" time="0"/>
  <testcase name="| C D H S C | 7 6 4 3 5 |" classname="| C D H S C | 7 6 4 3 5 |" time="0"/>
  <testcase name="Given A set of cards with &quot;C D H S C&quot; and &quot;7 6 4 5 3&quot;" classname="| C D H S C | 7 6 4 5 3 |" time="0"/>
  <testcase name="Then the hand should be a straight in any order" classname="| C D H S C | 7 6 4 5 3 |" time="0"/>
  <testcase name="| C D H S C | 7 6 4 5 3 |" classname="| C D H S C | 7 6 4 5 3 |" time="0.001"/>
  <testcase name="Given A set of cards with &quot;C D H S C&quot; and &quot;7 6 5 3 4&quot;" classname="| C D H S C | 7 6 5 3 4 |" time="0"/>
  <testcase name="Then the hand should be a straight in any order" classname="| C D H S C | 7 6 5 3 4 |" time="0"/>
  <testcase name="| C D H S C | 7 6 5 3 4 |" classname="| C D H S C | 7 6 5 3 4 |" time="0"/>
  <testcase name="Given A set of cards with &quot;C D H S C&quot; and &quot;7 6 5 4 3&quot;" classname="| C D H S C | 7 6 5 4 3 |" time="0"/>
  <testcase name="Then the hand should be a straight in any order" classname="| C D H S C | 7 6 5 4 3 |" time="0"/>
  <testcase name="| C D H S C | 7 6 5 4 3 |" classname="| C D H S C | 7 6 5 4 3 |" time="0"/>
  <testcase name="Given A set of cards with &quot;C H S S D&quot; and &quot;2 2 2 10 5&quot;" classname="| C H S S D | 2 2 2 10 5 |" time="0"/>
  <testcase name="Given A set of cards with &quot;C H S S D&quot; and &quot;2 2 2 10 5&quot;" classname="| C H S S D | 2 2 2 10 5 |" time="0"/>
  <testcase name="Then the hand should be a three of a kind in any order" classname="| C H S S D | 2 2 2 10 5 |" time="0"/>
  <testcase name="Then the hand should be a three of a kind in any order" classname="| C H S S D | 2 2 2 10 5 |" time="0"/>
  <testcase name="| C H S S D | 2 2 2 10 5 |" classname="| C H S S D | 2 2 2 10 5 |" time="0"/>
  <testcase name="| C H S S D | 2 2 2 10 5 |" classname="| C H S S D | 2 2 2 10 5 |" time="0"/>
  <testcase name="Given A set of cards with &quot;C H S S D&quot; and &quot;2 2 2 5 10&quot;" classname="| C H S S D | 2 2 2 5 10 |" time="0"/>
  <testcase name="Then the hand should be a three of a kind in any order" classname="| C H S S D | 2 2 2 5 10 |" time="0"/>
  <testcase name="| C H S S D | 2 2 2 5 10 |" classname="| C H S S D | 2 2 2 5 10 |" time="0"/>
  <testcase name="Given A set of cards with &quot;C H S S D&quot; and &quot;2 2 5 2 10&quot;" classname="| C H S S D | 2 2 5 2 10 |" time="0"/>
  <testcase name="Then the hand should be a three of a kind in any order" classname="| C H S S D | 2 2 5 2 10 |" time="0"/>
  <testcase name="| C H S S D | 2 2 5 2 10 |" classname="| C H S S D | 2 2 5 2 10 |" time="0"/>
  <testcase name="Given A set of cards with &quot;C H S S D&quot; and &quot;2 2 5 10 2&quot;" classname="| C H S S D | 2 2 5 10 2 |" time="0"/>
  <testcase name="Then the hand should be a three of a kind in any order" classname="| C H S S D | 2 2 5 10 2 |" time="0"/>
  <testcase name="| C H S S D | 2 2 5 10 2 |" classname="| C H S S D | 2 2 5 10 2 |" time="0"/>
  <testcase name="Given A set of cards with &quot;C H S S D&quot; and &quot;2 2 10 2 5&quot;" classname="| C H S S D | 2 2 10 2 5 |" time="0"/>
  <testcase name="Then the hand should be a three of a kind in any order" classname="| C H S S D | 2 2 10 2 5 |" time="0"/>
  <testcase name="| C H S S D | 2 2 10 2 5 |" classname="| C H S S D | 2 2 10 2 5 |" time="0"/>
  <testcase name="Given A set of cards with &quot;C H S S D&quot; and &quot;2 2 10 5 2&quot;" classname="| C H S S D | 2 2 10 5 2 |" time="0"/>
  <testcase name="Then the hand should be a three of a kind in any order" classname="| C H S S D | 2 2 10 5 2 |" time="0"/>
  <testcase name="| C H S S D | 2 2 10 5 2 |" classname="| C H S S D | 2 2 10 5 2 |" time="0"/>
  <testcase name="Given A set of cards with &quot;C H S S D&quot; and &quot;2 5 2 2 10&quot;" classname="| C H S S D | 2 5 2 2 10 |" time="0"/>
  <testcase name="Then the hand should be a three of a kind in any order" classname="| C H S S D | 2 5 2 2 10 |" time="0"/>
  <testcase name="| C H S S D | 2 5 2 2 10 |" classname="| C H S S D | 2 5 2 2 10 |" time="0"/>
  <testcase name="Given A set of cards with &quot;C H S S D&quot; and &quot;2 5 2 10 2&quot;" classname="| C H S S D | 2 5 2 10 2 |" time="0"/>
  <testcase name="Then the hand should be a three of a kind in any order" classname="| C H S S D | 2 5 2 10 2 |" time="0"/>
  <testcase name="| C H S S D | 2 5 2 10 2 |" classname="| C H S S D | 2 5 2 10 2 |" time="0"/>
  <testcase name="Given A set of cards with &quot;C H S S D&quot; and &quot;2 5 10 2 2&quot;" classname="| C H S S D | 2 5 10 2 2 |" time="0"/>
  <testcase name="Then the hand should be a three of a kind in any order" classname="| C H S S D | 2 5 10 2 2 |" time="0"/>
  <testcase name="| C H S S D | 2 5 10 2 2 |" classname="| C H S S D | 2 5 10 2 2 |" time="0"/>
  <testcase name="Given A set of cards with &quot;C H S S D&quot; and &quot;2 10 2 2 5&quot;" classname="| C H S S D | 2 10 2 2 5 |" time="0"/>
  <testcase name="Then the hand should be a three of a kind in any order" classname="| C H S S D | 2 10 2 2 5 |" time="0"/>
  <testcase name="| C H S S D | 2 10 2 2 5 |" classname="| C H S S D | 2 10 2 2 5 |" time="0"/>
  <testcase name="Given A set of cards with &quot;C H S S D&quot; and &quot;2 10 2 5 2&quot;" classname="| C H S S D | 2 10 2 5 2 |" time="0"/>
  <testcase name="Then the hand should be a three of a kind in any order" classname="| C H S S D | 2 10 2 5 2 |" time="0"/>
  <testcase name="| C H S S D | 2 10 2 5 2 |" classname="| C H S S D | 2 10 2 5 2 |" time="0"/>
  <testcase name="Given A set of cards with &quot;C H S S D&quot; and &quot;2 10 5 2 2&quot;" classname="| C H S S D | 2 10 5 2 2 |" time="0"/>
  <testcase name="Then the hand should be a three of a kind in any order" classname="| C H S S D | 2 10 5 2 2 |" time="0"/>
  <testcase name="| C H S S D | 2 10 5 2 2 |" classname="| C H S S D | 2 10 5 2 2 |" time="0"/>
  <testcase name="Given A set of cards with &quot;C H S S D&quot; and &quot;5 2 2 2 10&quot;" classname="| C H S S D | 5 2 2 2 10 |" time="0"/>
  <testcase name="Then the hand should be a three of a kind in any order" classname="| C H S S D | 5 2 2 2 10 |" time="0"/>
  <testcase name="| C H S S D | 5 2 2 2 10 |" classname="| C H S S D | 5 2 2 2 10 |" time="0"/>
  <testcase name="Given A set of cards with &quot;C H S S D&quot; and &quot;5 2 2 10 2&quot;" classname="| C H S S D | 5 2 2 10 2 |" time="0"/>
  <testcase name="Then the hand should be a three of a kind in any order" classname="| C H S S D | 5 2 2 10 2 |" time="0"/>
  <testcase name="| C H S S D | 5 2 2 10 2 |" classname="| C H S S D | 5 2 2 10 2 |" time="0"/>
  <testcase name="Given A set of cards with &quot;C H S S D&quot; and &quot;5 2 10 2 2&quot;" classname="| C H S S D | 5 2 10 2 2 |" time="0"/>
  <testcase name="Then the hand should be a three of a kind in any order" classname="| C H S S D | 5 2 10 2 2 |" time="0"/>
  <testcase name="| C H S S D | 5 2 10 2 2 |" classname="| C H S S D | 5 2 10 2 2 |" time="0"/>
  <testcase name="Given A set of cards with &quot;C H S S D&quot; and &quot;5 10 2 2 2&quot;" classname="| C H S S D | 5 10 2 2 2 |" time="0"/>
  <testcase name="Then the hand should be a three of a kind in any order" classname="| C H S S D | 5 10 2 2 2 |" time="0"/>
  <testcase name="| C H S S D | 5 10 2 2 2 |" classname="| C H S S D | 5 10 2 2 2 |" time="0"/>
  <testcase name="Given A set of cards with &quot;C H S S D&quot; and &quot;10 2 2 2 5&quot;" classname="| C H S S D | 10 2 2 2 5 |" time="0"/>
  <testcase name="Then the hand should be a three of a kind in any order" classname="| C H S S D | 10 2 2 2 5 |" time="0"/>
  <testcase name="| C H S S D | 10 2 2 2 5 |" classname="| C H S S D | 10 2 2 2 5 |" time="0"/>
  <testcase name="Given A set of cards with &quot;C H S S D&quot; and &quot;10 2 2 5 2&quot;" classname="| C H S S D | 10 2 2 5 2 |" time="0"/>
  <testcase name="Then the hand should be a three of a kind in any order" classname="| C H S S D | 10 2 2 5 2 |" time="0"/>
  <testcase name="| C H S S D | 10 2 2 5 2 |" classname="| C H S S D | 10 2 2 5 2 |" time="0"/>
  <testcase name="Given A set of cards with &quot;C H S S D&quot; and &quot;10 2 5 2 2&quot;" classname="| C H S S D | 10 2 5 2 2 |" time="0"/>
  <testcase name="Then the hand should be a three of a kind in any order" classname="| C H S S D | 10 2 5 2 2 |" time="0"/>
  <testcase name="| C H S S D | 10 2 5 2 2 |" classname="| C H S S D | 10 2 5 2 2 |" time="0"/>
  <testcase name="Given A set of cards with &quot;C H S S D&quot; and &quot;10 5 2 2 2&quot;" classname="| C H S S D | 10 5 2 2 2 |" time="0"/>
  <testcase name="Then the hand should be a three of a kind in any order" classname="| C H S S D | 10 5 2 2 2 |" time="0"/>
  <testcase name="| C H S S D | 10 5 2 2 2 |" classname="| C H S S D | 10 5 2 2 2 |" time="0"/>
  <testcase name="Given A set of cards with &quot;C S H D C&quot; and &quot;2 4 4 9 9&quot;" classname="| C S H D C | 2 4 4 9 9 |" time="0"/>
  <testcase name="Then the hand should be a two pair in any order" classname="| C S H D C | 2 4 4 9 9 |" time="0"/>
  <testcase name="| C S H D C | 2 4 4 9 9 |" classname="| C S H D C | 2 4 4 9 9 |" time="0"/>
  <testcase name="Given A set of cards with &quot;C S H D C&quot; and &quot;2 4 9 4 9&quot;" classname="| C S H D C | 2 4 9 4 9 |" time="0"/>
  <testcase name="Then the hand should be a two pair in any order" classname="| C S H D C | 2 4 9 4 9 |" time="0"/>
  <testcase name="| C S H D C | 2 4 9 4 9 |" classname="| C S H D C | 2 4 9 4 9 |" time="0"/>
  <testcase name="Given A set of cards with &quot;C S H D C&quot; and &quot;2 4 9 9 4&quot;" classname="| C S H D C | 2 4 9 9 4 |" time="0"/>
  <testcase name="Then the hand should be a two pair in any order" classname="| C S H D C | 2 4 9 9 4 |" time="0"/>
  <testcase name="| C S H D C | 2 4 9 9 4 |" classname="| C S H D C | 2 4 9 9 4 |" time="0"/>
  <testcase name="Given A set of cards with &quot;C S H D C&quot; and &quot;2 9 4 4 9&quot;" classname="| C S H D C | 2 9 4 4 9 |" time="0"/>
  <testcase name="Then the hand should be a two pair in any order" classname="| C S H D C | 2 9 4 4 9 |" time="0"/>
  <testcase name="| C S H D C | 2 9 4 4 9 |" classname="| C S H D C | 2 9 4 4 9 |" time="0"/>
  <testcase name="Given A set of cards with &quot;C S H D C&quot; and &quot;2 9 4 9 4&quot;" classname="| C S H D C | 2 9 4 9 4 |" time="0"/>
  <testcase name="Then the hand should be a two pair in any order" classname="| C S H D C | 2 9 4 9 4 |" time="0"/>
  <testcase name="| C S H D C | 2 9 4 9 4 |" classname="| C S H D C | 2 9 4 9 4 |" time="0"/>
  <testcase name="Given A set of cards with &quot;C S H D C&quot; and &quot;2 9 9 4 4&quot;" classname="| C S H D C | 2 9 9 4 4 |" time="0"/>
  <testcase name="Then the hand should be a two pair in any order" classname="| C S H D C | 2 9 9 4 4 |" time="0"/>
  <testcase name="| C S H D C | 2 9 9 4 4 |" classname="| C S H D C | 2 9 9 4 4 |" time="0"/>
  <testcase name="Given A set of cards with &quot;C S H D C&quot; and &quot;4 2 4 9 9&quot;" classname="| C S H D C | 4 2 4 9 9 |" time="0"/>
  <testcase name="Then the hand should be a two pair in any order" classname="| C S H D C | 4 2 4 9 9 |" time="0"/>
  <testcase name="| C S H D C | 4 2 4 9 9 |" classname="| C S H D C | 4 2 4 9 9 |" time="0"/>
  <testcase name="Given A set of cards with &quot;C S H D C&quot; and &quot;4 2 9 4 9&quot;" classname="| C S H D C | 4 2 9 4 9 |" time="0"/>
  <testcase name="Then the hand should be a two pair in any order" classname="| C S H D C | 4 2 9 4 9 |" time="0"/>
  <testcase name="| C S H D C | 4 2 9 4 9 |" classname="| C S H D C | 4 2 9 4 9 |" time="0"/>
  <testcase name="Given A set of cards with &quot;C S H D C&quot; and &quot;4 2 9 9 4&quot;" classname="| C S H D C | 4 2 9 9 4 |" time="0"/>
  <testcase name="Then the hand should be a two pair in any order" classname="| C S H D C | 4 2 9 9 4 |" time="0"/>
  <testcase name="| C S H D C | 4 2 9 9 4 |" classname="| C S H D C | 4 2 9 9 4 |" time="0"/>
  <testcase name="Given A set of cards with &quot;C S H D C&quot; and &quot;4 4 2 9 9&quot;" classname="| C S H D C | 4 4 2 9 9 |" time="0"/>
  <testcase name="Then the hand should be a two pair in any order" classname="| C S H D C | 4 4 2 9 9 |" time="0"/>
  <testcase name="| C S H D C | 4 4 2 9 9 |" classname="| C S H D C | 4 4 2 9 9 |" time="0"/>
  <testcase name="Given A set of cards with &quot;C S H D C&quot; and &quot;4 4 9 2 9&quot;" classname="| C S H D C | 4 4 9 2 9 |" time="0"/>
  <testcase name="Then the hand should be a two pair in any order" classname="| C S H D C | 4 4 9 2 9 |" time="0"/>
  <testcase name="| C S H D C | 4 4 9 2 9 |" classname="| C S H D C | 4 4 9 2 9 |" time="0.001"/>
  <testcase name="Given A set of cards with &quot;C S H D C&quot; and &quot;4 4 9 9 2&quot;" classname="| C S H D C | 4 4 9 9 2 |" time="0"/>
  <testcase name="Then the hand should be a two pair in any order" classname="| C S H D C | 4 4 9 9 2 |" time="0"/>
  <testcase name="| C S H D C | 4 4 9 9 2 |" classname="| C S H D C | 4 4 9 9 2 |" time="0"/>
  <testcase name="Given A set of cards with &quot;C S H D C&quot; and &quot;4 9 2 4 9&quot;" classname="| C S H D C | 4 9 2 4 9 |" time="0"/>
  <testcase name="Then the hand should be a two pair in any order" classname="| C S H D C | 4 9 2 4 9 |" time="0"/>
  <testcase name="| C S H D C | 4 9 2 4 9 |" classname="| C S H D C | 4 9 2 4 9 |" time="0"/>
  <testcase name="Given A set of cards with &quot;C S H D C&quot; and &quot;4 9 2 9 4&quot;" classname="| C S H D C | 4 9 2 9 4 |" time="0"/>
  <testcase name="Then the hand should be a two pair in any order" classname="| C S H D C | 4 9 2 9 4 |" time="0"/>
  <testcase name="| C S H D C | 4 9 2 9 4 |" classname="| C S H D C | 4 9 2 9 4 |" time="0"/>
  <testcase name="Given A set of cards with &quot;C S H D C&quot; and &quot;4 9 4 2 9&quot;" classname="| C S H D C | 4 9 4 2 9 |" time="0"/>
  <testcase name="Then the hand should be a two pair in any order" classname="| C S H D C | 4 9 4 2 9 |" time="0"/>
  <testcase name="| C S H D C | 4 9 4 2 9 |" classname="| C S H D C | 4 9 4 2 9 |" time="0"/>
  <testcase name="Given A set of cards with &quot;C S H D C&quot; and &quot;4 9 4 9 2&quot;" classname="| C S H D C | 4 9 4 9 2 |" time="0"/>
  <testcase name="Then the hand should be a two pair in any order" classname="| C S H D C | 4 9 4 9 2 |" time="0"/>
  <testcase name="| C S H D C | 4 9 4 9 2 |" classname="| C S H D C | 4 9 4 9 2 |" time="0"/>
  <testcase name="Given A set of cards with &quot;C S H D C&quot; and &quot;4 9 9 2 4&quot;" classname="| C S H D C | 4 9 9 2 4 |" time="0"/>
  <testcase name="Then the hand should be a two pair in any order" classname="| C S H D C | 4 9 9 2 4 |" time="0"/>
  <testcase name="| C S H D C | 4 9 9 2 4 |" classname="| C S H D C | 4 9 9 2 4 |" time="0"/>
  <testcase name="Given A set of cards with &quot;C S H D C&quot; and &quot;4 9 9 4 2&quot;" classname="| C S H D C | 4 9 9 4 2 |" time="0"/>
  <testcase name="Then the hand should be a two pair in any order" classname="| C S H D C | 4 9 9 4 2 |" time="0"/>
  <testcase name="| C S H D C | 4 9 9 4 2 |" classname="| C S H D C | 4 9 9 4 2 |" time="0"/>
  <testcase name="Given A set of cards with &quot;C S H D C&quot; and &quot;9 2 4 4 9&quot;" classname="| C S H D C | 9 2 4 4 9 |" time="0"/>
  <testcase name="Then the hand should be a two pair in any order" classname="| C S H D C | 9 2 4 4 9 |" time="0"/>
  <testcase name="| C S H D C | 9 2 4 4 9 |" classname="| C S H D C | 9 2 4 4 9 |" time="0"/>
  <testcase name="Given A set of cards with &quot;C S H D C&quot; and &quot;9 2 4 9 4&quot;" classname="| C S H D C | 9 2 4 9 4 |" time="0"/>
  <testcase name="Then the hand should be a two pair in any order" classname="| C S H D C | 9 2 4 9 4 |" time="0"/>
  <testcase name="| C S H D C | 9 2 4 9 4 |" classname="| C S H D C | 9 2 4 9 4 |" time="0"/>
  <testcase name="Given A set of cards with &quot;C S H D C&quot; and &quot;9 2 9 4 4&quot;" classname="| C S H D C | 9 2 9 4 4 |" time="0"/>
  <testcase name="Then the hand should be a two pair in any order" classname="| C S H D C | 9 2 9 4 4 |" time="0"/>
  <testcase name="| C S H D C | 9 2 9 4 4 |" classname="| C S H D C | 9 2 9 4 4 |" time="0"/>
  <testcase name="Given A set of cards with &quot;C S H D C&quot; and &quot;9 4 2 4 9&quot;" classname="| C S H D C | 9 4 2 4 9 |" time="0"/>
  <testcase name="Then the hand should be a two pair in any order" classname="| C S H D C | 9 4 2 4 9 |" time="0"/>
  <testcase name="| C S H D C | 9 4 2 4 9 |" classname="| C S H D C | 9 4 2 4 9 |" time="0"/>
  <testcase name="Given A set of cards with &quot;C S H D C&quot; and &quot;9 4 2 9 4&quot;" classname="| C S H D C | 9 4 2 9 4 |" time="0"/>
  <testcase name="Then the hand should be a two pair in any order" classname="| C S H D C | 9 4 2 9 4 |" time="0"/>
  <testcase name="| C S H D C | 9 4 2 9 4 |" classname="| C S H D C | 9 4 2 9 4 |" time="0"/>
  <testcase name="Given A set of cards with &quot;C S H D C&quot; and &quot;9 4 4 2 9&quot;" classname="| C S H D C | 9 4 4 2 9 |" time="0"/>
  <testcase name="Then the hand should be a two pair in any order" classname="| C S H D C | 9 4 4 2 9 |" time="0"/>
  <testcase name="| C S H D C | 9 4 4 2 9 |" classname="| C S H D C | 9 4 4 2 9 |" time="0"/>
  <testcase name="Given A set of cards with &quot;C S H D C&quot; and &quot;9 4 4 9 2&quot;" classname="| C S H D C | 9 4 4 9 2 |" time="0"/>
  <testcase name="Then the hand should be a two pair in any order" classname="| C S H D C | 9 4 4 9 2 |" time="0"/>
  <testcase name="| C S H D C | 9 4 4 9 2 |" classname="| C S H D C | 9 4 4 9 2 |" time="0"/>
  <testcase name="Given A set of cards with &quot;C S H D C&quot; and &quot;9 4 9 2 4&quot;" classname="| C S H D C | 9 4 9 2 4 |" time="0"/>
  <testcase name="Then the hand should be a two pair in any order" classname="| C S H D C | 9 4 9 2 4 |" time="0"/>
  <testcase name="| C S H D C | 9 4 9 2 4 |" classname="| C S H D C | 9 4 9 2 4 |" time="0"/>
  <testcase name="Given A set of cards with &quot;C S H D C&quot; and &quot;9 4 9 4 2&quot;" classname="| C S H D C | 9 4 9 4 2 |" time="0"/>
  <testcase name="Then the hand should be a two pair in any order" classname="| C S H D C | 9 4 9 4 2 |" time="0"/>
  <testcase name="| C S H D C | 9 4 9 4 2 |" classname="| C S H D C | 9 4 9 4 2 |" time="0"/>
  <testcase name="Given A set of cards with &quot;C S H D C&quot; and &quot;9 9 2 4 4&quot;" classname="| C S H D C | 9 9 2 4 4 |" time="0"/>
  <testcase name="Then the hand should be a two pair in any order" classname="| C S H D C | 9 9 2 4 4 |" time="0"/>
  <testcase name="| C S H D C | 9 9 2 4 4 |" classname="| C S H D C | 9 9 2 4 4 |" time="0"/>
  <testcase name="Given A set of cards with &quot;C S H D C&quot; and &quot;9 9 4 2 4&quot;" classname="| C S H D C | 9 9 4 2 4 |" time="0"/>
  <testcase name="Then the hand should be a two pair in any order" classname="| C S H D C | 9 9 4 2 4 |" time="0"/>
  <testcase name="| C S H D C | 9 9 4 2 4 |" classname="| C S H D C | 9 9 4 2 4 |" time="0"/>
  <testcase name="Given A set of cards with &quot;C S H D C&quot; and &quot;9 9 4 4 2&quot;" classname="| C S H D C | 9 9 4 4 2 |" time="0"/>
  <testcase name="Then the hand should be a two pair in any order" classname="| C S H D C | 9 9 4 4 2 |" time="0"/>
  <testcase name="| C S H D C | 9 9 4 4 2 |" classname="| C S H D C | 9 9 4 4 2 |" time="0"/>
  <testcase name="Given I have input files" classname="Scenario: Run The Program" time="0"/>
  <testcase name="When I run the program" classname="Scenario: Run The Program" time="0"/>
  <testcase name="Then the result should be that the program is run" classname="Scenario: Run The Program" time="0"/>
  <testcase name="Scenario: Run The Program" classname="Scenario: Run The Program" time="0"/>
</testsuite>