<?xml version="1.0" encoding="UTF-8"?>
<testsuite xmlns:xsi="http://www.w3.org/2001/XMLSchema-instance" xsi:noNamespaceSchemaLocation="https://maven.apache.org/surefire/maven-surefire-plugin/xsd/surefire-test-report.xsd" name="comp4004.a1.DeckTest" time="0" tests="3" errors="0" skipped="0" failures="0">
  <properties>
[...]
</properties>
  <testcase name="removeCards" classname="comp4004.a1.DeckTest" time="0"/>
  <testcase name="draw" classname="comp4004.a1.DeckTest" time="0"/>
  <testcase name="sizeOfDeck" classname="comp4004.a1.DeckTest" time="0"/>
</testsuite>